ARM GAS  C:\Users\kroko\AppData\Local\Temp\ccP6vYrD.s 			page 1


   1              		.cpu cortex-m4
   2              		.arch armv7e-m
   3              		.fpu fpv4-sp-d16
   4              		.eabi_attribute 27, 1
   5              		.eabi_attribute 28, 1
   6              		.eabi_attribute 20, 1
   7              		.eabi_attribute 21, 1
   8              		.eabi_attribute 23, 3
   9              		.eabi_attribute 24, 1
  10              		.eabi_attribute 25, 1
  11              		.eabi_attribute 26, 1
  12              		.eabi_attribute 30, 1
  13              		.eabi_attribute 34, 1
  14              		.eabi_attribute 18, 4
  15              		.file	"spim.c"
  16              		.text
  17              	.Ltext0:
  18              		.cfi_sections	.debug_frame
  19              		.file 1 "Core/Src/spim.c"
  20              		.section	.text.HAL_SPI_TxCpltCallback,"ax",%progbits
  21              		.align	1
  22              		.global	HAL_SPI_TxCpltCallback
  23              		.syntax unified
  24              		.thumb
  25              		.thumb_func
  27              	HAL_SPI_TxCpltCallback:
  28              	.LVL0:
  29              	.LFB134:
   1:Core/Src/spim.c **** #include <stm32f4xx_hal_gpio.h>
   2:Core/Src/spim.c **** #include <stm32f4xx_hal_spi.h>
   3:Core/Src/spim.c **** #include <stm32f4xx_hal_dma.h>
   4:Core/Src/spim.c **** #include <stm32f4xx_hal_rcc.h>
   5:Core/Src/spim.c **** #include "spim.h"
   6:Core/Src/spim.c **** 
   7:Core/Src/spim.c **** SPI_HandleTypeDef hspi;
   8:Core/Src/spim.c **** DMA_HandleTypeDef hdma_spi1_tx;
   9:Core/Src/spim.c **** void (*spi_end)(void);
  10:Core/Src/spim.c **** 
  11:Core/Src/spim.c **** void HAL_SPI_TxCpltCallback(SPI_HandleTypeDef *spihandle) {
  30              		.loc 1 11 59 view -0
  31              		.cfi_startproc
  32              		@ args = 0, pretend = 0, frame = 0
  33              		@ frame_needed = 0, uses_anonymous_args = 0
  34              		.loc 1 11 59 is_stmt 0 view .LVU1
  35 0000 08B5     		push	{r3, lr}
  36              		.cfi_def_cfa_offset 8
  37              		.cfi_offset 3, -8
  38              		.cfi_offset 14, -4
  12:Core/Src/spim.c **** 	if (&hspi == spihandle)
  39              		.loc 1 12 2 is_stmt 1 view .LVU2
  40              		.loc 1 12 5 is_stmt 0 view .LVU3
  41 0002 054B     		ldr	r3, .L5
  42 0004 8342     		cmp	r3, r0
  43 0006 00D0     		beq	.L4
  44              	.LVL1:
  45              	.L1:
  13:Core/Src/spim.c **** 		if (spi_end)
ARM GAS  C:\Users\kroko\AppData\Local\Temp\ccP6vYrD.s 			page 2


  14:Core/Src/spim.c **** 			spi_end();
  15:Core/Src/spim.c **** }
  46              		.loc 1 15 1 view .LVU4
  47 0008 08BD     		pop	{r3, pc}
  48              	.LVL2:
  49              	.L4:
  13:Core/Src/spim.c **** 		if (spi_end)
  50              		.loc 1 13 3 is_stmt 1 view .LVU5
  13:Core/Src/spim.c **** 		if (spi_end)
  51              		.loc 1 13 7 is_stmt 0 view .LVU6
  52 000a 044B     		ldr	r3, .L5+4
  53 000c 1B68     		ldr	r3, [r3]
  13:Core/Src/spim.c **** 		if (spi_end)
  54              		.loc 1 13 6 view .LVU7
  55 000e 002B     		cmp	r3, #0
  56 0010 FAD0     		beq	.L1
  14:Core/Src/spim.c **** }
  57              		.loc 1 14 4 is_stmt 1 view .LVU8
  58 0012 9847     		blx	r3
  59              	.LVL3:
  60              		.loc 1 15 1 is_stmt 0 view .LVU9
  61 0014 F8E7     		b	.L1
  62              	.L6:
  63 0016 00BF     		.align	2
  64              	.L5:
  65 0018 00000000 		.word	hspi
  66 001c 00000000 		.word	spi_end
  67              		.cfi_endproc
  68              	.LFE134:
  70              		.section	.text.spi_init,"ax",%progbits
  71              		.align	1
  72              		.global	spi_init
  73              		.syntax unified
  74              		.thumb
  75              		.thumb_func
  77              	spi_init:
  78              	.LVL4:
  79              	.LFB135:
  16:Core/Src/spim.c **** 
  17:Core/Src/spim.c **** void spi_init(uint8_t word16bit) {
  80              		.loc 1 17 34 is_stmt 1 view -0
  81              		.cfi_startproc
  82              		@ args = 0, pretend = 0, frame = 0
  83              		@ frame_needed = 0, uses_anonymous_args = 0
  84              		.loc 1 17 34 is_stmt 0 view .LVU11
  85 0000 08B5     		push	{r3, lr}
  86              		.cfi_def_cfa_offset 8
  87              		.cfi_offset 3, -8
  88              		.cfi_offset 14, -4
  18:Core/Src/spim.c **** 	hspi.Init.DataSize = word16bit ? SPI_DATASIZE_16BIT : SPI_DATASIZE_8BIT;
  89              		.loc 1 18 2 is_stmt 1 view .LVU12
  90              		.loc 1 18 54 is_stmt 0 view .LVU13
  91 0002 30B1     		cbz	r0, .L9
  92              		.loc 1 18 54 discriminator 1 view .LVU14
  93 0004 4FF40063 		mov	r3, #2048
  94              	.L8:
  95              		.loc 1 18 21 discriminator 4 view .LVU15
ARM GAS  C:\Users\kroko\AppData\Local\Temp\ccP6vYrD.s 			page 3


  96 0008 0348     		ldr	r0, .L11
  97              	.LVL5:
  98              		.loc 1 18 21 discriminator 4 view .LVU16
  99 000a C360     		str	r3, [r0, #12]
  19:Core/Src/spim.c **** 	HAL_SPI_Init(&hspi);
 100              		.loc 1 19 2 is_stmt 1 view .LVU17
 101 000c FFF7FEFF 		bl	HAL_SPI_Init
 102              	.LVL6:
  20:Core/Src/spim.c **** }
 103              		.loc 1 20 1 is_stmt 0 view .LVU18
 104 0010 08BD     		pop	{r3, pc}
 105              	.LVL7:
 106              	.L9:
  18:Core/Src/spim.c **** 	hspi.Init.DataSize = word16bit ? SPI_DATASIZE_16BIT : SPI_DATASIZE_8BIT;
 107              		.loc 1 18 54 discriminator 2 view .LVU19
 108 0012 0023     		movs	r3, #0
 109 0014 F8E7     		b	.L8
 110              	.L12:
 111 0016 00BF     		.align	2
 112              	.L11:
 113 0018 00000000 		.word	hspi
 114              		.cfi_endproc
 115              	.LFE135:
 117              		.section	.text.spim_init,"ax",%progbits
 118              		.align	1
 119              		.global	spim_init
 120              		.syntax unified
 121              		.thumb
 122              		.thumb_func
 124              	spim_init:
 125              	.LVL8:
 126              	.LFB136:
  21:Core/Src/spim.c **** 
  22:Core/Src/spim.c **** 
  23:Core/Src/spim.c **** void spim_init(SPI_TypeDef *SPIx, uint8_t fastSpeed) {
 127              		.loc 1 23 54 is_stmt 1 view -0
 128              		.cfi_startproc
 129              		@ args = 0, pretend = 0, frame = 40
 130              		@ frame_needed = 0, uses_anonymous_args = 0
 131              		.loc 1 23 54 is_stmt 0 view .LVU21
 132 0000 70B5     		push	{r4, r5, r6, lr}
 133              		.cfi_def_cfa_offset 16
 134              		.cfi_offset 4, -16
 135              		.cfi_offset 5, -12
 136              		.cfi_offset 6, -8
 137              		.cfi_offset 14, -4
 138 0002 8AB0     		sub	sp, sp, #40
 139              		.cfi_def_cfa_offset 56
 140 0004 0446     		mov	r4, r0
 141 0006 0D46     		mov	r5, r1
  24:Core/Src/spim.c **** 	__HAL_RCC_GPIOA_CLK_ENABLE();
 142              		.loc 1 24 2 is_stmt 1 view .LVU22
 143              	.LBB2:
 144              		.loc 1 24 2 view .LVU23
 145 0008 0021     		movs	r1, #0
 146              	.LVL9:
 147              		.loc 1 24 2 is_stmt 0 view .LVU24
ARM GAS  C:\Users\kroko\AppData\Local\Temp\ccP6vYrD.s 			page 4


 148 000a 0191     		str	r1, [sp, #4]
 149              		.loc 1 24 2 is_stmt 1 view .LVU25
 150 000c 414B     		ldr	r3, .L20
 151 000e 1A6B     		ldr	r2, [r3, #48]
 152 0010 42F00102 		orr	r2, r2, #1
 153 0014 1A63     		str	r2, [r3, #48]
 154              		.loc 1 24 2 view .LVU26
 155 0016 1B6B     		ldr	r3, [r3, #48]
 156 0018 03F00103 		and	r3, r3, #1
 157 001c 0193     		str	r3, [sp, #4]
 158              		.loc 1 24 2 view .LVU27
 159 001e 019B     		ldr	r3, [sp, #4]
 160              	.LBE2:
 161              		.loc 1 24 2 view .LVU28
  25:Core/Src/spim.c **** 
  26:Core/Src/spim.c **** 	GPIO_InitTypeDef GPIO_InitStruct;
 162              		.loc 1 26 2 view .LVU29
  27:Core/Src/spim.c **** 	GPIO_InitStruct.Pin = GPIO_PIN_4 | GPIO_PIN_5 | GPIO_PIN_7;
 163              		.loc 1 27 2 view .LVU30
 164              		.loc 1 27 22 is_stmt 0 view .LVU31
 165 0020 B023     		movs	r3, #176
 166 0022 0593     		str	r3, [sp, #20]
  28:Core/Src/spim.c **** 	GPIO_InitStruct.Mode = GPIO_MODE_AF_PP;
 167              		.loc 1 28 2 is_stmt 1 view .LVU32
 168              		.loc 1 28 23 is_stmt 0 view .LVU33
 169 0024 0223     		movs	r3, #2
 170 0026 0693     		str	r3, [sp, #24]
  29:Core/Src/spim.c **** 	GPIO_InitStruct.Pull = GPIO_NOPULL;
 171              		.loc 1 29 2 is_stmt 1 view .LVU34
 172              		.loc 1 29 23 is_stmt 0 view .LVU35
 173 0028 0791     		str	r1, [sp, #28]
  30:Core/Src/spim.c **** 	GPIO_InitStruct.Speed = GPIO_SPEED_FREQ_VERY_HIGH;
 174              		.loc 1 30 2 is_stmt 1 view .LVU36
 175              		.loc 1 30 24 is_stmt 0 view .LVU37
 176 002a 0323     		movs	r3, #3
 177 002c 0893     		str	r3, [sp, #32]
  31:Core/Src/spim.c **** 	GPIO_InitStruct.Alternate = GPIO_AF5_SPI1;
 178              		.loc 1 31 2 is_stmt 1 view .LVU38
 179              		.loc 1 31 28 is_stmt 0 view .LVU39
 180 002e 0523     		movs	r3, #5
 181 0030 0993     		str	r3, [sp, #36]
  32:Core/Src/spim.c **** 	HAL_GPIO_Init(GPIOA, &GPIO_InitStruct);
 182              		.loc 1 32 2 is_stmt 1 view .LVU40
 183 0032 05A9     		add	r1, sp, #20
 184 0034 3848     		ldr	r0, .L20+4
 185              	.LVL10:
 186              		.loc 1 32 2 is_stmt 0 view .LVU41
 187 0036 FFF7FEFF 		bl	HAL_GPIO_Init
 188              	.LVL11:
  33:Core/Src/spim.c **** 
  34:Core/Src/spim.c **** 	if (SPIx == SPI1)
 189              		.loc 1 34 2 is_stmt 1 view .LVU42
 190              		.loc 1 34 5 is_stmt 0 view .LVU43
 191 003a 384B     		ldr	r3, .L20+8
 192 003c 9C42     		cmp	r4, r3
 193 003e 5AD0     		beq	.L19
  35:Core/Src/spim.c **** 		__HAL_RCC_SPI1_CLK_ENABLE();
ARM GAS  C:\Users\kroko\AppData\Local\Temp\ccP6vYrD.s 			page 5


  36:Core/Src/spim.c **** 	else
  37:Core/Src/spim.c **** 		__HAL_RCC_SPI2_CLK_ENABLE();
 194              		.loc 1 37 3 is_stmt 1 view .LVU44
 195              	.LBB3:
 196              		.loc 1 37 3 view .LVU45
 197 0040 0023     		movs	r3, #0
 198 0042 0393     		str	r3, [sp, #12]
 199              		.loc 1 37 3 view .LVU46
 200 0044 334B     		ldr	r3, .L20
 201 0046 1A6C     		ldr	r2, [r3, #64]
 202 0048 42F48042 		orr	r2, r2, #16384
 203 004c 1A64     		str	r2, [r3, #64]
 204              		.loc 1 37 3 view .LVU47
 205 004e 1B6C     		ldr	r3, [r3, #64]
 206 0050 03F48043 		and	r3, r3, #16384
 207 0054 0393     		str	r3, [sp, #12]
 208              		.loc 1 37 3 view .LVU48
 209 0056 039B     		ldr	r3, [sp, #12]
 210              	.L15:
 211              	.LBE3:
 212              		.loc 1 37 3 discriminator 1 view .LVU49
  38:Core/Src/spim.c **** 
  39:Core/Src/spim.c **** 	__HAL_SPI_DISABLE(&hspi);
 213              		.loc 1 39 2 view .LVU50
 214 0058 314B     		ldr	r3, .L20+12
 215 005a 1968     		ldr	r1, [r3]
 216 005c 0A68     		ldr	r2, [r1]
 217 005e 22F04002 		bic	r2, r2, #64
 218 0062 0A60     		str	r2, [r1]
  40:Core/Src/spim.c **** 	hspi.Instance = SPIx;
 219              		.loc 1 40 2 view .LVU51
 220              		.loc 1 40 16 is_stmt 0 view .LVU52
 221 0064 1C60     		str	r4, [r3]
  41:Core/Src/spim.c **** 	hspi.Init.Direction = SPI_DIRECTION_2LINES;
 222              		.loc 1 41 2 is_stmt 1 view .LVU53
 223              		.loc 1 41 22 is_stmt 0 view .LVU54
 224 0066 0022     		movs	r2, #0
 225 0068 9A60     		str	r2, [r3, #8]
  42:Core/Src/spim.c **** 	hspi.Init.Mode = SPI_MODE_MASTER;
 226              		.loc 1 42 2 is_stmt 1 view .LVU55
 227              		.loc 1 42 17 is_stmt 0 view .LVU56
 228 006a 4FF48271 		mov	r1, #260
 229 006e 5960     		str	r1, [r3, #4]
  43:Core/Src/spim.c **** 	hspi.Init.CLKPolarity = SPI_POLARITY_HIGH;
 230              		.loc 1 43 2 is_stmt 1 view .LVU57
 231              		.loc 1 43 24 is_stmt 0 view .LVU58
 232 0070 0221     		movs	r1, #2
 233 0072 1961     		str	r1, [r3, #16]
  44:Core/Src/spim.c **** 	hspi.Init.CLKPhase = SPI_PHASE_2EDGE;
 234              		.loc 1 44 2 is_stmt 1 view .LVU59
 235              		.loc 1 44 21 is_stmt 0 view .LVU60
 236 0074 0121     		movs	r1, #1
 237 0076 5961     		str	r1, [r3, #20]
  45:Core/Src/spim.c **** 	hspi.Init.NSS = SPI_NSS_HARD_OUTPUT;
 238              		.loc 1 45 2 is_stmt 1 view .LVU61
 239              		.loc 1 45 16 is_stmt 0 view .LVU62
 240 0078 4FF48021 		mov	r1, #262144
ARM GAS  C:\Users\kroko\AppData\Local\Temp\ccP6vYrD.s 			page 6


 241 007c 9961     		str	r1, [r3, #24]
  46:Core/Src/spim.c **** 	hspi.Init.FirstBit = SPI_FIRSTBIT_MSB;
 242              		.loc 1 46 2 is_stmt 1 view .LVU63
 243              		.loc 1 46 21 is_stmt 0 view .LVU64
 244 007e 1A62     		str	r2, [r3, #32]
  47:Core/Src/spim.c **** 	hspi.Init.BaudRatePrescaler =
 245              		.loc 1 47 2 is_stmt 1 view .LVU65
  48:Core/Src/spim.c **** 			fastSpeed ? SPI_BAUDRATEPRESCALER_2 : SPI_BAUDRATEPRESCALER_64;
 246              		.loc 1 48 40 is_stmt 0 view .LVU66
 247 0080 002D     		cmp	r5, #0
 248 0082 45D0     		beq	.L17
 249              		.loc 1 48 40 discriminator 1 view .LVU67
 250 0084 1346     		mov	r3, r2
 251              	.L16:
  47:Core/Src/spim.c **** 	hspi.Init.BaudRatePrescaler =
 252              		.loc 1 47 30 view .LVU68
 253 0086 264E     		ldr	r6, .L20+12
 254 0088 F361     		str	r3, [r6, #28]
  49:Core/Src/spim.c **** 	spi_init(0);
 255              		.loc 1 49 2 is_stmt 1 view .LVU69
 256 008a 0020     		movs	r0, #0
 257 008c FFF7FEFF 		bl	spi_init
 258              	.LVL12:
  50:Core/Src/spim.c **** 
  51:Core/Src/spim.c **** 	// DMA controller clock enable
  52:Core/Src/spim.c **** 	__HAL_RCC_DMA2_CLK_ENABLE();
 259              		.loc 1 52 2 view .LVU70
 260              	.LBB4:
 261              		.loc 1 52 2 view .LVU71
 262 0090 0025     		movs	r5, #0
 263              	.LVL13:
 264              		.loc 1 52 2 is_stmt 0 view .LVU72
 265 0092 0495     		str	r5, [sp, #16]
 266              		.loc 1 52 2 is_stmt 1 view .LVU73
 267 0094 1F4B     		ldr	r3, .L20
 268 0096 1A6B     		ldr	r2, [r3, #48]
 269 0098 42F48002 		orr	r2, r2, #4194304
 270 009c 1A63     		str	r2, [r3, #48]
 271              		.loc 1 52 2 view .LVU74
 272 009e 1B6B     		ldr	r3, [r3, #48]
 273 00a0 03F48003 		and	r3, r3, #4194304
 274 00a4 0493     		str	r3, [sp, #16]
 275              		.loc 1 52 2 view .LVU75
 276 00a6 049B     		ldr	r3, [sp, #16]
 277              	.LBE4:
 278              		.loc 1 52 2 view .LVU76
  53:Core/Src/spim.c **** 
  54:Core/Src/spim.c **** 	// SPI1 DMA Init
  55:Core/Src/spim.c **** 	// SPI1_TX Init
  56:Core/Src/spim.c **** 	hdma_spi1_tx.Instance = DMA2_Stream2;
 279              		.loc 1 56 2 view .LVU77
 280              		.loc 1 56 24 is_stmt 0 view .LVU78
 281 00a8 1E4C     		ldr	r4, .L20+16
 282              	.LVL14:
 283              		.loc 1 56 24 view .LVU79
 284 00aa 1F4B     		ldr	r3, .L20+20
 285 00ac 2360     		str	r3, [r4]
ARM GAS  C:\Users\kroko\AppData\Local\Temp\ccP6vYrD.s 			page 7


  57:Core/Src/spim.c **** 	hdma_spi1_tx.Init.Channel = DMA_CHANNEL_2;
 286              		.loc 1 57 2 is_stmt 1 view .LVU80
 287              		.loc 1 57 28 is_stmt 0 view .LVU81
 288 00ae 4FF08063 		mov	r3, #67108864
 289 00b2 6360     		str	r3, [r4, #4]
  58:Core/Src/spim.c **** 	hdma_spi1_tx.Init.Direction = DMA_MEMORY_TO_PERIPH;
 290              		.loc 1 58 2 is_stmt 1 view .LVU82
 291              		.loc 1 58 30 is_stmt 0 view .LVU83
 292 00b4 4023     		movs	r3, #64
 293 00b6 A360     		str	r3, [r4, #8]
  59:Core/Src/spim.c **** 	hdma_spi1_tx.Init.PeriphInc = DMA_PINC_DISABLE;
 294              		.loc 1 59 2 is_stmt 1 view .LVU84
 295              		.loc 1 59 30 is_stmt 0 view .LVU85
 296 00b8 E560     		str	r5, [r4, #12]
  60:Core/Src/spim.c **** 	hdma_spi1_tx.Init.MemInc = DMA_MINC_ENABLE;
 297              		.loc 1 60 2 is_stmt 1 view .LVU86
 298              		.loc 1 60 27 is_stmt 0 view .LVU87
 299 00ba 4FF48063 		mov	r3, #1024
 300 00be 2361     		str	r3, [r4, #16]
  61:Core/Src/spim.c **** 	hdma_spi1_tx.Init.PeriphDataAlignment = DMA_PDATAALIGN_BYTE;
 301              		.loc 1 61 2 is_stmt 1 view .LVU88
 302              		.loc 1 61 40 is_stmt 0 view .LVU89
 303 00c0 6561     		str	r5, [r4, #20]
  62:Core/Src/spim.c **** 	hdma_spi1_tx.Init.MemDataAlignment = DMA_MDATAALIGN_BYTE;
 304              		.loc 1 62 2 is_stmt 1 view .LVU90
 305              		.loc 1 62 37 is_stmt 0 view .LVU91
 306 00c2 A561     		str	r5, [r4, #24]
  63:Core/Src/spim.c **** 	hdma_spi1_tx.Init.Mode = DMA_NORMAL;
 307              		.loc 1 63 2 is_stmt 1 view .LVU92
 308              		.loc 1 63 25 is_stmt 0 view .LVU93
 309 00c4 E561     		str	r5, [r4, #28]
  64:Core/Src/spim.c **** 	hdma_spi1_tx.Init.Priority = DMA_PRIORITY_HIGH;	// DMA_PRIORITY_LOW;
 310              		.loc 1 64 2 is_stmt 1 view .LVU94
 311              		.loc 1 64 29 is_stmt 0 view .LVU95
 312 00c6 4FF40033 		mov	r3, #131072
 313 00ca 2362     		str	r3, [r4, #32]
  65:Core/Src/spim.c **** 	hdma_spi1_tx.Init.FIFOMode = DMA_FIFOMODE_DISABLE;
 314              		.loc 1 65 2 is_stmt 1 view .LVU96
 315              		.loc 1 65 29 is_stmt 0 view .LVU97
 316 00cc 6562     		str	r5, [r4, #36]
  66:Core/Src/spim.c **** 	HAL_DMA_Init(&hdma_spi1_tx);
 317              		.loc 1 66 2 is_stmt 1 view .LVU98
 318 00ce 2046     		mov	r0, r4
 319 00d0 FFF7FEFF 		bl	HAL_DMA_Init
 320              	.LVL15:
  67:Core/Src/spim.c **** 
  68:Core/Src/spim.c **** 	hspi.hdmatx = &hdma_spi1_tx;
 321              		.loc 1 68 2 view .LVU99
 322              		.loc 1 68 14 is_stmt 0 view .LVU100
 323 00d4 B464     		str	r4, [r6, #72]
  69:Core/Src/spim.c **** 	hdma_spi1_tx.Parent = &hspi;
 324              		.loc 1 69 2 is_stmt 1 view .LVU101
 325              		.loc 1 69 22 is_stmt 0 view .LVU102
 326 00d6 A663     		str	r6, [r4, #56]
  70:Core/Src/spim.c **** 
  71:Core/Src/spim.c **** 	// DMA interrupt init
  72:Core/Src/spim.c **** 	// DMA2_Stream2_IRQn interrupt configuration
ARM GAS  C:\Users\kroko\AppData\Local\Temp\ccP6vYrD.s 			page 8


  73:Core/Src/spim.c **** 	HAL_NVIC_SetPriority(DMA2_Stream2_IRQn, 0, 0);
 327              		.loc 1 73 2 is_stmt 1 view .LVU103
 328 00d8 2A46     		mov	r2, r5
 329 00da 2946     		mov	r1, r5
 330 00dc 3A20     		movs	r0, #58
 331 00de FFF7FEFF 		bl	HAL_NVIC_SetPriority
 332              	.LVL16:
  74:Core/Src/spim.c **** 	HAL_NVIC_EnableIRQ(DMA2_Stream2_IRQn);
 333              		.loc 1 74 2 view .LVU104
 334 00e2 3A20     		movs	r0, #58
 335 00e4 FFF7FEFF 		bl	HAL_NVIC_EnableIRQ
 336              	.LVL17:
  75:Core/Src/spim.c **** 
  76:Core/Src/spim.c **** 	__HAL_SPI_ENABLE(&hspi);
 337              		.loc 1 76 2 view .LVU105
 338 00e8 3268     		ldr	r2, [r6]
 339 00ea 1368     		ldr	r3, [r2]
 340 00ec 43F04003 		orr	r3, r3, #64
 341 00f0 1360     		str	r3, [r2]
  77:Core/Src/spim.c **** }
 342              		.loc 1 77 1 is_stmt 0 view .LVU106
 343 00f2 0AB0     		add	sp, sp, #40
 344              		.cfi_remember_state
 345              		.cfi_def_cfa_offset 16
 346              		@ sp needed
 347 00f4 70BD     		pop	{r4, r5, r6, pc}
 348              	.LVL18:
 349              	.L19:
 350              		.cfi_restore_state
  35:Core/Src/spim.c **** 	else
 351              		.loc 1 35 3 is_stmt 1 view .LVU107
 352              	.LBB5:
  35:Core/Src/spim.c **** 	else
 353              		.loc 1 35 3 view .LVU108
 354 00f6 0023     		movs	r3, #0
 355 00f8 0293     		str	r3, [sp, #8]
  35:Core/Src/spim.c **** 	else
 356              		.loc 1 35 3 view .LVU109
 357 00fa 064B     		ldr	r3, .L20
 358 00fc 5A6C     		ldr	r2, [r3, #68]
 359 00fe 42F48052 		orr	r2, r2, #4096
 360 0102 5A64     		str	r2, [r3, #68]
  35:Core/Src/spim.c **** 	else
 361              		.loc 1 35 3 view .LVU110
 362 0104 5B6C     		ldr	r3, [r3, #68]
 363 0106 03F48053 		and	r3, r3, #4096
 364 010a 0293     		str	r3, [sp, #8]
  35:Core/Src/spim.c **** 	else
 365              		.loc 1 35 3 view .LVU111
 366 010c 029B     		ldr	r3, [sp, #8]
 367              	.LBE5:
  35:Core/Src/spim.c **** 	else
 368              		.loc 1 35 3 view .LVU112
 369 010e A3E7     		b	.L15
 370              	.L17:
  48:Core/Src/spim.c **** 	spi_init(0);
 371              		.loc 1 48 40 is_stmt 0 discriminator 2 view .LVU113
ARM GAS  C:\Users\kroko\AppData\Local\Temp\ccP6vYrD.s 			page 9


 372 0110 2823     		movs	r3, #40
 373 0112 B8E7     		b	.L16
 374              	.L21:
 375              		.align	2
 376              	.L20:
 377 0114 00380240 		.word	1073887232
 378 0118 00000240 		.word	1073872896
 379 011c 00300140 		.word	1073819648
 380 0120 00000000 		.word	hspi
 381 0124 00000000 		.word	hdma_spi1_tx
 382 0128 40640240 		.word	1073898560
 383              		.cfi_endproc
 384              	.LFE136:
 386              		.section	.text.SPI_send,"ax",%progbits
 387              		.align	1
 388              		.global	SPI_send
 389              		.syntax unified
 390              		.thumb
 391              		.thumb_func
 393              	SPI_send:
 394              	.LVL19:
 395              	.LFB137:
  78:Core/Src/spim.c **** 
  79:Core/Src/spim.c **** void SPI_send(SPI_TypeDef *SPIx, uint8_t word16bit, uint8_t *pBuff,
  80:Core/Src/spim.c **** 		uint16_t Len) {
 396              		.loc 1 80 17 is_stmt 1 view -0
 397              		.cfi_startproc
 398              		@ args = 0, pretend = 0, frame = 0
 399              		@ frame_needed = 0, uses_anonymous_args = 0
 400              		.loc 1 80 17 is_stmt 0 view .LVU115
 401 0000 38B5     		push	{r3, r4, r5, lr}
 402              		.cfi_def_cfa_offset 16
 403              		.cfi_offset 3, -16
 404              		.cfi_offset 4, -12
 405              		.cfi_offset 5, -8
 406              		.cfi_offset 14, -4
 407 0002 1D46     		mov	r5, r3
  81:Core/Src/spim.c **** 	if (SPIx == hspi.Instance) {
 408              		.loc 1 81 2 is_stmt 1 view .LVU116
 409              		.loc 1 81 18 is_stmt 0 view .LVU117
 410 0004 074B     		ldr	r3, .L26
 411              	.LVL20:
 412              		.loc 1 81 18 view .LVU118
 413 0006 1B68     		ldr	r3, [r3]
 414              		.loc 1 81 5 view .LVU119
 415 0008 8342     		cmp	r3, r0
 416 000a 00D0     		beq	.L25
 417              	.LVL21:
 418              	.L22:
  82:Core/Src/spim.c **** 		spi_init(word16bit);
  83:Core/Src/spim.c **** 		HAL_SPI_Transmit(&hspi, pBuff, Len, 100);
  84:Core/Src/spim.c **** 	}
  85:Core/Src/spim.c **** }
 419              		.loc 1 85 1 view .LVU120
 420 000c 38BD     		pop	{r3, r4, r5, pc}
 421              	.LVL22:
 422              	.L25:
ARM GAS  C:\Users\kroko\AppData\Local\Temp\ccP6vYrD.s 			page 10


 423              		.loc 1 85 1 view .LVU121
 424 000e 1446     		mov	r4, r2
  82:Core/Src/spim.c **** 		spi_init(word16bit);
 425              		.loc 1 82 3 is_stmt 1 view .LVU122
 426 0010 0846     		mov	r0, r1
 427              	.LVL23:
  82:Core/Src/spim.c **** 		spi_init(word16bit);
 428              		.loc 1 82 3 is_stmt 0 view .LVU123
 429 0012 FFF7FEFF 		bl	spi_init
 430              	.LVL24:
  83:Core/Src/spim.c **** 	}
 431              		.loc 1 83 3 is_stmt 1 view .LVU124
 432 0016 6423     		movs	r3, #100
 433 0018 2A46     		mov	r2, r5
 434 001a 2146     		mov	r1, r4
 435 001c 0148     		ldr	r0, .L26
 436 001e FFF7FEFF 		bl	HAL_SPI_Transmit
 437              	.LVL25:
 438              		.loc 1 85 1 is_stmt 0 view .LVU125
 439 0022 F3E7     		b	.L22
 440              	.L27:
 441              		.align	2
 442              	.L26:
 443 0024 00000000 		.word	hspi
 444              		.cfi_endproc
 445              	.LFE137:
 447              		.section	.text.SPI_send_dma,"ax",%progbits
 448              		.align	1
 449              		.global	SPI_send_dma
 450              		.syntax unified
 451              		.thumb
 452              		.thumb_func
 454              	SPI_send_dma:
 455              	.LVL26:
 456              	.LFB138:
  86:Core/Src/spim.c **** 
  87:Core/Src/spim.c **** void SPI_send_dma(SPI_TypeDef *SPIx, uint8_t word16bit, uint8_t *pBuff,
  88:Core/Src/spim.c **** 		uint16_t Len, void (*func)(void)) {
 457              		.loc 1 88 37 is_stmt 1 view -0
 458              		.cfi_startproc
 459              		@ args = 4, pretend = 0, frame = 0
 460              		@ frame_needed = 0, uses_anonymous_args = 0
 461              		.loc 1 88 37 is_stmt 0 view .LVU127
 462 0000 1146     		mov	r1, r2
 463              	.LVL27:
  89:Core/Src/spim.c **** 	if (SPIx == hspi.Instance) {
 464              		.loc 1 89 2 is_stmt 1 view .LVU128
 465              		.loc 1 89 18 is_stmt 0 view .LVU129
 466 0002 074A     		ldr	r2, .L35
 467              	.LVL28:
 468              		.loc 1 89 18 view .LVU130
 469 0004 1268     		ldr	r2, [r2]
 470              		.loc 1 89 5 view .LVU131
 471 0006 8242     		cmp	r2, r0
 472 0008 00D0     		beq	.L34
 473 000a 7047     		bx	lr
 474              	.L34:
ARM GAS  C:\Users\kroko\AppData\Local\Temp\ccP6vYrD.s 			page 11


  88:Core/Src/spim.c **** 	if (SPIx == hspi.Instance) {
 475              		.loc 1 88 37 view .LVU132
 476 000c 08B5     		push	{r3, lr}
 477              		.cfi_def_cfa_offset 8
 478              		.cfi_offset 3, -8
 479              		.cfi_offset 14, -4
  90:Core/Src/spim.c **** 		spi_end = func;
 480              		.loc 1 90 3 is_stmt 1 view .LVU133
 481              		.loc 1 90 11 is_stmt 0 view .LVU134
 482 000e 0298     		ldr	r0, [sp, #8]
 483              	.LVL29:
 484              		.loc 1 90 11 view .LVU135
 485 0010 044A     		ldr	r2, .L35+4
 486 0012 1060     		str	r0, [r2]
  91:Core/Src/spim.c **** 		//spi_init(word16bit);
  92:Core/Src/spim.c **** 		HAL_SPI_Transmit_DMA(&hspi, pBuff, Len);
 487              		.loc 1 92 3 is_stmt 1 view .LVU136
 488 0014 1A46     		mov	r2, r3
 489 0016 0248     		ldr	r0, .L35
 490 0018 FFF7FEFF 		bl	HAL_SPI_Transmit_DMA
 491              	.LVL30:
  93:Core/Src/spim.c **** 	}
  94:Core/Src/spim.c **** }
 492              		.loc 1 94 1 is_stmt 0 view .LVU137
 493 001c 08BD     		pop	{r3, pc}
 494              	.LVL31:
 495              	.L36:
 496              		.loc 1 94 1 view .LVU138
 497 001e 00BF     		.align	2
 498              	.L35:
 499 0020 00000000 		.word	hspi
 500 0024 00000000 		.word	spi_end
 501              		.cfi_endproc
 502              	.LFE138:
 504              		.section	.text.SPI_recv,"ax",%progbits
 505              		.align	1
 506              		.global	SPI_recv
 507              		.syntax unified
 508              		.thumb
 509              		.thumb_func
 511              	SPI_recv:
 512              	.LVL32:
 513              	.LFB139:
  95:Core/Src/spim.c **** 
  96:Core/Src/spim.c **** void SPI_recv(SPI_TypeDef *SPIx, uint8_t word16bit, uint8_t *pBuff,
  97:Core/Src/spim.c **** 		uint16_t Len) {
 514              		.loc 1 97 17 is_stmt 1 view -0
 515              		.cfi_startproc
 516              		@ args = 0, pretend = 0, frame = 0
 517              		@ frame_needed = 0, uses_anonymous_args = 0
 518              		.loc 1 97 17 is_stmt 0 view .LVU140
 519 0000 38B5     		push	{r3, r4, r5, lr}
 520              		.cfi_def_cfa_offset 16
 521              		.cfi_offset 3, -16
 522              		.cfi_offset 4, -12
 523              		.cfi_offset 5, -8
 524              		.cfi_offset 14, -4
ARM GAS  C:\Users\kroko\AppData\Local\Temp\ccP6vYrD.s 			page 12


 525 0002 1D46     		mov	r5, r3
  98:Core/Src/spim.c **** 	if (SPIx == hspi.Instance) {
 526              		.loc 1 98 2 is_stmt 1 view .LVU141
 527              		.loc 1 98 18 is_stmt 0 view .LVU142
 528 0004 074B     		ldr	r3, .L41
 529              	.LVL33:
 530              		.loc 1 98 18 view .LVU143
 531 0006 1B68     		ldr	r3, [r3]
 532              		.loc 1 98 5 view .LVU144
 533 0008 8342     		cmp	r3, r0
 534 000a 00D0     		beq	.L40
 535              	.LVL34:
 536              	.L37:
  99:Core/Src/spim.c **** 		spi_init(word16bit);
 100:Core/Src/spim.c **** 		HAL_SPI_Receive(&hspi, pBuff, Len, 100);
 101:Core/Src/spim.c **** 	}
 102:Core/Src/spim.c **** }
 537              		.loc 1 102 1 view .LVU145
 538 000c 38BD     		pop	{r3, r4, r5, pc}
 539              	.LVL35:
 540              	.L40:
 541              		.loc 1 102 1 view .LVU146
 542 000e 1446     		mov	r4, r2
  99:Core/Src/spim.c **** 		spi_init(word16bit);
 543              		.loc 1 99 3 is_stmt 1 view .LVU147
 544 0010 0846     		mov	r0, r1
 545              	.LVL36:
  99:Core/Src/spim.c **** 		spi_init(word16bit);
 546              		.loc 1 99 3 is_stmt 0 view .LVU148
 547 0012 FFF7FEFF 		bl	spi_init
 548              	.LVL37:
 100:Core/Src/spim.c **** 	}
 549              		.loc 1 100 3 is_stmt 1 view .LVU149
 550 0016 6423     		movs	r3, #100
 551 0018 2A46     		mov	r2, r5
 552 001a 2146     		mov	r1, r4
 553 001c 0148     		ldr	r0, .L41
 554 001e FFF7FEFF 		bl	HAL_SPI_Receive
 555              	.LVL38:
 556              		.loc 1 102 1 is_stmt 0 view .LVU150
 557 0022 F3E7     		b	.L37
 558              	.L42:
 559              		.align	2
 560              	.L41:
 561 0024 00000000 		.word	hspi
 562              		.cfi_endproc
 563              	.LFE139:
 565              		.section	.text.SPI_sendrecv,"ax",%progbits
 566              		.align	1
 567              		.global	SPI_sendrecv
 568              		.syntax unified
 569              		.thumb
 570              		.thumb_func
 572              	SPI_sendrecv:
 573              	.LVL39:
 574              	.LFB140:
 103:Core/Src/spim.c **** 
ARM GAS  C:\Users\kroko\AppData\Local\Temp\ccP6vYrD.s 			page 13


 104:Core/Src/spim.c **** uint16_t SPI_sendrecv(SPI_TypeDef *SPIx, uint8_t word16bit, void *pData) {
 575              		.loc 1 104 74 is_stmt 1 view -0
 576              		.cfi_startproc
 577              		@ args = 0, pretend = 0, frame = 8
 578              		@ frame_needed = 0, uses_anonymous_args = 0
 579              		.loc 1 104 74 is_stmt 0 view .LVU152
 580 0000 10B5     		push	{r4, lr}
 581              		.cfi_def_cfa_offset 8
 582              		.cfi_offset 4, -8
 583              		.cfi_offset 14, -4
 584 0002 84B0     		sub	sp, sp, #16
 585              		.cfi_def_cfa_offset 24
 105:Core/Src/spim.c **** 	uint8_t result = 0;
 586              		.loc 1 105 2 is_stmt 1 view .LVU153
 587              		.loc 1 105 10 is_stmt 0 view .LVU154
 588 0004 0023     		movs	r3, #0
 589 0006 8DF80F30 		strb	r3, [sp, #15]
 106:Core/Src/spim.c **** 
 107:Core/Src/spim.c **** 	if (SPIx == hspi.Instance) {
 590              		.loc 1 107 2 is_stmt 1 view .LVU155
 591              		.loc 1 107 18 is_stmt 0 view .LVU156
 592 000a 0B4B     		ldr	r3, .L47
 593 000c 1B68     		ldr	r3, [r3]
 594              		.loc 1 107 5 view .LVU157
 595 000e 8342     		cmp	r3, r0
 596 0010 03D0     		beq	.L46
 597              	.LVL40:
 598              	.L44:
 108:Core/Src/spim.c **** 		spi_init(word16bit);
 109:Core/Src/spim.c **** 		HAL_SPI_TransmitReceive(&hspi, pData, &result, 1, 100);
 110:Core/Src/spim.c **** 	}
 111:Core/Src/spim.c **** 
 112:Core/Src/spim.c **** 	return result;
 599              		.loc 1 112 2 is_stmt 1 view .LVU158
 113:Core/Src/spim.c **** }
 600              		.loc 1 113 1 is_stmt 0 view .LVU159
 601 0012 9DF80F00 		ldrb	r0, [sp, #15]	@ zero_extendqisi2
 602 0016 04B0     		add	sp, sp, #16
 603              		.cfi_remember_state
 604              		.cfi_def_cfa_offset 8
 605              		@ sp needed
 606 0018 10BD     		pop	{r4, pc}
 607              	.LVL41:
 608              	.L46:
 609              		.cfi_restore_state
 610              		.loc 1 113 1 view .LVU160
 611 001a 1446     		mov	r4, r2
 108:Core/Src/spim.c **** 		spi_init(word16bit);
 612              		.loc 1 108 3 is_stmt 1 view .LVU161
 613 001c 0846     		mov	r0, r1
 614              	.LVL42:
 108:Core/Src/spim.c **** 		spi_init(word16bit);
 615              		.loc 1 108 3 is_stmt 0 view .LVU162
 616 001e FFF7FEFF 		bl	spi_init
 617              	.LVL43:
 109:Core/Src/spim.c **** 	}
 618              		.loc 1 109 3 is_stmt 1 view .LVU163
ARM GAS  C:\Users\kroko\AppData\Local\Temp\ccP6vYrD.s 			page 14


 619 0022 6423     		movs	r3, #100
 620 0024 0093     		str	r3, [sp]
 621 0026 0123     		movs	r3, #1
 622 0028 0DF10F02 		add	r2, sp, #15
 623 002c 2146     		mov	r1, r4
 624 002e 0248     		ldr	r0, .L47
 625 0030 FFF7FEFF 		bl	HAL_SPI_TransmitReceive
 626              	.LVL44:
 627 0034 EDE7     		b	.L44
 628              	.L48:
 629 0036 00BF     		.align	2
 630              	.L47:
 631 0038 00000000 		.word	hspi
 632              		.cfi_endproc
 633              	.LFE140:
 635              		.section	.text.SPI_SendRecv_dma,"ax",%progbits
 636              		.align	1
 637              		.global	SPI_SendRecv_dma
 638              		.syntax unified
 639              		.thumb
 640              		.thumb_func
 642              	SPI_SendRecv_dma:
 643              	.LVL45:
 644              	.LFB141:
 114:Core/Src/spim.c **** 
 115:Core/Src/spim.c **** void SPI_SendRecv_dma(SPI_TypeDef *SPIx, uint8_t word16bit, uint8_t *pTxBuff,
 116:Core/Src/spim.c **** 		uint8_t *pRxBuff, uint16_t Len, void (*func)(void)) {
 645              		.loc 1 116 55 view -0
 646              		.cfi_startproc
 647              		@ args = 8, pretend = 0, frame = 0
 648              		@ frame_needed = 0, uses_anonymous_args = 0
 649              		.loc 1 116 55 is_stmt 0 view .LVU165
 650 0000 F8B5     		push	{r3, r4, r5, r6, r7, lr}
 651              		.cfi_def_cfa_offset 24
 652              		.cfi_offset 3, -24
 653              		.cfi_offset 4, -20
 654              		.cfi_offset 5, -16
 655              		.cfi_offset 6, -12
 656              		.cfi_offset 7, -8
 657              		.cfi_offset 14, -4
 658 0002 BDF81870 		ldrh	r7, [sp, #24]
 117:Core/Src/spim.c **** 	if (SPIx != hspi.Instance)
 659              		.loc 1 117 2 is_stmt 1 view .LVU166
 660              		.loc 1 117 18 is_stmt 0 view .LVU167
 661 0006 0D4C     		ldr	r4, .L55
 662 0008 2468     		ldr	r4, [r4]
 663              		.loc 1 117 5 view .LVU168
 664 000a 8442     		cmp	r4, r0
 665 000c 00D0     		beq	.L53
 666              	.LVL46:
 667              	.L49:
 118:Core/Src/spim.c **** 		return;
 119:Core/Src/spim.c **** 	if (((!pTxBuff) && (!pRxBuff)) || (!Len))
 120:Core/Src/spim.c **** 		return;
 121:Core/Src/spim.c **** 
 122:Core/Src/spim.c **** 	spi_end = func;
 123:Core/Src/spim.c **** 	spi_init(word16bit);
ARM GAS  C:\Users\kroko\AppData\Local\Temp\ccP6vYrD.s 			page 15


 124:Core/Src/spim.c **** 	HAL_SPI_TransmitReceive_DMA(&hspi, pTxBuff, pRxBuff, Len);
 125:Core/Src/spim.c **** }
 668              		.loc 1 125 1 view .LVU169
 669 000e F8BD     		pop	{r3, r4, r5, r6, r7, pc}
 670              	.LVL47:
 671              	.L53:
 672              		.loc 1 125 1 view .LVU170
 673 0010 1646     		mov	r6, r2
 674 0012 1D46     		mov	r5, r3
 119:Core/Src/spim.c **** 		return;
 675              		.loc 1 119 2 is_stmt 1 view .LVU171
 119:Core/Src/spim.c **** 		return;
 676              		.loc 1 119 5 is_stmt 0 view .LVU172
 677 0014 72B1     		cbz	r2, .L54
 678              	.L51:
 119:Core/Src/spim.c **** 		return;
 679              		.loc 1 119 33 discriminator 3 view .LVU173
 680 0016 002F     		cmp	r7, #0
 681 0018 F9D0     		beq	.L49
 122:Core/Src/spim.c **** 	spi_init(word16bit);
 682              		.loc 1 122 2 is_stmt 1 view .LVU174
 122:Core/Src/spim.c **** 	spi_init(word16bit);
 683              		.loc 1 122 10 is_stmt 0 view .LVU175
 684 001a 079A     		ldr	r2, [sp, #28]
 685              	.LVL48:
 122:Core/Src/spim.c **** 	spi_init(word16bit);
 686              		.loc 1 122 10 view .LVU176
 687 001c 084B     		ldr	r3, .L55+4
 688              	.LVL49:
 122:Core/Src/spim.c **** 	spi_init(word16bit);
 689              		.loc 1 122 10 view .LVU177
 690 001e 1A60     		str	r2, [r3]
 123:Core/Src/spim.c **** 	HAL_SPI_TransmitReceive_DMA(&hspi, pTxBuff, pRxBuff, Len);
 691              		.loc 1 123 2 is_stmt 1 view .LVU178
 692 0020 0846     		mov	r0, r1
 693              	.LVL50:
 123:Core/Src/spim.c **** 	HAL_SPI_TransmitReceive_DMA(&hspi, pTxBuff, pRxBuff, Len);
 694              		.loc 1 123 2 is_stmt 0 view .LVU179
 695 0022 FFF7FEFF 		bl	spi_init
 696              	.LVL51:
 124:Core/Src/spim.c **** }
 697              		.loc 1 124 2 is_stmt 1 view .LVU180
 698 0026 3B46     		mov	r3, r7
 699 0028 2A46     		mov	r2, r5
 700 002a 3146     		mov	r1, r6
 701 002c 0348     		ldr	r0, .L55
 702 002e FFF7FEFF 		bl	HAL_SPI_TransmitReceive_DMA
 703              	.LVL52:
 704 0032 ECE7     		b	.L49
 705              	.LVL53:
 706              	.L54:
 119:Core/Src/spim.c **** 		return;
 707              		.loc 1 119 18 is_stmt 0 discriminator 1 view .LVU181
 708 0034 002B     		cmp	r3, #0
 709 0036 EED1     		bne	.L51
 710 0038 E9E7     		b	.L49
 711              	.L56:
ARM GAS  C:\Users\kroko\AppData\Local\Temp\ccP6vYrD.s 			page 16


 712 003a 00BF     		.align	2
 713              	.L55:
 714 003c 00000000 		.word	hspi
 715 0040 00000000 		.word	spi_end
 716              		.cfi_endproc
 717              	.LFE141:
 719              		.global	spi_end
 720              		.section	.bss.spi_end,"aw",%nobits
 721              		.align	2
 724              	spi_end:
 725 0000 00000000 		.space	4
 726              		.global	hdma_spi1_tx
 727              		.section	.bss.hdma_spi1_tx,"aw",%nobits
 728              		.align	2
 731              	hdma_spi1_tx:
 732 0000 00000000 		.space	96
 732      00000000 
 732      00000000 
 732      00000000 
 732      00000000 
 733              		.global	hspi
 734              		.section	.bss.hspi,"aw",%nobits
 735              		.align	2
 738              	hspi:
 739 0000 00000000 		.space	88
 739      00000000 
 739      00000000 
 739      00000000 
 739      00000000 
 740              		.text
 741              	.Letext0:
 742              		.file 2 "Drivers/CMSIS/Device/ST/STM32F4xx/Include/stm32f413xx.h"
 743              		.file 3 "C:/Users/kroko/AppData/Roaming/Code/User/globalStorage/bmd.stm32-for-vscode/@xpack-dev-to
 744              		.file 4 "C:/Users/kroko/AppData/Roaming/Code/User/globalStorage/bmd.stm32-for-vscode/@xpack-dev-to
 745              		.file 5 "Core/Inc/stm32f4xx_hal_conf.h"
 746              		.file 6 "Drivers/STM32F4xx_HAL_Driver/Inc/stm32f4xx_hal_dma.h"
 747              		.file 7 "Drivers/STM32F4xx_HAL_Driver/Inc/stm32f4xx_hal_spi.h"
 748              		.file 8 "Drivers/STM32F4xx_HAL_Driver/Inc/stm32f4xx_hal_gpio.h"
 749              		.file 9 "Drivers/STM32F4xx_HAL_Driver/Inc/stm32f4xx_hal_cortex.h"
ARM GAS  C:\Users\kroko\AppData\Local\Temp\ccP6vYrD.s 			page 17


DEFINED SYMBOLS
                            *ABS*:00000000 spim.c
C:\Users\kroko\AppData\Local\Temp\ccP6vYrD.s:21     .text.HAL_SPI_TxCpltCallback:00000000 $t
C:\Users\kroko\AppData\Local\Temp\ccP6vYrD.s:27     .text.HAL_SPI_TxCpltCallback:00000000 HAL_SPI_TxCpltCallback
C:\Users\kroko\AppData\Local\Temp\ccP6vYrD.s:65     .text.HAL_SPI_TxCpltCallback:00000018 $d
C:\Users\kroko\AppData\Local\Temp\ccP6vYrD.s:738    .bss.hspi:00000000 hspi
C:\Users\kroko\AppData\Local\Temp\ccP6vYrD.s:724    .bss.spi_end:00000000 spi_end
C:\Users\kroko\AppData\Local\Temp\ccP6vYrD.s:71     .text.spi_init:00000000 $t
C:\Users\kroko\AppData\Local\Temp\ccP6vYrD.s:77     .text.spi_init:00000000 spi_init
C:\Users\kroko\AppData\Local\Temp\ccP6vYrD.s:113    .text.spi_init:00000018 $d
C:\Users\kroko\AppData\Local\Temp\ccP6vYrD.s:118    .text.spim_init:00000000 $t
C:\Users\kroko\AppData\Local\Temp\ccP6vYrD.s:124    .text.spim_init:00000000 spim_init
C:\Users\kroko\AppData\Local\Temp\ccP6vYrD.s:377    .text.spim_init:00000114 $d
C:\Users\kroko\AppData\Local\Temp\ccP6vYrD.s:731    .bss.hdma_spi1_tx:00000000 hdma_spi1_tx
C:\Users\kroko\AppData\Local\Temp\ccP6vYrD.s:387    .text.SPI_send:00000000 $t
C:\Users\kroko\AppData\Local\Temp\ccP6vYrD.s:393    .text.SPI_send:00000000 SPI_send
C:\Users\kroko\AppData\Local\Temp\ccP6vYrD.s:443    .text.SPI_send:00000024 $d
C:\Users\kroko\AppData\Local\Temp\ccP6vYrD.s:448    .text.SPI_send_dma:00000000 $t
C:\Users\kroko\AppData\Local\Temp\ccP6vYrD.s:454    .text.SPI_send_dma:00000000 SPI_send_dma
C:\Users\kroko\AppData\Local\Temp\ccP6vYrD.s:499    .text.SPI_send_dma:00000020 $d
C:\Users\kroko\AppData\Local\Temp\ccP6vYrD.s:505    .text.SPI_recv:00000000 $t
C:\Users\kroko\AppData\Local\Temp\ccP6vYrD.s:511    .text.SPI_recv:00000000 SPI_recv
C:\Users\kroko\AppData\Local\Temp\ccP6vYrD.s:561    .text.SPI_recv:00000024 $d
C:\Users\kroko\AppData\Local\Temp\ccP6vYrD.s:566    .text.SPI_sendrecv:00000000 $t
C:\Users\kroko\AppData\Local\Temp\ccP6vYrD.s:572    .text.SPI_sendrecv:00000000 SPI_sendrecv
C:\Users\kroko\AppData\Local\Temp\ccP6vYrD.s:631    .text.SPI_sendrecv:00000038 $d
C:\Users\kroko\AppData\Local\Temp\ccP6vYrD.s:636    .text.SPI_SendRecv_dma:00000000 $t
C:\Users\kroko\AppData\Local\Temp\ccP6vYrD.s:642    .text.SPI_SendRecv_dma:00000000 SPI_SendRecv_dma
C:\Users\kroko\AppData\Local\Temp\ccP6vYrD.s:714    .text.SPI_SendRecv_dma:0000003c $d
C:\Users\kroko\AppData\Local\Temp\ccP6vYrD.s:721    .bss.spi_end:00000000 $d
C:\Users\kroko\AppData\Local\Temp\ccP6vYrD.s:728    .bss.hdma_spi1_tx:00000000 $d
C:\Users\kroko\AppData\Local\Temp\ccP6vYrD.s:735    .bss.hspi:00000000 $d

UNDEFINED SYMBOLS
HAL_SPI_Init
HAL_GPIO_Init
HAL_DMA_Init
HAL_NVIC_SetPriority
HAL_NVIC_EnableIRQ
HAL_SPI_Transmit
HAL_SPI_Transmit_DMA
HAL_SPI_Receive
HAL_SPI_TransmitReceive
HAL_SPI_TransmitReceive_DMA
