ARM GAS  C:\Users\kroko\AppData\Local\Temp\ccFb2S9F.s 			page 1


   1              		.cpu cortex-m4
   2              		.arch armv7e-m
   3              		.fpu fpv4-sp-d16
   4              		.eabi_attribute 27, 1
   5              		.eabi_attribute 28, 1
   6              		.eabi_attribute 20, 1
   7              		.eabi_attribute 21, 1
   8              		.eabi_attribute 23, 3
   9              		.eabi_attribute 24, 1
  10              		.eabi_attribute 25, 1
  11              		.eabi_attribute 26, 1
  12              		.eabi_attribute 30, 1
  13              		.eabi_attribute 34, 1
  14              		.eabi_attribute 18, 4
  15              		.file	"stm32f4xx_hal_msp.c"
  16              		.text
  17              	.Ltext0:
  18              		.cfi_sections	.debug_frame
  19              		.file 1 "Core/Src/stm32f4xx_hal_msp.c"
  20              		.section	.text.HAL_MspInit,"ax",%progbits
  21              		.align	1
  22              		.global	HAL_MspInit
  23              		.syntax unified
  24              		.thumb
  25              		.thumb_func
  27              	HAL_MspInit:
  28              	.LFB134:
   1:Core/Src/stm32f4xx_hal_msp.c **** 
   2:Core/Src/stm32f4xx_hal_msp.c **** /* USER CODE BEGIN Header */
   3:Core/Src/stm32f4xx_hal_msp.c **** /**
   4:Core/Src/stm32f4xx_hal_msp.c ****   ******************************************************************************
   5:Core/Src/stm32f4xx_hal_msp.c ****   * File Name          : stm32f4xx_hal_msp.c
   6:Core/Src/stm32f4xx_hal_msp.c ****   * Description        : This file provides code for the MSP Initialization
   7:Core/Src/stm32f4xx_hal_msp.c ****   *                      and de-Initialization codes.
   8:Core/Src/stm32f4xx_hal_msp.c ****   ******************************************************************************
   9:Core/Src/stm32f4xx_hal_msp.c ****   * @attention
  10:Core/Src/stm32f4xx_hal_msp.c ****   *
  11:Core/Src/stm32f4xx_hal_msp.c ****   * <h2><center>&copy; Copyright (c) 2020 STMicroelectronics.
  12:Core/Src/stm32f4xx_hal_msp.c ****   * All rights reserved.</center></h2>
  13:Core/Src/stm32f4xx_hal_msp.c ****   *
  14:Core/Src/stm32f4xx_hal_msp.c ****   * This software component is licensed by ST under BSD 3-Clause license,
  15:Core/Src/stm32f4xx_hal_msp.c ****   * the "License"; You may not use this file except in compliance with the
  16:Core/Src/stm32f4xx_hal_msp.c ****   * License. You may obtain a copy of the License at:
  17:Core/Src/stm32f4xx_hal_msp.c ****   *                        opensource.org/licenses/BSD-3-Clause
  18:Core/Src/stm32f4xx_hal_msp.c ****   *
  19:Core/Src/stm32f4xx_hal_msp.c ****   ******************************************************************************
  20:Core/Src/stm32f4xx_hal_msp.c ****   */
  21:Core/Src/stm32f4xx_hal_msp.c **** /* USER CODE END Header */
  22:Core/Src/stm32f4xx_hal_msp.c **** 
  23:Core/Src/stm32f4xx_hal_msp.c **** /* Includes ------------------------------------------------------------------*/
  24:Core/Src/stm32f4xx_hal_msp.c **** #include "main.h"
  25:Core/Src/stm32f4xx_hal_msp.c **** /* USER CODE BEGIN Includes */
  26:Core/Src/stm32f4xx_hal_msp.c **** 
  27:Core/Src/stm32f4xx_hal_msp.c **** /* USER CODE END Includes */
  28:Core/Src/stm32f4xx_hal_msp.c **** extern DMA_HandleTypeDef hdma_spi1_tx;
  29:Core/Src/stm32f4xx_hal_msp.c **** 
  30:Core/Src/stm32f4xx_hal_msp.c **** extern DMA_HandleTypeDef hdma_uart5_rx;
ARM GAS  C:\Users\kroko\AppData\Local\Temp\ccFb2S9F.s 			page 2


  31:Core/Src/stm32f4xx_hal_msp.c **** 
  32:Core/Src/stm32f4xx_hal_msp.c **** extern DMA_HandleTypeDef hdma_uart5_tx;
  33:Core/Src/stm32f4xx_hal_msp.c **** 
  34:Core/Src/stm32f4xx_hal_msp.c **** extern DMA_HandleTypeDef hdma_uart8_rx;
  35:Core/Src/stm32f4xx_hal_msp.c **** 
  36:Core/Src/stm32f4xx_hal_msp.c **** /* Private typedef -----------------------------------------------------------*/
  37:Core/Src/stm32f4xx_hal_msp.c **** /* USER CODE BEGIN TD */
  38:Core/Src/stm32f4xx_hal_msp.c **** 
  39:Core/Src/stm32f4xx_hal_msp.c **** /* USER CODE END TD */
  40:Core/Src/stm32f4xx_hal_msp.c **** 
  41:Core/Src/stm32f4xx_hal_msp.c **** /* Private define ------------------------------------------------------------*/
  42:Core/Src/stm32f4xx_hal_msp.c **** /* USER CODE BEGIN Define */
  43:Core/Src/stm32f4xx_hal_msp.c **** 
  44:Core/Src/stm32f4xx_hal_msp.c **** /* USER CODE END Define */
  45:Core/Src/stm32f4xx_hal_msp.c **** 
  46:Core/Src/stm32f4xx_hal_msp.c **** /* Private macro -------------------------------------------------------------*/
  47:Core/Src/stm32f4xx_hal_msp.c **** /* USER CODE BEGIN Macro */
  48:Core/Src/stm32f4xx_hal_msp.c **** 
  49:Core/Src/stm32f4xx_hal_msp.c **** /* USER CODE END Macro */
  50:Core/Src/stm32f4xx_hal_msp.c **** 
  51:Core/Src/stm32f4xx_hal_msp.c **** /* Private variables ---------------------------------------------------------*/
  52:Core/Src/stm32f4xx_hal_msp.c **** /* USER CODE BEGIN PV */
  53:Core/Src/stm32f4xx_hal_msp.c **** 
  54:Core/Src/stm32f4xx_hal_msp.c **** /* USER CODE END PV */
  55:Core/Src/stm32f4xx_hal_msp.c **** 
  56:Core/Src/stm32f4xx_hal_msp.c **** /* Private function prototypes -----------------------------------------------*/
  57:Core/Src/stm32f4xx_hal_msp.c **** /* USER CODE BEGIN PFP */
  58:Core/Src/stm32f4xx_hal_msp.c **** 
  59:Core/Src/stm32f4xx_hal_msp.c **** /* USER CODE END PFP */
  60:Core/Src/stm32f4xx_hal_msp.c **** 
  61:Core/Src/stm32f4xx_hal_msp.c **** /* External functions --------------------------------------------------------*/
  62:Core/Src/stm32f4xx_hal_msp.c **** /* USER CODE BEGIN ExternalFunctions */
  63:Core/Src/stm32f4xx_hal_msp.c **** 
  64:Core/Src/stm32f4xx_hal_msp.c **** /* USER CODE END ExternalFunctions */
  65:Core/Src/stm32f4xx_hal_msp.c **** 
  66:Core/Src/stm32f4xx_hal_msp.c **** /* USER CODE BEGIN 0 */
  67:Core/Src/stm32f4xx_hal_msp.c **** 
  68:Core/Src/stm32f4xx_hal_msp.c **** /* USER CODE END 0 */
  69:Core/Src/stm32f4xx_hal_msp.c **** /**
  70:Core/Src/stm32f4xx_hal_msp.c ****   * Initializes the Global MSP.
  71:Core/Src/stm32f4xx_hal_msp.c ****   */
  72:Core/Src/stm32f4xx_hal_msp.c **** void HAL_MspInit(void)
  73:Core/Src/stm32f4xx_hal_msp.c **** {
  29              		.loc 1 73 1 view -0
  30              		.cfi_startproc
  31              		@ args = 0, pretend = 0, frame = 8
  32              		@ frame_needed = 0, uses_anonymous_args = 0
  33              		@ link register save eliminated.
  34 0000 82B0     		sub	sp, sp, #8
  35              		.cfi_def_cfa_offset 8
  74:Core/Src/stm32f4xx_hal_msp.c **** 
  75:Core/Src/stm32f4xx_hal_msp.c ****   /* USER CODE BEGIN MspInit 0 */
  76:Core/Src/stm32f4xx_hal_msp.c **** 
  77:Core/Src/stm32f4xx_hal_msp.c ****   /* USER CODE END MspInit 0 */
  78:Core/Src/stm32f4xx_hal_msp.c **** 
  79:Core/Src/stm32f4xx_hal_msp.c ****   __HAL_RCC_SYSCFG_CLK_ENABLE();
  36              		.loc 1 79 3 view .LVU1
ARM GAS  C:\Users\kroko\AppData\Local\Temp\ccFb2S9F.s 			page 3


  37              	.LBB2:
  38              		.loc 1 79 3 view .LVU2
  39 0002 0021     		movs	r1, #0
  40 0004 0091     		str	r1, [sp]
  41              		.loc 1 79 3 view .LVU3
  42 0006 0B4B     		ldr	r3, .L3
  43 0008 5A6C     		ldr	r2, [r3, #68]
  44 000a 42F48042 		orr	r2, r2, #16384
  45 000e 5A64     		str	r2, [r3, #68]
  46              		.loc 1 79 3 view .LVU4
  47 0010 5A6C     		ldr	r2, [r3, #68]
  48 0012 02F48042 		and	r2, r2, #16384
  49 0016 0092     		str	r2, [sp]
  50              		.loc 1 79 3 view .LVU5
  51 0018 009A     		ldr	r2, [sp]
  52              	.LBE2:
  53              		.loc 1 79 3 view .LVU6
  80:Core/Src/stm32f4xx_hal_msp.c ****   __HAL_RCC_PWR_CLK_ENABLE();
  54              		.loc 1 80 3 view .LVU7
  55              	.LBB3:
  56              		.loc 1 80 3 view .LVU8
  57 001a 0191     		str	r1, [sp, #4]
  58              		.loc 1 80 3 view .LVU9
  59 001c 1A6C     		ldr	r2, [r3, #64]
  60 001e 42F08052 		orr	r2, r2, #268435456
  61 0022 1A64     		str	r2, [r3, #64]
  62              		.loc 1 80 3 view .LVU10
  63 0024 1B6C     		ldr	r3, [r3, #64]
  64 0026 03F08053 		and	r3, r3, #268435456
  65 002a 0193     		str	r3, [sp, #4]
  66              		.loc 1 80 3 view .LVU11
  67 002c 019B     		ldr	r3, [sp, #4]
  68              	.LBE3:
  69              		.loc 1 80 3 view .LVU12
  81:Core/Src/stm32f4xx_hal_msp.c **** 
  82:Core/Src/stm32f4xx_hal_msp.c ****   /* System interrupt init*/
  83:Core/Src/stm32f4xx_hal_msp.c **** 
  84:Core/Src/stm32f4xx_hal_msp.c ****   /* USER CODE BEGIN MspInit 1 */
  85:Core/Src/stm32f4xx_hal_msp.c **** 
  86:Core/Src/stm32f4xx_hal_msp.c ****   /* USER CODE END MspInit 1 */
  87:Core/Src/stm32f4xx_hal_msp.c **** }
  70              		.loc 1 87 1 is_stmt 0 view .LVU13
  71 002e 02B0     		add	sp, sp, #8
  72              		.cfi_def_cfa_offset 0
  73              		@ sp needed
  74 0030 7047     		bx	lr
  75              	.L4:
  76 0032 00BF     		.align	2
  77              	.L3:
  78 0034 00380240 		.word	1073887232
  79              		.cfi_endproc
  80              	.LFE134:
  82              		.section	.text.HAL_SPI_MspInit,"ax",%progbits
  83              		.align	1
  84              		.global	HAL_SPI_MspInit
  85              		.syntax unified
  86              		.thumb
ARM GAS  C:\Users\kroko\AppData\Local\Temp\ccFb2S9F.s 			page 4


  87              		.thumb_func
  89              	HAL_SPI_MspInit:
  90              	.LVL0:
  91              	.LFB135:
  88:Core/Src/stm32f4xx_hal_msp.c **** 
  89:Core/Src/stm32f4xx_hal_msp.c **** /**
  90:Core/Src/stm32f4xx_hal_msp.c **** * @brief SPI MSP Initialization
  91:Core/Src/stm32f4xx_hal_msp.c **** * This function configures the hardware resources used in this example
  92:Core/Src/stm32f4xx_hal_msp.c **** * @param hspi: SPI handle pointer
  93:Core/Src/stm32f4xx_hal_msp.c **** * @retval None
  94:Core/Src/stm32f4xx_hal_msp.c **** */
  95:Core/Src/stm32f4xx_hal_msp.c **** void HAL_SPI_MspInit(SPI_HandleTypeDef* hspi)
  96:Core/Src/stm32f4xx_hal_msp.c **** {
  92              		.loc 1 96 1 is_stmt 1 view -0
  93              		.cfi_startproc
  94              		@ args = 0, pretend = 0, frame = 32
  95              		@ frame_needed = 0, uses_anonymous_args = 0
  96              		.loc 1 96 1 is_stmt 0 view .LVU15
  97 0000 30B5     		push	{r4, r5, lr}
  98              		.cfi_def_cfa_offset 12
  99              		.cfi_offset 4, -12
 100              		.cfi_offset 5, -8
 101              		.cfi_offset 14, -4
 102 0002 89B0     		sub	sp, sp, #36
 103              		.cfi_def_cfa_offset 48
  97:Core/Src/stm32f4xx_hal_msp.c ****   GPIO_InitTypeDef GPIO_InitStruct = {0};
 104              		.loc 1 97 3 is_stmt 1 view .LVU16
 105              		.loc 1 97 20 is_stmt 0 view .LVU17
 106 0004 0023     		movs	r3, #0
 107 0006 0393     		str	r3, [sp, #12]
 108 0008 0493     		str	r3, [sp, #16]
 109 000a 0593     		str	r3, [sp, #20]
 110 000c 0693     		str	r3, [sp, #24]
 111 000e 0793     		str	r3, [sp, #28]
  98:Core/Src/stm32f4xx_hal_msp.c ****   if(hspi->Instance==SPI1)
 112              		.loc 1 98 3 is_stmt 1 view .LVU18
 113              		.loc 1 98 10 is_stmt 0 view .LVU19
 114 0010 0268     		ldr	r2, [r0]
 115              		.loc 1 98 5 view .LVU20
 116 0012 224B     		ldr	r3, .L11
 117 0014 9A42     		cmp	r2, r3
 118 0016 01D0     		beq	.L9
 119              	.LVL1:
 120              	.L5:
  99:Core/Src/stm32f4xx_hal_msp.c ****   {
 100:Core/Src/stm32f4xx_hal_msp.c ****   /* USER CODE BEGIN SPI1_MspInit 0 */
 101:Core/Src/stm32f4xx_hal_msp.c **** 
 102:Core/Src/stm32f4xx_hal_msp.c ****   /* USER CODE END SPI1_MspInit 0 */
 103:Core/Src/stm32f4xx_hal_msp.c ****     /* Peripheral clock enable */
 104:Core/Src/stm32f4xx_hal_msp.c ****     __HAL_RCC_SPI1_CLK_ENABLE();
 105:Core/Src/stm32f4xx_hal_msp.c **** 
 106:Core/Src/stm32f4xx_hal_msp.c ****     __HAL_RCC_GPIOA_CLK_ENABLE();
 107:Core/Src/stm32f4xx_hal_msp.c ****     /**SPI1 GPIO Configuration
 108:Core/Src/stm32f4xx_hal_msp.c ****     PA4     ------> SPI1_NSS
 109:Core/Src/stm32f4xx_hal_msp.c ****     PA5     ------> SPI1_SCK
 110:Core/Src/stm32f4xx_hal_msp.c ****     PA7     ------> SPI1_MOSI
 111:Core/Src/stm32f4xx_hal_msp.c ****     */
ARM GAS  C:\Users\kroko\AppData\Local\Temp\ccFb2S9F.s 			page 5


 112:Core/Src/stm32f4xx_hal_msp.c ****     GPIO_InitStruct.Pin = GPIO_PIN_4|GPIO_PIN_5|GPIO_PIN_7;
 113:Core/Src/stm32f4xx_hal_msp.c ****     GPIO_InitStruct.Mode = GPIO_MODE_AF_PP;
 114:Core/Src/stm32f4xx_hal_msp.c ****     GPIO_InitStruct.Pull = GPIO_NOPULL;
 115:Core/Src/stm32f4xx_hal_msp.c ****     GPIO_InitStruct.Speed = GPIO_SPEED_FREQ_VERY_HIGH;
 116:Core/Src/stm32f4xx_hal_msp.c ****     GPIO_InitStruct.Alternate = GPIO_AF5_SPI1;
 117:Core/Src/stm32f4xx_hal_msp.c ****     HAL_GPIO_Init(GPIOA, &GPIO_InitStruct);
 118:Core/Src/stm32f4xx_hal_msp.c **** 
 119:Core/Src/stm32f4xx_hal_msp.c ****     /* SPI1 DMA Init */
 120:Core/Src/stm32f4xx_hal_msp.c ****     /* SPI1_TX Init */
 121:Core/Src/stm32f4xx_hal_msp.c ****     hdma_spi1_tx.Instance = DMA2_Stream2;
 122:Core/Src/stm32f4xx_hal_msp.c ****     hdma_spi1_tx.Init.Channel = DMA_CHANNEL_2;
 123:Core/Src/stm32f4xx_hal_msp.c ****     hdma_spi1_tx.Init.Direction = DMA_MEMORY_TO_PERIPH;
 124:Core/Src/stm32f4xx_hal_msp.c ****     hdma_spi1_tx.Init.PeriphInc = DMA_PINC_DISABLE;
 125:Core/Src/stm32f4xx_hal_msp.c ****     hdma_spi1_tx.Init.MemInc = DMA_MINC_ENABLE;
 126:Core/Src/stm32f4xx_hal_msp.c ****     hdma_spi1_tx.Init.PeriphDataAlignment = DMA_PDATAALIGN_BYTE;
 127:Core/Src/stm32f4xx_hal_msp.c ****     hdma_spi1_tx.Init.MemDataAlignment = DMA_MDATAALIGN_BYTE;
 128:Core/Src/stm32f4xx_hal_msp.c ****     hdma_spi1_tx.Init.Mode = DMA_NORMAL;
 129:Core/Src/stm32f4xx_hal_msp.c ****     hdma_spi1_tx.Init.Priority = DMA_PRIORITY_LOW;
 130:Core/Src/stm32f4xx_hal_msp.c ****     hdma_spi1_tx.Init.FIFOMode = DMA_FIFOMODE_DISABLE;
 131:Core/Src/stm32f4xx_hal_msp.c ****     if (HAL_DMA_Init(&hdma_spi1_tx) != HAL_OK)
 132:Core/Src/stm32f4xx_hal_msp.c ****     {
 133:Core/Src/stm32f4xx_hal_msp.c ****       Error_Handler();
 134:Core/Src/stm32f4xx_hal_msp.c ****     }
 135:Core/Src/stm32f4xx_hal_msp.c **** 
 136:Core/Src/stm32f4xx_hal_msp.c ****     __HAL_LINKDMA(hspi,hdmatx,hdma_spi1_tx);
 137:Core/Src/stm32f4xx_hal_msp.c **** 
 138:Core/Src/stm32f4xx_hal_msp.c ****   /* USER CODE BEGIN SPI1_MspInit 1 */
 139:Core/Src/stm32f4xx_hal_msp.c **** 
 140:Core/Src/stm32f4xx_hal_msp.c ****   /* USER CODE END SPI1_MspInit 1 */
 141:Core/Src/stm32f4xx_hal_msp.c **** 
 142:Core/Src/stm32f4xx_hal_msp.c ****   }
 143:Core/Src/stm32f4xx_hal_msp.c **** 
 144:Core/Src/stm32f4xx_hal_msp.c **** }
 121              		.loc 1 144 1 view .LVU21
 122 0018 09B0     		add	sp, sp, #36
 123              		.cfi_remember_state
 124              		.cfi_def_cfa_offset 12
 125              		@ sp needed
 126 001a 30BD     		pop	{r4, r5, pc}
 127              	.LVL2:
 128              	.L9:
 129              		.cfi_restore_state
 130              		.loc 1 144 1 view .LVU22
 131 001c 0446     		mov	r4, r0
 104:Core/Src/stm32f4xx_hal_msp.c **** 
 132              		.loc 1 104 5 is_stmt 1 view .LVU23
 133              	.LBB4:
 104:Core/Src/stm32f4xx_hal_msp.c **** 
 134              		.loc 1 104 5 view .LVU24
 135 001e 0025     		movs	r5, #0
 136 0020 0195     		str	r5, [sp, #4]
 104:Core/Src/stm32f4xx_hal_msp.c **** 
 137              		.loc 1 104 5 view .LVU25
 138 0022 03F58433 		add	r3, r3, #67584
 139 0026 5A6C     		ldr	r2, [r3, #68]
 140 0028 42F48052 		orr	r2, r2, #4096
 141 002c 5A64     		str	r2, [r3, #68]
ARM GAS  C:\Users\kroko\AppData\Local\Temp\ccFb2S9F.s 			page 6


 104:Core/Src/stm32f4xx_hal_msp.c **** 
 142              		.loc 1 104 5 view .LVU26
 143 002e 5A6C     		ldr	r2, [r3, #68]
 144 0030 02F48052 		and	r2, r2, #4096
 145 0034 0192     		str	r2, [sp, #4]
 104:Core/Src/stm32f4xx_hal_msp.c **** 
 146              		.loc 1 104 5 view .LVU27
 147 0036 019A     		ldr	r2, [sp, #4]
 148              	.LBE4:
 104:Core/Src/stm32f4xx_hal_msp.c **** 
 149              		.loc 1 104 5 view .LVU28
 106:Core/Src/stm32f4xx_hal_msp.c ****     /**SPI1 GPIO Configuration
 150              		.loc 1 106 5 view .LVU29
 151              	.LBB5:
 106:Core/Src/stm32f4xx_hal_msp.c ****     /**SPI1 GPIO Configuration
 152              		.loc 1 106 5 view .LVU30
 153 0038 0295     		str	r5, [sp, #8]
 106:Core/Src/stm32f4xx_hal_msp.c ****     /**SPI1 GPIO Configuration
 154              		.loc 1 106 5 view .LVU31
 155 003a 1A6B     		ldr	r2, [r3, #48]
 156 003c 42F00102 		orr	r2, r2, #1
 157 0040 1A63     		str	r2, [r3, #48]
 106:Core/Src/stm32f4xx_hal_msp.c ****     /**SPI1 GPIO Configuration
 158              		.loc 1 106 5 view .LVU32
 159 0042 1B6B     		ldr	r3, [r3, #48]
 160 0044 03F00103 		and	r3, r3, #1
 161 0048 0293     		str	r3, [sp, #8]
 106:Core/Src/stm32f4xx_hal_msp.c ****     /**SPI1 GPIO Configuration
 162              		.loc 1 106 5 view .LVU33
 163 004a 029B     		ldr	r3, [sp, #8]
 164              	.LBE5:
 106:Core/Src/stm32f4xx_hal_msp.c ****     /**SPI1 GPIO Configuration
 165              		.loc 1 106 5 view .LVU34
 112:Core/Src/stm32f4xx_hal_msp.c ****     GPIO_InitStruct.Mode = GPIO_MODE_AF_PP;
 166              		.loc 1 112 5 view .LVU35
 112:Core/Src/stm32f4xx_hal_msp.c ****     GPIO_InitStruct.Mode = GPIO_MODE_AF_PP;
 167              		.loc 1 112 25 is_stmt 0 view .LVU36
 168 004c B023     		movs	r3, #176
 169 004e 0393     		str	r3, [sp, #12]
 113:Core/Src/stm32f4xx_hal_msp.c ****     GPIO_InitStruct.Pull = GPIO_NOPULL;
 170              		.loc 1 113 5 is_stmt 1 view .LVU37
 113:Core/Src/stm32f4xx_hal_msp.c ****     GPIO_InitStruct.Pull = GPIO_NOPULL;
 171              		.loc 1 113 26 is_stmt 0 view .LVU38
 172 0050 0223     		movs	r3, #2
 173 0052 0493     		str	r3, [sp, #16]
 114:Core/Src/stm32f4xx_hal_msp.c ****     GPIO_InitStruct.Speed = GPIO_SPEED_FREQ_VERY_HIGH;
 174              		.loc 1 114 5 is_stmt 1 view .LVU39
 115:Core/Src/stm32f4xx_hal_msp.c ****     GPIO_InitStruct.Alternate = GPIO_AF5_SPI1;
 175              		.loc 1 115 5 view .LVU40
 115:Core/Src/stm32f4xx_hal_msp.c ****     GPIO_InitStruct.Alternate = GPIO_AF5_SPI1;
 176              		.loc 1 115 27 is_stmt 0 view .LVU41
 177 0054 0323     		movs	r3, #3
 178 0056 0693     		str	r3, [sp, #24]
 116:Core/Src/stm32f4xx_hal_msp.c ****     HAL_GPIO_Init(GPIOA, &GPIO_InitStruct);
 179              		.loc 1 116 5 is_stmt 1 view .LVU42
 116:Core/Src/stm32f4xx_hal_msp.c ****     HAL_GPIO_Init(GPIOA, &GPIO_InitStruct);
 180              		.loc 1 116 31 is_stmt 0 view .LVU43
ARM GAS  C:\Users\kroko\AppData\Local\Temp\ccFb2S9F.s 			page 7


 181 0058 0523     		movs	r3, #5
 182 005a 0793     		str	r3, [sp, #28]
 117:Core/Src/stm32f4xx_hal_msp.c **** 
 183              		.loc 1 117 5 is_stmt 1 view .LVU44
 184 005c 03A9     		add	r1, sp, #12
 185 005e 1048     		ldr	r0, .L11+4
 186              	.LVL3:
 117:Core/Src/stm32f4xx_hal_msp.c **** 
 187              		.loc 1 117 5 is_stmt 0 view .LVU45
 188 0060 FFF7FEFF 		bl	HAL_GPIO_Init
 189              	.LVL4:
 121:Core/Src/stm32f4xx_hal_msp.c ****     hdma_spi1_tx.Init.Channel = DMA_CHANNEL_2;
 190              		.loc 1 121 5 is_stmt 1 view .LVU46
 121:Core/Src/stm32f4xx_hal_msp.c ****     hdma_spi1_tx.Init.Channel = DMA_CHANNEL_2;
 191              		.loc 1 121 27 is_stmt 0 view .LVU47
 192 0064 0F48     		ldr	r0, .L11+8
 193 0066 104B     		ldr	r3, .L11+12
 194 0068 0360     		str	r3, [r0]
 122:Core/Src/stm32f4xx_hal_msp.c ****     hdma_spi1_tx.Init.Direction = DMA_MEMORY_TO_PERIPH;
 195              		.loc 1 122 5 is_stmt 1 view .LVU48
 122:Core/Src/stm32f4xx_hal_msp.c ****     hdma_spi1_tx.Init.Direction = DMA_MEMORY_TO_PERIPH;
 196              		.loc 1 122 31 is_stmt 0 view .LVU49
 197 006a 4FF08063 		mov	r3, #67108864
 198 006e 4360     		str	r3, [r0, #4]
 123:Core/Src/stm32f4xx_hal_msp.c ****     hdma_spi1_tx.Init.PeriphInc = DMA_PINC_DISABLE;
 199              		.loc 1 123 5 is_stmt 1 view .LVU50
 123:Core/Src/stm32f4xx_hal_msp.c ****     hdma_spi1_tx.Init.PeriphInc = DMA_PINC_DISABLE;
 200              		.loc 1 123 33 is_stmt 0 view .LVU51
 201 0070 4023     		movs	r3, #64
 202 0072 8360     		str	r3, [r0, #8]
 124:Core/Src/stm32f4xx_hal_msp.c ****     hdma_spi1_tx.Init.MemInc = DMA_MINC_ENABLE;
 203              		.loc 1 124 5 is_stmt 1 view .LVU52
 124:Core/Src/stm32f4xx_hal_msp.c ****     hdma_spi1_tx.Init.MemInc = DMA_MINC_ENABLE;
 204              		.loc 1 124 33 is_stmt 0 view .LVU53
 205 0074 C560     		str	r5, [r0, #12]
 125:Core/Src/stm32f4xx_hal_msp.c ****     hdma_spi1_tx.Init.PeriphDataAlignment = DMA_PDATAALIGN_BYTE;
 206              		.loc 1 125 5 is_stmt 1 view .LVU54
 125:Core/Src/stm32f4xx_hal_msp.c ****     hdma_spi1_tx.Init.PeriphDataAlignment = DMA_PDATAALIGN_BYTE;
 207              		.loc 1 125 30 is_stmt 0 view .LVU55
 208 0076 4FF48063 		mov	r3, #1024
 209 007a 0361     		str	r3, [r0, #16]
 126:Core/Src/stm32f4xx_hal_msp.c ****     hdma_spi1_tx.Init.MemDataAlignment = DMA_MDATAALIGN_BYTE;
 210              		.loc 1 126 5 is_stmt 1 view .LVU56
 126:Core/Src/stm32f4xx_hal_msp.c ****     hdma_spi1_tx.Init.MemDataAlignment = DMA_MDATAALIGN_BYTE;
 211              		.loc 1 126 43 is_stmt 0 view .LVU57
 212 007c 4561     		str	r5, [r0, #20]
 127:Core/Src/stm32f4xx_hal_msp.c ****     hdma_spi1_tx.Init.Mode = DMA_NORMAL;
 213              		.loc 1 127 5 is_stmt 1 view .LVU58
 127:Core/Src/stm32f4xx_hal_msp.c ****     hdma_spi1_tx.Init.Mode = DMA_NORMAL;
 214              		.loc 1 127 40 is_stmt 0 view .LVU59
 215 007e 8561     		str	r5, [r0, #24]
 128:Core/Src/stm32f4xx_hal_msp.c ****     hdma_spi1_tx.Init.Priority = DMA_PRIORITY_LOW;
 216              		.loc 1 128 5 is_stmt 1 view .LVU60
 128:Core/Src/stm32f4xx_hal_msp.c ****     hdma_spi1_tx.Init.Priority = DMA_PRIORITY_LOW;
 217              		.loc 1 128 28 is_stmt 0 view .LVU61
 218 0080 C561     		str	r5, [r0, #28]
 129:Core/Src/stm32f4xx_hal_msp.c ****     hdma_spi1_tx.Init.FIFOMode = DMA_FIFOMODE_DISABLE;
ARM GAS  C:\Users\kroko\AppData\Local\Temp\ccFb2S9F.s 			page 8


 219              		.loc 1 129 5 is_stmt 1 view .LVU62
 129:Core/Src/stm32f4xx_hal_msp.c ****     hdma_spi1_tx.Init.FIFOMode = DMA_FIFOMODE_DISABLE;
 220              		.loc 1 129 32 is_stmt 0 view .LVU63
 221 0082 0562     		str	r5, [r0, #32]
 130:Core/Src/stm32f4xx_hal_msp.c ****     if (HAL_DMA_Init(&hdma_spi1_tx) != HAL_OK)
 222              		.loc 1 130 5 is_stmt 1 view .LVU64
 130:Core/Src/stm32f4xx_hal_msp.c ****     if (HAL_DMA_Init(&hdma_spi1_tx) != HAL_OK)
 223              		.loc 1 130 32 is_stmt 0 view .LVU65
 224 0084 4562     		str	r5, [r0, #36]
 131:Core/Src/stm32f4xx_hal_msp.c ****     {
 225              		.loc 1 131 5 is_stmt 1 view .LVU66
 131:Core/Src/stm32f4xx_hal_msp.c ****     {
 226              		.loc 1 131 9 is_stmt 0 view .LVU67
 227 0086 FFF7FEFF 		bl	HAL_DMA_Init
 228              	.LVL5:
 131:Core/Src/stm32f4xx_hal_msp.c ****     {
 229              		.loc 1 131 8 discriminator 1 view .LVU68
 230 008a 18B9     		cbnz	r0, .L10
 231              	.L7:
 136:Core/Src/stm32f4xx_hal_msp.c **** 
 232              		.loc 1 136 5 is_stmt 1 view .LVU69
 136:Core/Src/stm32f4xx_hal_msp.c **** 
 233              		.loc 1 136 5 view .LVU70
 234 008c 054B     		ldr	r3, .L11+8
 235 008e A364     		str	r3, [r4, #72]
 136:Core/Src/stm32f4xx_hal_msp.c **** 
 236              		.loc 1 136 5 view .LVU71
 237 0090 9C63     		str	r4, [r3, #56]
 136:Core/Src/stm32f4xx_hal_msp.c **** 
 238              		.loc 1 136 5 discriminator 1 view .LVU72
 239              		.loc 1 144 1 is_stmt 0 view .LVU73
 240 0092 C1E7     		b	.L5
 241              	.L10:
 133:Core/Src/stm32f4xx_hal_msp.c ****     }
 242              		.loc 1 133 7 is_stmt 1 view .LVU74
 243 0094 FFF7FEFF 		bl	Error_Handler
 244              	.LVL6:
 245 0098 F8E7     		b	.L7
 246              	.L12:
 247 009a 00BF     		.align	2
 248              	.L11:
 249 009c 00300140 		.word	1073819648
 250 00a0 00000240 		.word	1073872896
 251 00a4 00000000 		.word	hdma_spi1_tx
 252 00a8 40640240 		.word	1073898560
 253              		.cfi_endproc
 254              	.LFE135:
 256              		.section	.text.HAL_SPI_MspDeInit,"ax",%progbits
 257              		.align	1
 258              		.global	HAL_SPI_MspDeInit
 259              		.syntax unified
 260              		.thumb
 261              		.thumb_func
 263              	HAL_SPI_MspDeInit:
 264              	.LVL7:
 265              	.LFB136:
 145:Core/Src/stm32f4xx_hal_msp.c **** 
ARM GAS  C:\Users\kroko\AppData\Local\Temp\ccFb2S9F.s 			page 9


 146:Core/Src/stm32f4xx_hal_msp.c **** /**
 147:Core/Src/stm32f4xx_hal_msp.c **** * @brief SPI MSP De-Initialization
 148:Core/Src/stm32f4xx_hal_msp.c **** * This function freeze the hardware resources used in this example
 149:Core/Src/stm32f4xx_hal_msp.c **** * @param hspi: SPI handle pointer
 150:Core/Src/stm32f4xx_hal_msp.c **** * @retval None
 151:Core/Src/stm32f4xx_hal_msp.c **** */
 152:Core/Src/stm32f4xx_hal_msp.c **** void HAL_SPI_MspDeInit(SPI_HandleTypeDef* hspi)
 153:Core/Src/stm32f4xx_hal_msp.c **** {
 266              		.loc 1 153 1 view -0
 267              		.cfi_startproc
 268              		@ args = 0, pretend = 0, frame = 0
 269              		@ frame_needed = 0, uses_anonymous_args = 0
 154:Core/Src/stm32f4xx_hal_msp.c ****   if(hspi->Instance==SPI1)
 270              		.loc 1 154 3 view .LVU76
 271              		.loc 1 154 10 is_stmt 0 view .LVU77
 272 0000 0268     		ldr	r2, [r0]
 273              		.loc 1 154 5 view .LVU78
 274 0002 094B     		ldr	r3, .L20
 275 0004 9A42     		cmp	r2, r3
 276 0006 00D0     		beq	.L19
 277 0008 7047     		bx	lr
 278              	.L19:
 153:Core/Src/stm32f4xx_hal_msp.c ****   if(hspi->Instance==SPI1)
 279              		.loc 1 153 1 view .LVU79
 280 000a 10B5     		push	{r4, lr}
 281              		.cfi_def_cfa_offset 8
 282              		.cfi_offset 4, -8
 283              		.cfi_offset 14, -4
 284 000c 0446     		mov	r4, r0
 155:Core/Src/stm32f4xx_hal_msp.c ****   {
 156:Core/Src/stm32f4xx_hal_msp.c ****   /* USER CODE BEGIN SPI1_MspDeInit 0 */
 157:Core/Src/stm32f4xx_hal_msp.c **** 
 158:Core/Src/stm32f4xx_hal_msp.c ****   /* USER CODE END SPI1_MspDeInit 0 */
 159:Core/Src/stm32f4xx_hal_msp.c ****     /* Peripheral clock disable */
 160:Core/Src/stm32f4xx_hal_msp.c ****     __HAL_RCC_SPI1_CLK_DISABLE();
 285              		.loc 1 160 5 is_stmt 1 view .LVU80
 286 000e 074A     		ldr	r2, .L20+4
 287 0010 536C     		ldr	r3, [r2, #68]
 288 0012 23F48053 		bic	r3, r3, #4096
 289 0016 5364     		str	r3, [r2, #68]
 161:Core/Src/stm32f4xx_hal_msp.c **** 
 162:Core/Src/stm32f4xx_hal_msp.c ****     /**SPI1 GPIO Configuration
 163:Core/Src/stm32f4xx_hal_msp.c ****     PA4     ------> SPI1_NSS
 164:Core/Src/stm32f4xx_hal_msp.c ****     PA5     ------> SPI1_SCK
 165:Core/Src/stm32f4xx_hal_msp.c ****     PA7     ------> SPI1_MOSI
 166:Core/Src/stm32f4xx_hal_msp.c ****     */
 167:Core/Src/stm32f4xx_hal_msp.c ****     HAL_GPIO_DeInit(GPIOA, GPIO_PIN_4|GPIO_PIN_5|GPIO_PIN_7);
 290              		.loc 1 167 5 view .LVU81
 291 0018 B021     		movs	r1, #176
 292 001a 0548     		ldr	r0, .L20+8
 293              	.LVL8:
 294              		.loc 1 167 5 is_stmt 0 view .LVU82
 295 001c FFF7FEFF 		bl	HAL_GPIO_DeInit
 296              	.LVL9:
 168:Core/Src/stm32f4xx_hal_msp.c **** 
 169:Core/Src/stm32f4xx_hal_msp.c ****     /* SPI1 DMA DeInit */
 170:Core/Src/stm32f4xx_hal_msp.c ****     HAL_DMA_DeInit(hspi->hdmatx);
ARM GAS  C:\Users\kroko\AppData\Local\Temp\ccFb2S9F.s 			page 10


 297              		.loc 1 170 5 is_stmt 1 view .LVU83
 298 0020 A06C     		ldr	r0, [r4, #72]
 299 0022 FFF7FEFF 		bl	HAL_DMA_DeInit
 300              	.LVL10:
 171:Core/Src/stm32f4xx_hal_msp.c ****   /* USER CODE BEGIN SPI1_MspDeInit 1 */
 172:Core/Src/stm32f4xx_hal_msp.c **** 
 173:Core/Src/stm32f4xx_hal_msp.c ****   /* USER CODE END SPI1_MspDeInit 1 */
 174:Core/Src/stm32f4xx_hal_msp.c ****   }
 175:Core/Src/stm32f4xx_hal_msp.c **** 
 176:Core/Src/stm32f4xx_hal_msp.c **** }
 301              		.loc 1 176 1 is_stmt 0 view .LVU84
 302 0026 10BD     		pop	{r4, pc}
 303              	.LVL11:
 304              	.L21:
 305              		.loc 1 176 1 view .LVU85
 306              		.align	2
 307              	.L20:
 308 0028 00300140 		.word	1073819648
 309 002c 00380240 		.word	1073887232
 310 0030 00000240 		.word	1073872896
 311              		.cfi_endproc
 312              	.LFE136:
 314              		.section	.text.HAL_UART_MspInit,"ax",%progbits
 315              		.align	1
 316              		.global	HAL_UART_MspInit
 317              		.syntax unified
 318              		.thumb
 319              		.thumb_func
 321              	HAL_UART_MspInit:
 322              	.LVL12:
 323              	.LFB137:
 177:Core/Src/stm32f4xx_hal_msp.c **** 
 178:Core/Src/stm32f4xx_hal_msp.c **** /**
 179:Core/Src/stm32f4xx_hal_msp.c **** * @brief UART MSP Initialization
 180:Core/Src/stm32f4xx_hal_msp.c **** * This function configures the hardware resources used in this example
 181:Core/Src/stm32f4xx_hal_msp.c **** * @param huart: UART handle pointer
 182:Core/Src/stm32f4xx_hal_msp.c **** * @retval None
 183:Core/Src/stm32f4xx_hal_msp.c **** */
 184:Core/Src/stm32f4xx_hal_msp.c **** void HAL_UART_MspInit(UART_HandleTypeDef* huart)
 185:Core/Src/stm32f4xx_hal_msp.c **** {
 324              		.loc 1 185 1 is_stmt 1 view -0
 325              		.cfi_startproc
 326              		@ args = 0, pretend = 0, frame = 40
 327              		@ frame_needed = 0, uses_anonymous_args = 0
 328              		.loc 1 185 1 is_stmt 0 view .LVU87
 329 0000 30B5     		push	{r4, r5, lr}
 330              		.cfi_def_cfa_offset 12
 331              		.cfi_offset 4, -12
 332              		.cfi_offset 5, -8
 333              		.cfi_offset 14, -4
 334 0002 8BB0     		sub	sp, sp, #44
 335              		.cfi_def_cfa_offset 56
 336 0004 0446     		mov	r4, r0
 186:Core/Src/stm32f4xx_hal_msp.c ****   GPIO_InitTypeDef GPIO_InitStruct = {0};
 337              		.loc 1 186 3 is_stmt 1 view .LVU88
 338              		.loc 1 186 20 is_stmt 0 view .LVU89
 339 0006 0023     		movs	r3, #0
ARM GAS  C:\Users\kroko\AppData\Local\Temp\ccFb2S9F.s 			page 11


 340 0008 0593     		str	r3, [sp, #20]
 341 000a 0693     		str	r3, [sp, #24]
 342 000c 0793     		str	r3, [sp, #28]
 343 000e 0893     		str	r3, [sp, #32]
 344 0010 0993     		str	r3, [sp, #36]
 187:Core/Src/stm32f4xx_hal_msp.c ****   if(huart->Instance==UART5)
 345              		.loc 1 187 3 is_stmt 1 view .LVU90
 346              		.loc 1 187 11 is_stmt 0 view .LVU91
 347 0012 0368     		ldr	r3, [r0]
 348              		.loc 1 187 5 view .LVU92
 349 0014 564A     		ldr	r2, .L34
 350 0016 9342     		cmp	r3, r2
 351 0018 04D0     		beq	.L29
 188:Core/Src/stm32f4xx_hal_msp.c ****   {
 189:Core/Src/stm32f4xx_hal_msp.c ****   /* USER CODE BEGIN UART5_MspInit 0 */
 190:Core/Src/stm32f4xx_hal_msp.c **** 
 191:Core/Src/stm32f4xx_hal_msp.c ****   /* USER CODE END UART5_MspInit 0 */
 192:Core/Src/stm32f4xx_hal_msp.c ****     /* Peripheral clock enable */
 193:Core/Src/stm32f4xx_hal_msp.c ****     __HAL_RCC_UART5_CLK_ENABLE();
 194:Core/Src/stm32f4xx_hal_msp.c **** 
 195:Core/Src/stm32f4xx_hal_msp.c ****     __HAL_RCC_GPIOB_CLK_ENABLE();
 196:Core/Src/stm32f4xx_hal_msp.c ****     /**UART5 GPIO Configuration
 197:Core/Src/stm32f4xx_hal_msp.c ****     PB12     ------> UART5_RX
 198:Core/Src/stm32f4xx_hal_msp.c ****     PB13     ------> UART5_TX
 199:Core/Src/stm32f4xx_hal_msp.c ****     */
 200:Core/Src/stm32f4xx_hal_msp.c ****     GPIO_InitStruct.Pin = GPIO_PIN_12|GPIO_PIN_13;
 201:Core/Src/stm32f4xx_hal_msp.c ****     GPIO_InitStruct.Mode = GPIO_MODE_AF_PP;
 202:Core/Src/stm32f4xx_hal_msp.c ****     GPIO_InitStruct.Pull = GPIO_NOPULL;
 203:Core/Src/stm32f4xx_hal_msp.c ****     GPIO_InitStruct.Speed = GPIO_SPEED_FREQ_VERY_HIGH;
 204:Core/Src/stm32f4xx_hal_msp.c ****     GPIO_InitStruct.Alternate = GPIO_AF11_UART5;
 205:Core/Src/stm32f4xx_hal_msp.c ****     HAL_GPIO_Init(GPIOB, &GPIO_InitStruct);
 206:Core/Src/stm32f4xx_hal_msp.c **** 
 207:Core/Src/stm32f4xx_hal_msp.c ****     /* UART5 DMA Init */
 208:Core/Src/stm32f4xx_hal_msp.c ****     /* UART5_RX Init */
 209:Core/Src/stm32f4xx_hal_msp.c ****     hdma_uart5_rx.Instance = DMA1_Stream0;
 210:Core/Src/stm32f4xx_hal_msp.c ****     hdma_uart5_rx.Init.Channel = DMA_CHANNEL_4;
 211:Core/Src/stm32f4xx_hal_msp.c ****     hdma_uart5_rx.Init.Direction = DMA_PERIPH_TO_MEMORY;
 212:Core/Src/stm32f4xx_hal_msp.c ****     hdma_uart5_rx.Init.PeriphInc = DMA_PINC_DISABLE;
 213:Core/Src/stm32f4xx_hal_msp.c ****     hdma_uart5_rx.Init.MemInc = DMA_MINC_ENABLE;
 214:Core/Src/stm32f4xx_hal_msp.c ****     hdma_uart5_rx.Init.PeriphDataAlignment = DMA_PDATAALIGN_BYTE;
 215:Core/Src/stm32f4xx_hal_msp.c ****     hdma_uart5_rx.Init.MemDataAlignment = DMA_MDATAALIGN_BYTE;
 216:Core/Src/stm32f4xx_hal_msp.c ****     hdma_uart5_rx.Init.Mode = DMA_NORMAL;
 217:Core/Src/stm32f4xx_hal_msp.c ****     hdma_uart5_rx.Init.Priority = DMA_PRIORITY_LOW;
 218:Core/Src/stm32f4xx_hal_msp.c ****     hdma_uart5_rx.Init.FIFOMode = DMA_FIFOMODE_DISABLE;
 219:Core/Src/stm32f4xx_hal_msp.c ****     if (HAL_DMA_Init(&hdma_uart5_rx) != HAL_OK)
 220:Core/Src/stm32f4xx_hal_msp.c ****     {
 221:Core/Src/stm32f4xx_hal_msp.c ****       Error_Handler();
 222:Core/Src/stm32f4xx_hal_msp.c ****     }
 223:Core/Src/stm32f4xx_hal_msp.c **** 
 224:Core/Src/stm32f4xx_hal_msp.c ****     __HAL_LINKDMA(huart,hdmarx,hdma_uart5_rx);
 225:Core/Src/stm32f4xx_hal_msp.c **** 
 226:Core/Src/stm32f4xx_hal_msp.c ****     /* UART5_TX Init */
 227:Core/Src/stm32f4xx_hal_msp.c ****     hdma_uart5_tx.Instance = DMA1_Stream7;
 228:Core/Src/stm32f4xx_hal_msp.c ****     hdma_uart5_tx.Init.Channel = DMA_CHANNEL_8;
 229:Core/Src/stm32f4xx_hal_msp.c ****     hdma_uart5_tx.Init.Direction = DMA_MEMORY_TO_PERIPH;
 230:Core/Src/stm32f4xx_hal_msp.c ****     hdma_uart5_tx.Init.PeriphInc = DMA_PINC_DISABLE;
 231:Core/Src/stm32f4xx_hal_msp.c ****     hdma_uart5_tx.Init.MemInc = DMA_MINC_ENABLE;
ARM GAS  C:\Users\kroko\AppData\Local\Temp\ccFb2S9F.s 			page 12


 232:Core/Src/stm32f4xx_hal_msp.c ****     hdma_uart5_tx.Init.PeriphDataAlignment = DMA_PDATAALIGN_BYTE;
 233:Core/Src/stm32f4xx_hal_msp.c ****     hdma_uart5_tx.Init.MemDataAlignment = DMA_MDATAALIGN_BYTE;
 234:Core/Src/stm32f4xx_hal_msp.c ****     hdma_uart5_tx.Init.Mode = DMA_NORMAL;
 235:Core/Src/stm32f4xx_hal_msp.c ****     hdma_uart5_tx.Init.Priority = DMA_PRIORITY_LOW;
 236:Core/Src/stm32f4xx_hal_msp.c ****     hdma_uart5_tx.Init.FIFOMode = DMA_FIFOMODE_DISABLE;
 237:Core/Src/stm32f4xx_hal_msp.c ****     if (HAL_DMA_Init(&hdma_uart5_tx) != HAL_OK)
 238:Core/Src/stm32f4xx_hal_msp.c ****     {
 239:Core/Src/stm32f4xx_hal_msp.c ****       Error_Handler();
 240:Core/Src/stm32f4xx_hal_msp.c ****     }
 241:Core/Src/stm32f4xx_hal_msp.c **** 
 242:Core/Src/stm32f4xx_hal_msp.c ****     __HAL_LINKDMA(huart,hdmatx,hdma_uart5_tx);
 243:Core/Src/stm32f4xx_hal_msp.c **** 
 244:Core/Src/stm32f4xx_hal_msp.c ****     /* UART5 interrupt Init */
 245:Core/Src/stm32f4xx_hal_msp.c ****     HAL_NVIC_SetPriority(UART5_IRQn, 0, 0);
 246:Core/Src/stm32f4xx_hal_msp.c ****     HAL_NVIC_EnableIRQ(UART5_IRQn);
 247:Core/Src/stm32f4xx_hal_msp.c ****   /* USER CODE BEGIN UART5_MspInit 1 */
 248:Core/Src/stm32f4xx_hal_msp.c **** 
 249:Core/Src/stm32f4xx_hal_msp.c ****   /* USER CODE END UART5_MspInit 1 */
 250:Core/Src/stm32f4xx_hal_msp.c ****   }
 251:Core/Src/stm32f4xx_hal_msp.c ****   else if(huart->Instance==UART8)
 352              		.loc 1 251 8 is_stmt 1 view .LVU93
 353              		.loc 1 251 10 is_stmt 0 view .LVU94
 354 001a 564A     		ldr	r2, .L34+4
 355 001c 9342     		cmp	r3, r2
 356 001e 61D0     		beq	.L30
 357              	.LVL13:
 358              	.L22:
 252:Core/Src/stm32f4xx_hal_msp.c ****   {
 253:Core/Src/stm32f4xx_hal_msp.c ****   /* USER CODE BEGIN UART8_MspInit 0 */
 254:Core/Src/stm32f4xx_hal_msp.c **** 
 255:Core/Src/stm32f4xx_hal_msp.c ****   /* USER CODE END UART8_MspInit 0 */
 256:Core/Src/stm32f4xx_hal_msp.c ****     /* Peripheral clock enable */
 257:Core/Src/stm32f4xx_hal_msp.c ****     __HAL_RCC_UART8_CLK_ENABLE();
 258:Core/Src/stm32f4xx_hal_msp.c **** 
 259:Core/Src/stm32f4xx_hal_msp.c ****     __HAL_RCC_GPIOF_CLK_ENABLE();
 260:Core/Src/stm32f4xx_hal_msp.c ****     /**UART8 GPIO Configuration
 261:Core/Src/stm32f4xx_hal_msp.c ****     PF8     ------> UART8_RX
 262:Core/Src/stm32f4xx_hal_msp.c ****     PF9     ------> UART8_TX
 263:Core/Src/stm32f4xx_hal_msp.c ****     */
 264:Core/Src/stm32f4xx_hal_msp.c ****     GPIO_InitStruct.Pin = GPIO_PIN_8|GPIO_PIN_9;
 265:Core/Src/stm32f4xx_hal_msp.c ****     GPIO_InitStruct.Mode = GPIO_MODE_AF_PP;
 266:Core/Src/stm32f4xx_hal_msp.c ****     GPIO_InitStruct.Pull = GPIO_NOPULL;
 267:Core/Src/stm32f4xx_hal_msp.c ****     GPIO_InitStruct.Speed = GPIO_SPEED_FREQ_VERY_HIGH;
 268:Core/Src/stm32f4xx_hal_msp.c ****     GPIO_InitStruct.Alternate = GPIO_AF8_UART8;
 269:Core/Src/stm32f4xx_hal_msp.c ****     HAL_GPIO_Init(GPIOF, &GPIO_InitStruct);
 270:Core/Src/stm32f4xx_hal_msp.c **** 
 271:Core/Src/stm32f4xx_hal_msp.c ****     /* UART8 DMA Init */
 272:Core/Src/stm32f4xx_hal_msp.c ****     /* UART8_RX Init */
 273:Core/Src/stm32f4xx_hal_msp.c ****     hdma_uart8_rx.Instance = DMA1_Stream6;
 274:Core/Src/stm32f4xx_hal_msp.c ****     hdma_uart8_rx.Init.Channel = DMA_CHANNEL_5;
 275:Core/Src/stm32f4xx_hal_msp.c ****     hdma_uart8_rx.Init.Direction = DMA_PERIPH_TO_MEMORY;
 276:Core/Src/stm32f4xx_hal_msp.c ****     hdma_uart8_rx.Init.PeriphInc = DMA_PINC_DISABLE;
 277:Core/Src/stm32f4xx_hal_msp.c ****     hdma_uart8_rx.Init.MemInc = DMA_MINC_ENABLE;
 278:Core/Src/stm32f4xx_hal_msp.c ****     hdma_uart8_rx.Init.PeriphDataAlignment = DMA_PDATAALIGN_BYTE;
 279:Core/Src/stm32f4xx_hal_msp.c ****     hdma_uart8_rx.Init.MemDataAlignment = DMA_MDATAALIGN_BYTE;
 280:Core/Src/stm32f4xx_hal_msp.c ****     hdma_uart8_rx.Init.Mode = DMA_NORMAL;
 281:Core/Src/stm32f4xx_hal_msp.c ****     hdma_uart8_rx.Init.Priority = DMA_PRIORITY_LOW;
ARM GAS  C:\Users\kroko\AppData\Local\Temp\ccFb2S9F.s 			page 13


 282:Core/Src/stm32f4xx_hal_msp.c ****     hdma_uart8_rx.Init.FIFOMode = DMA_FIFOMODE_DISABLE;
 283:Core/Src/stm32f4xx_hal_msp.c ****     if (HAL_DMA_Init(&hdma_uart8_rx) != HAL_OK)
 284:Core/Src/stm32f4xx_hal_msp.c ****     {
 285:Core/Src/stm32f4xx_hal_msp.c ****       Error_Handler();
 286:Core/Src/stm32f4xx_hal_msp.c ****     }
 287:Core/Src/stm32f4xx_hal_msp.c **** 
 288:Core/Src/stm32f4xx_hal_msp.c ****     __HAL_LINKDMA(huart,hdmarx,hdma_uart8_rx);
 289:Core/Src/stm32f4xx_hal_msp.c **** 
 290:Core/Src/stm32f4xx_hal_msp.c ****     /* UART8 interrupt Init */
 291:Core/Src/stm32f4xx_hal_msp.c ****     HAL_NVIC_SetPriority(UART8_IRQn, 0, 0);
 292:Core/Src/stm32f4xx_hal_msp.c ****     HAL_NVIC_EnableIRQ(UART8_IRQn);
 293:Core/Src/stm32f4xx_hal_msp.c ****   /* USER CODE BEGIN UART8_MspInit 1 */
 294:Core/Src/stm32f4xx_hal_msp.c **** 
 295:Core/Src/stm32f4xx_hal_msp.c ****   /* USER CODE END UART8_MspInit 1 */
 296:Core/Src/stm32f4xx_hal_msp.c ****   }
 297:Core/Src/stm32f4xx_hal_msp.c **** 
 298:Core/Src/stm32f4xx_hal_msp.c **** }
 359              		.loc 1 298 1 view .LVU95
 360 0020 0BB0     		add	sp, sp, #44
 361              		.cfi_remember_state
 362              		.cfi_def_cfa_offset 12
 363              		@ sp needed
 364 0022 30BD     		pop	{r4, r5, pc}
 365              	.LVL14:
 366              	.L29:
 367              		.cfi_restore_state
 193:Core/Src/stm32f4xx_hal_msp.c **** 
 368              		.loc 1 193 5 is_stmt 1 view .LVU96
 369              	.LBB6:
 193:Core/Src/stm32f4xx_hal_msp.c **** 
 370              		.loc 1 193 5 view .LVU97
 371 0024 0025     		movs	r5, #0
 372 0026 0195     		str	r5, [sp, #4]
 193:Core/Src/stm32f4xx_hal_msp.c **** 
 373              		.loc 1 193 5 view .LVU98
 374 0028 534B     		ldr	r3, .L34+8
 375 002a 1A6C     		ldr	r2, [r3, #64]
 376 002c 42F48012 		orr	r2, r2, #1048576
 377 0030 1A64     		str	r2, [r3, #64]
 193:Core/Src/stm32f4xx_hal_msp.c **** 
 378              		.loc 1 193 5 view .LVU99
 379 0032 1A6C     		ldr	r2, [r3, #64]
 380 0034 02F48012 		and	r2, r2, #1048576
 381 0038 0192     		str	r2, [sp, #4]
 193:Core/Src/stm32f4xx_hal_msp.c **** 
 382              		.loc 1 193 5 view .LVU100
 383 003a 019A     		ldr	r2, [sp, #4]
 384              	.LBE6:
 193:Core/Src/stm32f4xx_hal_msp.c **** 
 385              		.loc 1 193 5 view .LVU101
 195:Core/Src/stm32f4xx_hal_msp.c ****     /**UART5 GPIO Configuration
 386              		.loc 1 195 5 view .LVU102
 387              	.LBB7:
 195:Core/Src/stm32f4xx_hal_msp.c ****     /**UART5 GPIO Configuration
 388              		.loc 1 195 5 view .LVU103
 389 003c 0295     		str	r5, [sp, #8]
 195:Core/Src/stm32f4xx_hal_msp.c ****     /**UART5 GPIO Configuration
ARM GAS  C:\Users\kroko\AppData\Local\Temp\ccFb2S9F.s 			page 14


 390              		.loc 1 195 5 view .LVU104
 391 003e 1A6B     		ldr	r2, [r3, #48]
 392 0040 42F00202 		orr	r2, r2, #2
 393 0044 1A63     		str	r2, [r3, #48]
 195:Core/Src/stm32f4xx_hal_msp.c ****     /**UART5 GPIO Configuration
 394              		.loc 1 195 5 view .LVU105
 395 0046 1B6B     		ldr	r3, [r3, #48]
 396 0048 03F00203 		and	r3, r3, #2
 397 004c 0293     		str	r3, [sp, #8]
 195:Core/Src/stm32f4xx_hal_msp.c ****     /**UART5 GPIO Configuration
 398              		.loc 1 195 5 view .LVU106
 399 004e 029B     		ldr	r3, [sp, #8]
 400              	.LBE7:
 195:Core/Src/stm32f4xx_hal_msp.c ****     /**UART5 GPIO Configuration
 401              		.loc 1 195 5 view .LVU107
 200:Core/Src/stm32f4xx_hal_msp.c ****     GPIO_InitStruct.Mode = GPIO_MODE_AF_PP;
 402              		.loc 1 200 5 view .LVU108
 200:Core/Src/stm32f4xx_hal_msp.c ****     GPIO_InitStruct.Mode = GPIO_MODE_AF_PP;
 403              		.loc 1 200 25 is_stmt 0 view .LVU109
 404 0050 4FF44053 		mov	r3, #12288
 405 0054 0593     		str	r3, [sp, #20]
 201:Core/Src/stm32f4xx_hal_msp.c ****     GPIO_InitStruct.Pull = GPIO_NOPULL;
 406              		.loc 1 201 5 is_stmt 1 view .LVU110
 201:Core/Src/stm32f4xx_hal_msp.c ****     GPIO_InitStruct.Pull = GPIO_NOPULL;
 407              		.loc 1 201 26 is_stmt 0 view .LVU111
 408 0056 0223     		movs	r3, #2
 409 0058 0693     		str	r3, [sp, #24]
 202:Core/Src/stm32f4xx_hal_msp.c ****     GPIO_InitStruct.Speed = GPIO_SPEED_FREQ_VERY_HIGH;
 410              		.loc 1 202 5 is_stmt 1 view .LVU112
 203:Core/Src/stm32f4xx_hal_msp.c ****     GPIO_InitStruct.Alternate = GPIO_AF11_UART5;
 411              		.loc 1 203 5 view .LVU113
 203:Core/Src/stm32f4xx_hal_msp.c ****     GPIO_InitStruct.Alternate = GPIO_AF11_UART5;
 412              		.loc 1 203 27 is_stmt 0 view .LVU114
 413 005a 0323     		movs	r3, #3
 414 005c 0893     		str	r3, [sp, #32]
 204:Core/Src/stm32f4xx_hal_msp.c ****     HAL_GPIO_Init(GPIOB, &GPIO_InitStruct);
 415              		.loc 1 204 5 is_stmt 1 view .LVU115
 204:Core/Src/stm32f4xx_hal_msp.c ****     HAL_GPIO_Init(GPIOB, &GPIO_InitStruct);
 416              		.loc 1 204 31 is_stmt 0 view .LVU116
 417 005e 0B23     		movs	r3, #11
 418 0060 0993     		str	r3, [sp, #36]
 205:Core/Src/stm32f4xx_hal_msp.c **** 
 419              		.loc 1 205 5 is_stmt 1 view .LVU117
 420 0062 05A9     		add	r1, sp, #20
 421 0064 4548     		ldr	r0, .L34+12
 422              	.LVL15:
 205:Core/Src/stm32f4xx_hal_msp.c **** 
 423              		.loc 1 205 5 is_stmt 0 view .LVU118
 424 0066 FFF7FEFF 		bl	HAL_GPIO_Init
 425              	.LVL16:
 209:Core/Src/stm32f4xx_hal_msp.c ****     hdma_uart5_rx.Init.Channel = DMA_CHANNEL_4;
 426              		.loc 1 209 5 is_stmt 1 view .LVU119
 209:Core/Src/stm32f4xx_hal_msp.c ****     hdma_uart5_rx.Init.Channel = DMA_CHANNEL_4;
 427              		.loc 1 209 28 is_stmt 0 view .LVU120
 428 006a 4548     		ldr	r0, .L34+16
 429 006c 454B     		ldr	r3, .L34+20
 430 006e 0360     		str	r3, [r0]
ARM GAS  C:\Users\kroko\AppData\Local\Temp\ccFb2S9F.s 			page 15


 210:Core/Src/stm32f4xx_hal_msp.c ****     hdma_uart5_rx.Init.Direction = DMA_PERIPH_TO_MEMORY;
 431              		.loc 1 210 5 is_stmt 1 view .LVU121
 210:Core/Src/stm32f4xx_hal_msp.c ****     hdma_uart5_rx.Init.Direction = DMA_PERIPH_TO_MEMORY;
 432              		.loc 1 210 32 is_stmt 0 view .LVU122
 433 0070 4FF00063 		mov	r3, #134217728
 434 0074 4360     		str	r3, [r0, #4]
 211:Core/Src/stm32f4xx_hal_msp.c ****     hdma_uart5_rx.Init.PeriphInc = DMA_PINC_DISABLE;
 435              		.loc 1 211 5 is_stmt 1 view .LVU123
 211:Core/Src/stm32f4xx_hal_msp.c ****     hdma_uart5_rx.Init.PeriphInc = DMA_PINC_DISABLE;
 436              		.loc 1 211 34 is_stmt 0 view .LVU124
 437 0076 8560     		str	r5, [r0, #8]
 212:Core/Src/stm32f4xx_hal_msp.c ****     hdma_uart5_rx.Init.MemInc = DMA_MINC_ENABLE;
 438              		.loc 1 212 5 is_stmt 1 view .LVU125
 212:Core/Src/stm32f4xx_hal_msp.c ****     hdma_uart5_rx.Init.MemInc = DMA_MINC_ENABLE;
 439              		.loc 1 212 34 is_stmt 0 view .LVU126
 440 0078 C560     		str	r5, [r0, #12]
 213:Core/Src/stm32f4xx_hal_msp.c ****     hdma_uart5_rx.Init.PeriphDataAlignment = DMA_PDATAALIGN_BYTE;
 441              		.loc 1 213 5 is_stmt 1 view .LVU127
 213:Core/Src/stm32f4xx_hal_msp.c ****     hdma_uart5_rx.Init.PeriphDataAlignment = DMA_PDATAALIGN_BYTE;
 442              		.loc 1 213 31 is_stmt 0 view .LVU128
 443 007a 4FF48063 		mov	r3, #1024
 444 007e 0361     		str	r3, [r0, #16]
 214:Core/Src/stm32f4xx_hal_msp.c ****     hdma_uart5_rx.Init.MemDataAlignment = DMA_MDATAALIGN_BYTE;
 445              		.loc 1 214 5 is_stmt 1 view .LVU129
 214:Core/Src/stm32f4xx_hal_msp.c ****     hdma_uart5_rx.Init.MemDataAlignment = DMA_MDATAALIGN_BYTE;
 446              		.loc 1 214 44 is_stmt 0 view .LVU130
 447 0080 4561     		str	r5, [r0, #20]
 215:Core/Src/stm32f4xx_hal_msp.c ****     hdma_uart5_rx.Init.Mode = DMA_NORMAL;
 448              		.loc 1 215 5 is_stmt 1 view .LVU131
 215:Core/Src/stm32f4xx_hal_msp.c ****     hdma_uart5_rx.Init.Mode = DMA_NORMAL;
 449              		.loc 1 215 41 is_stmt 0 view .LVU132
 450 0082 8561     		str	r5, [r0, #24]
 216:Core/Src/stm32f4xx_hal_msp.c ****     hdma_uart5_rx.Init.Priority = DMA_PRIORITY_LOW;
 451              		.loc 1 216 5 is_stmt 1 view .LVU133
 216:Core/Src/stm32f4xx_hal_msp.c ****     hdma_uart5_rx.Init.Priority = DMA_PRIORITY_LOW;
 452              		.loc 1 216 29 is_stmt 0 view .LVU134
 453 0084 C561     		str	r5, [r0, #28]
 217:Core/Src/stm32f4xx_hal_msp.c ****     hdma_uart5_rx.Init.FIFOMode = DMA_FIFOMODE_DISABLE;
 454              		.loc 1 217 5 is_stmt 1 view .LVU135
 217:Core/Src/stm32f4xx_hal_msp.c ****     hdma_uart5_rx.Init.FIFOMode = DMA_FIFOMODE_DISABLE;
 455              		.loc 1 217 33 is_stmt 0 view .LVU136
 456 0086 0562     		str	r5, [r0, #32]
 218:Core/Src/stm32f4xx_hal_msp.c ****     if (HAL_DMA_Init(&hdma_uart5_rx) != HAL_OK)
 457              		.loc 1 218 5 is_stmt 1 view .LVU137
 218:Core/Src/stm32f4xx_hal_msp.c ****     if (HAL_DMA_Init(&hdma_uart5_rx) != HAL_OK)
 458              		.loc 1 218 33 is_stmt 0 view .LVU138
 459 0088 4562     		str	r5, [r0, #36]
 219:Core/Src/stm32f4xx_hal_msp.c ****     {
 460              		.loc 1 219 5 is_stmt 1 view .LVU139
 219:Core/Src/stm32f4xx_hal_msp.c ****     {
 461              		.loc 1 219 9 is_stmt 0 view .LVU140
 462 008a FFF7FEFF 		bl	HAL_DMA_Init
 463              	.LVL17:
 219:Core/Src/stm32f4xx_hal_msp.c ****     {
 464              		.loc 1 219 8 discriminator 1 view .LVU141
 465 008e 18BB     		cbnz	r0, .L31
 466              	.L24:
ARM GAS  C:\Users\kroko\AppData\Local\Temp\ccFb2S9F.s 			page 16


 224:Core/Src/stm32f4xx_hal_msp.c **** 
 467              		.loc 1 224 5 is_stmt 1 view .LVU142
 224:Core/Src/stm32f4xx_hal_msp.c **** 
 468              		.loc 1 224 5 view .LVU143
 469 0090 3B4B     		ldr	r3, .L34+16
 470 0092 E363     		str	r3, [r4, #60]
 224:Core/Src/stm32f4xx_hal_msp.c **** 
 471              		.loc 1 224 5 view .LVU144
 472 0094 9C63     		str	r4, [r3, #56]
 224:Core/Src/stm32f4xx_hal_msp.c **** 
 473              		.loc 1 224 5 view .LVU145
 227:Core/Src/stm32f4xx_hal_msp.c ****     hdma_uart5_tx.Init.Channel = DMA_CHANNEL_8;
 474              		.loc 1 227 5 view .LVU146
 227:Core/Src/stm32f4xx_hal_msp.c ****     hdma_uart5_tx.Init.Channel = DMA_CHANNEL_8;
 475              		.loc 1 227 28 is_stmt 0 view .LVU147
 476 0096 3C48     		ldr	r0, .L34+24
 477 0098 3C4B     		ldr	r3, .L34+28
 478 009a 0360     		str	r3, [r0]
 228:Core/Src/stm32f4xx_hal_msp.c ****     hdma_uart5_tx.Init.Direction = DMA_MEMORY_TO_PERIPH;
 479              		.loc 1 228 5 is_stmt 1 view .LVU148
 228:Core/Src/stm32f4xx_hal_msp.c ****     hdma_uart5_tx.Init.Direction = DMA_MEMORY_TO_PERIPH;
 480              		.loc 1 228 32 is_stmt 0 view .LVU149
 481 009c 4FF08053 		mov	r3, #268435456
 482 00a0 4360     		str	r3, [r0, #4]
 229:Core/Src/stm32f4xx_hal_msp.c ****     hdma_uart5_tx.Init.PeriphInc = DMA_PINC_DISABLE;
 483              		.loc 1 229 5 is_stmt 1 view .LVU150
 229:Core/Src/stm32f4xx_hal_msp.c ****     hdma_uart5_tx.Init.PeriphInc = DMA_PINC_DISABLE;
 484              		.loc 1 229 34 is_stmt 0 view .LVU151
 485 00a2 4023     		movs	r3, #64
 486 00a4 8360     		str	r3, [r0, #8]
 230:Core/Src/stm32f4xx_hal_msp.c ****     hdma_uart5_tx.Init.MemInc = DMA_MINC_ENABLE;
 487              		.loc 1 230 5 is_stmt 1 view .LVU152
 230:Core/Src/stm32f4xx_hal_msp.c ****     hdma_uart5_tx.Init.MemInc = DMA_MINC_ENABLE;
 488              		.loc 1 230 34 is_stmt 0 view .LVU153
 489 00a6 0023     		movs	r3, #0
 490 00a8 C360     		str	r3, [r0, #12]
 231:Core/Src/stm32f4xx_hal_msp.c ****     hdma_uart5_tx.Init.PeriphDataAlignment = DMA_PDATAALIGN_BYTE;
 491              		.loc 1 231 5 is_stmt 1 view .LVU154
 231:Core/Src/stm32f4xx_hal_msp.c ****     hdma_uart5_tx.Init.PeriphDataAlignment = DMA_PDATAALIGN_BYTE;
 492              		.loc 1 231 31 is_stmt 0 view .LVU155
 493 00aa 4FF48062 		mov	r2, #1024
 494 00ae 0261     		str	r2, [r0, #16]
 232:Core/Src/stm32f4xx_hal_msp.c ****     hdma_uart5_tx.Init.MemDataAlignment = DMA_MDATAALIGN_BYTE;
 495              		.loc 1 232 5 is_stmt 1 view .LVU156
 232:Core/Src/stm32f4xx_hal_msp.c ****     hdma_uart5_tx.Init.MemDataAlignment = DMA_MDATAALIGN_BYTE;
 496              		.loc 1 232 44 is_stmt 0 view .LVU157
 497 00b0 4361     		str	r3, [r0, #20]
 233:Core/Src/stm32f4xx_hal_msp.c ****     hdma_uart5_tx.Init.Mode = DMA_NORMAL;
 498              		.loc 1 233 5 is_stmt 1 view .LVU158
 233:Core/Src/stm32f4xx_hal_msp.c ****     hdma_uart5_tx.Init.Mode = DMA_NORMAL;
 499              		.loc 1 233 41 is_stmt 0 view .LVU159
 500 00b2 8361     		str	r3, [r0, #24]
 234:Core/Src/stm32f4xx_hal_msp.c ****     hdma_uart5_tx.Init.Priority = DMA_PRIORITY_LOW;
 501              		.loc 1 234 5 is_stmt 1 view .LVU160
 234:Core/Src/stm32f4xx_hal_msp.c ****     hdma_uart5_tx.Init.Priority = DMA_PRIORITY_LOW;
 502              		.loc 1 234 29 is_stmt 0 view .LVU161
 503 00b4 C361     		str	r3, [r0, #28]
ARM GAS  C:\Users\kroko\AppData\Local\Temp\ccFb2S9F.s 			page 17


 235:Core/Src/stm32f4xx_hal_msp.c ****     hdma_uart5_tx.Init.FIFOMode = DMA_FIFOMODE_DISABLE;
 504              		.loc 1 235 5 is_stmt 1 view .LVU162
 235:Core/Src/stm32f4xx_hal_msp.c ****     hdma_uart5_tx.Init.FIFOMode = DMA_FIFOMODE_DISABLE;
 505              		.loc 1 235 33 is_stmt 0 view .LVU163
 506 00b6 0362     		str	r3, [r0, #32]
 236:Core/Src/stm32f4xx_hal_msp.c ****     if (HAL_DMA_Init(&hdma_uart5_tx) != HAL_OK)
 507              		.loc 1 236 5 is_stmt 1 view .LVU164
 236:Core/Src/stm32f4xx_hal_msp.c ****     if (HAL_DMA_Init(&hdma_uart5_tx) != HAL_OK)
 508              		.loc 1 236 33 is_stmt 0 view .LVU165
 509 00b8 4362     		str	r3, [r0, #36]
 237:Core/Src/stm32f4xx_hal_msp.c ****     {
 510              		.loc 1 237 5 is_stmt 1 view .LVU166
 237:Core/Src/stm32f4xx_hal_msp.c ****     {
 511              		.loc 1 237 9 is_stmt 0 view .LVU167
 512 00ba FFF7FEFF 		bl	HAL_DMA_Init
 513              	.LVL18:
 237:Core/Src/stm32f4xx_hal_msp.c ****     {
 514              		.loc 1 237 8 discriminator 1 view .LVU168
 515 00be 70B9     		cbnz	r0, .L32
 516              	.L25:
 242:Core/Src/stm32f4xx_hal_msp.c **** 
 517              		.loc 1 242 5 is_stmt 1 view .LVU169
 242:Core/Src/stm32f4xx_hal_msp.c **** 
 518              		.loc 1 242 5 view .LVU170
 519 00c0 314B     		ldr	r3, .L34+24
 520 00c2 A363     		str	r3, [r4, #56]
 242:Core/Src/stm32f4xx_hal_msp.c **** 
 521              		.loc 1 242 5 view .LVU171
 522 00c4 9C63     		str	r4, [r3, #56]
 242:Core/Src/stm32f4xx_hal_msp.c **** 
 523              		.loc 1 242 5 view .LVU172
 245:Core/Src/stm32f4xx_hal_msp.c ****     HAL_NVIC_EnableIRQ(UART5_IRQn);
 524              		.loc 1 245 5 view .LVU173
 525 00c6 0022     		movs	r2, #0
 526 00c8 1146     		mov	r1, r2
 527 00ca 3520     		movs	r0, #53
 528 00cc FFF7FEFF 		bl	HAL_NVIC_SetPriority
 529              	.LVL19:
 246:Core/Src/stm32f4xx_hal_msp.c ****   /* USER CODE BEGIN UART5_MspInit 1 */
 530              		.loc 1 246 5 view .LVU174
 531 00d0 3520     		movs	r0, #53
 532 00d2 FFF7FEFF 		bl	HAL_NVIC_EnableIRQ
 533              	.LVL20:
 534 00d6 A3E7     		b	.L22
 535              	.L31:
 221:Core/Src/stm32f4xx_hal_msp.c ****     }
 536              		.loc 1 221 7 view .LVU175
 537 00d8 FFF7FEFF 		bl	Error_Handler
 538              	.LVL21:
 539 00dc D8E7     		b	.L24
 540              	.L32:
 239:Core/Src/stm32f4xx_hal_msp.c ****     }
 541              		.loc 1 239 7 view .LVU176
 542 00de FFF7FEFF 		bl	Error_Handler
 543              	.LVL22:
 544 00e2 EDE7     		b	.L25
 545              	.LVL23:
ARM GAS  C:\Users\kroko\AppData\Local\Temp\ccFb2S9F.s 			page 18


 546              	.L30:
 257:Core/Src/stm32f4xx_hal_msp.c **** 
 547              		.loc 1 257 5 view .LVU177
 548              	.LBB8:
 257:Core/Src/stm32f4xx_hal_msp.c **** 
 549              		.loc 1 257 5 view .LVU178
 550 00e4 0025     		movs	r5, #0
 551 00e6 0395     		str	r5, [sp, #12]
 257:Core/Src/stm32f4xx_hal_msp.c **** 
 552              		.loc 1 257 5 view .LVU179
 553 00e8 234B     		ldr	r3, .L34+8
 554 00ea 1A6C     		ldr	r2, [r3, #64]
 555 00ec 42F00042 		orr	r2, r2, #-2147483648
 556 00f0 1A64     		str	r2, [r3, #64]
 257:Core/Src/stm32f4xx_hal_msp.c **** 
 557              		.loc 1 257 5 view .LVU180
 558 00f2 1A6C     		ldr	r2, [r3, #64]
 559 00f4 02F00042 		and	r2, r2, #-2147483648
 560 00f8 0392     		str	r2, [sp, #12]
 257:Core/Src/stm32f4xx_hal_msp.c **** 
 561              		.loc 1 257 5 view .LVU181
 562 00fa 039A     		ldr	r2, [sp, #12]
 563              	.LBE8:
 257:Core/Src/stm32f4xx_hal_msp.c **** 
 564              		.loc 1 257 5 view .LVU182
 259:Core/Src/stm32f4xx_hal_msp.c ****     /**UART8 GPIO Configuration
 565              		.loc 1 259 5 view .LVU183
 566              	.LBB9:
 259:Core/Src/stm32f4xx_hal_msp.c ****     /**UART8 GPIO Configuration
 567              		.loc 1 259 5 view .LVU184
 568 00fc 0495     		str	r5, [sp, #16]
 259:Core/Src/stm32f4xx_hal_msp.c ****     /**UART8 GPIO Configuration
 569              		.loc 1 259 5 view .LVU185
 570 00fe 1A6B     		ldr	r2, [r3, #48]
 571 0100 42F02002 		orr	r2, r2, #32
 572 0104 1A63     		str	r2, [r3, #48]
 259:Core/Src/stm32f4xx_hal_msp.c ****     /**UART8 GPIO Configuration
 573              		.loc 1 259 5 view .LVU186
 574 0106 1B6B     		ldr	r3, [r3, #48]
 575 0108 03F02003 		and	r3, r3, #32
 576 010c 0493     		str	r3, [sp, #16]
 259:Core/Src/stm32f4xx_hal_msp.c ****     /**UART8 GPIO Configuration
 577              		.loc 1 259 5 view .LVU187
 578 010e 049B     		ldr	r3, [sp, #16]
 579              	.LBE9:
 259:Core/Src/stm32f4xx_hal_msp.c ****     /**UART8 GPIO Configuration
 580              		.loc 1 259 5 view .LVU188
 264:Core/Src/stm32f4xx_hal_msp.c ****     GPIO_InitStruct.Mode = GPIO_MODE_AF_PP;
 581              		.loc 1 264 5 view .LVU189
 264:Core/Src/stm32f4xx_hal_msp.c ****     GPIO_InitStruct.Mode = GPIO_MODE_AF_PP;
 582              		.loc 1 264 25 is_stmt 0 view .LVU190
 583 0110 4FF44073 		mov	r3, #768
 584 0114 0593     		str	r3, [sp, #20]
 265:Core/Src/stm32f4xx_hal_msp.c ****     GPIO_InitStruct.Pull = GPIO_NOPULL;
 585              		.loc 1 265 5 is_stmt 1 view .LVU191
 265:Core/Src/stm32f4xx_hal_msp.c ****     GPIO_InitStruct.Pull = GPIO_NOPULL;
 586              		.loc 1 265 26 is_stmt 0 view .LVU192
ARM GAS  C:\Users\kroko\AppData\Local\Temp\ccFb2S9F.s 			page 19


 587 0116 0223     		movs	r3, #2
 588 0118 0693     		str	r3, [sp, #24]
 266:Core/Src/stm32f4xx_hal_msp.c ****     GPIO_InitStruct.Speed = GPIO_SPEED_FREQ_VERY_HIGH;
 589              		.loc 1 266 5 is_stmt 1 view .LVU193
 267:Core/Src/stm32f4xx_hal_msp.c ****     GPIO_InitStruct.Alternate = GPIO_AF8_UART8;
 590              		.loc 1 267 5 view .LVU194
 267:Core/Src/stm32f4xx_hal_msp.c ****     GPIO_InitStruct.Alternate = GPIO_AF8_UART8;
 591              		.loc 1 267 27 is_stmt 0 view .LVU195
 592 011a 0323     		movs	r3, #3
 593 011c 0893     		str	r3, [sp, #32]
 268:Core/Src/stm32f4xx_hal_msp.c ****     HAL_GPIO_Init(GPIOF, &GPIO_InitStruct);
 594              		.loc 1 268 5 is_stmt 1 view .LVU196
 268:Core/Src/stm32f4xx_hal_msp.c ****     HAL_GPIO_Init(GPIOF, &GPIO_InitStruct);
 595              		.loc 1 268 31 is_stmt 0 view .LVU197
 596 011e 0823     		movs	r3, #8
 597 0120 0993     		str	r3, [sp, #36]
 269:Core/Src/stm32f4xx_hal_msp.c **** 
 598              		.loc 1 269 5 is_stmt 1 view .LVU198
 599 0122 05A9     		add	r1, sp, #20
 600 0124 1A48     		ldr	r0, .L34+32
 601              	.LVL24:
 269:Core/Src/stm32f4xx_hal_msp.c **** 
 602              		.loc 1 269 5 is_stmt 0 view .LVU199
 603 0126 FFF7FEFF 		bl	HAL_GPIO_Init
 604              	.LVL25:
 273:Core/Src/stm32f4xx_hal_msp.c ****     hdma_uart8_rx.Init.Channel = DMA_CHANNEL_5;
 605              		.loc 1 273 5 is_stmt 1 view .LVU200
 273:Core/Src/stm32f4xx_hal_msp.c ****     hdma_uart8_rx.Init.Channel = DMA_CHANNEL_5;
 606              		.loc 1 273 28 is_stmt 0 view .LVU201
 607 012a 1A48     		ldr	r0, .L34+36
 608 012c 1A4B     		ldr	r3, .L34+40
 609 012e 0360     		str	r3, [r0]
 274:Core/Src/stm32f4xx_hal_msp.c ****     hdma_uart8_rx.Init.Direction = DMA_PERIPH_TO_MEMORY;
 610              		.loc 1 274 5 is_stmt 1 view .LVU202
 274:Core/Src/stm32f4xx_hal_msp.c ****     hdma_uart8_rx.Init.Direction = DMA_PERIPH_TO_MEMORY;
 611              		.loc 1 274 32 is_stmt 0 view .LVU203
 612 0130 4FF02063 		mov	r3, #167772160
 613 0134 4360     		str	r3, [r0, #4]
 275:Core/Src/stm32f4xx_hal_msp.c ****     hdma_uart8_rx.Init.PeriphInc = DMA_PINC_DISABLE;
 614              		.loc 1 275 5 is_stmt 1 view .LVU204
 275:Core/Src/stm32f4xx_hal_msp.c ****     hdma_uart8_rx.Init.PeriphInc = DMA_PINC_DISABLE;
 615              		.loc 1 275 34 is_stmt 0 view .LVU205
 616 0136 8560     		str	r5, [r0, #8]
 276:Core/Src/stm32f4xx_hal_msp.c ****     hdma_uart8_rx.Init.MemInc = DMA_MINC_ENABLE;
 617              		.loc 1 276 5 is_stmt 1 view .LVU206
 276:Core/Src/stm32f4xx_hal_msp.c ****     hdma_uart8_rx.Init.MemInc = DMA_MINC_ENABLE;
 618              		.loc 1 276 34 is_stmt 0 view .LVU207
 619 0138 C560     		str	r5, [r0, #12]
 277:Core/Src/stm32f4xx_hal_msp.c ****     hdma_uart8_rx.Init.PeriphDataAlignment = DMA_PDATAALIGN_BYTE;
 620              		.loc 1 277 5 is_stmt 1 view .LVU208
 277:Core/Src/stm32f4xx_hal_msp.c ****     hdma_uart8_rx.Init.PeriphDataAlignment = DMA_PDATAALIGN_BYTE;
 621              		.loc 1 277 31 is_stmt 0 view .LVU209
 622 013a 4FF48063 		mov	r3, #1024
 623 013e 0361     		str	r3, [r0, #16]
 278:Core/Src/stm32f4xx_hal_msp.c ****     hdma_uart8_rx.Init.MemDataAlignment = DMA_MDATAALIGN_BYTE;
 624              		.loc 1 278 5 is_stmt 1 view .LVU210
 278:Core/Src/stm32f4xx_hal_msp.c ****     hdma_uart8_rx.Init.MemDataAlignment = DMA_MDATAALIGN_BYTE;
ARM GAS  C:\Users\kroko\AppData\Local\Temp\ccFb2S9F.s 			page 20


 625              		.loc 1 278 44 is_stmt 0 view .LVU211
 626 0140 4561     		str	r5, [r0, #20]
 279:Core/Src/stm32f4xx_hal_msp.c ****     hdma_uart8_rx.Init.Mode = DMA_NORMAL;
 627              		.loc 1 279 5 is_stmt 1 view .LVU212
 279:Core/Src/stm32f4xx_hal_msp.c ****     hdma_uart8_rx.Init.Mode = DMA_NORMAL;
 628              		.loc 1 279 41 is_stmt 0 view .LVU213
 629 0142 8561     		str	r5, [r0, #24]
 280:Core/Src/stm32f4xx_hal_msp.c ****     hdma_uart8_rx.Init.Priority = DMA_PRIORITY_LOW;
 630              		.loc 1 280 5 is_stmt 1 view .LVU214
 280:Core/Src/stm32f4xx_hal_msp.c ****     hdma_uart8_rx.Init.Priority = DMA_PRIORITY_LOW;
 631              		.loc 1 280 29 is_stmt 0 view .LVU215
 632 0144 C561     		str	r5, [r0, #28]
 281:Core/Src/stm32f4xx_hal_msp.c ****     hdma_uart8_rx.Init.FIFOMode = DMA_FIFOMODE_DISABLE;
 633              		.loc 1 281 5 is_stmt 1 view .LVU216
 281:Core/Src/stm32f4xx_hal_msp.c ****     hdma_uart8_rx.Init.FIFOMode = DMA_FIFOMODE_DISABLE;
 634              		.loc 1 281 33 is_stmt 0 view .LVU217
 635 0146 0562     		str	r5, [r0, #32]
 282:Core/Src/stm32f4xx_hal_msp.c ****     if (HAL_DMA_Init(&hdma_uart8_rx) != HAL_OK)
 636              		.loc 1 282 5 is_stmt 1 view .LVU218
 282:Core/Src/stm32f4xx_hal_msp.c ****     if (HAL_DMA_Init(&hdma_uart8_rx) != HAL_OK)
 637              		.loc 1 282 33 is_stmt 0 view .LVU219
 638 0148 4562     		str	r5, [r0, #36]
 283:Core/Src/stm32f4xx_hal_msp.c ****     {
 639              		.loc 1 283 5 is_stmt 1 view .LVU220
 283:Core/Src/stm32f4xx_hal_msp.c ****     {
 640              		.loc 1 283 9 is_stmt 0 view .LVU221
 641 014a FFF7FEFF 		bl	HAL_DMA_Init
 642              	.LVL26:
 283:Core/Src/stm32f4xx_hal_msp.c ****     {
 643              		.loc 1 283 8 discriminator 1 view .LVU222
 644 014e 58B9     		cbnz	r0, .L33
 645              	.L27:
 288:Core/Src/stm32f4xx_hal_msp.c **** 
 646              		.loc 1 288 5 is_stmt 1 view .LVU223
 288:Core/Src/stm32f4xx_hal_msp.c **** 
 647              		.loc 1 288 5 view .LVU224
 648 0150 104B     		ldr	r3, .L34+36
 649 0152 E363     		str	r3, [r4, #60]
 288:Core/Src/stm32f4xx_hal_msp.c **** 
 650              		.loc 1 288 5 view .LVU225
 651 0154 9C63     		str	r4, [r3, #56]
 288:Core/Src/stm32f4xx_hal_msp.c **** 
 652              		.loc 1 288 5 view .LVU226
 291:Core/Src/stm32f4xx_hal_msp.c ****     HAL_NVIC_EnableIRQ(UART8_IRQn);
 653              		.loc 1 291 5 view .LVU227
 654 0156 0022     		movs	r2, #0
 655 0158 1146     		mov	r1, r2
 656 015a 5320     		movs	r0, #83
 657 015c FFF7FEFF 		bl	HAL_NVIC_SetPriority
 658              	.LVL27:
 292:Core/Src/stm32f4xx_hal_msp.c ****   /* USER CODE BEGIN UART8_MspInit 1 */
 659              		.loc 1 292 5 view .LVU228
 660 0160 5320     		movs	r0, #83
 661 0162 FFF7FEFF 		bl	HAL_NVIC_EnableIRQ
 662              	.LVL28:
 663              		.loc 1 298 1 is_stmt 0 view .LVU229
 664 0166 5BE7     		b	.L22
ARM GAS  C:\Users\kroko\AppData\Local\Temp\ccFb2S9F.s 			page 21


 665              	.L33:
 285:Core/Src/stm32f4xx_hal_msp.c ****     }
 666              		.loc 1 285 7 is_stmt 1 view .LVU230
 667 0168 FFF7FEFF 		bl	Error_Handler
 668              	.LVL29:
 669 016c F0E7     		b	.L27
 670              	.L35:
 671 016e 00BF     		.align	2
 672              	.L34:
 673 0170 00500040 		.word	1073762304
 674 0174 007C0040 		.word	1073773568
 675 0178 00380240 		.word	1073887232
 676 017c 00040240 		.word	1073873920
 677 0180 00000000 		.word	hdma_uart5_rx
 678 0184 10600240 		.word	1073897488
 679 0188 00000000 		.word	hdma_uart5_tx
 680 018c B8600240 		.word	1073897656
 681 0190 00140240 		.word	1073878016
 682 0194 00000000 		.word	hdma_uart8_rx
 683 0198 A0600240 		.word	1073897632
 684              		.cfi_endproc
 685              	.LFE137:
 687              		.section	.text.HAL_UART_MspDeInit,"ax",%progbits
 688              		.align	1
 689              		.global	HAL_UART_MspDeInit
 690              		.syntax unified
 691              		.thumb
 692              		.thumb_func
 694              	HAL_UART_MspDeInit:
 695              	.LVL30:
 696              	.LFB138:
 299:Core/Src/stm32f4xx_hal_msp.c **** 
 300:Core/Src/stm32f4xx_hal_msp.c **** /**
 301:Core/Src/stm32f4xx_hal_msp.c **** * @brief UART MSP De-Initialization
 302:Core/Src/stm32f4xx_hal_msp.c **** * This function freeze the hardware resources used in this example
 303:Core/Src/stm32f4xx_hal_msp.c **** * @param huart: UART handle pointer
 304:Core/Src/stm32f4xx_hal_msp.c **** * @retval None
 305:Core/Src/stm32f4xx_hal_msp.c **** */
 306:Core/Src/stm32f4xx_hal_msp.c **** void HAL_UART_MspDeInit(UART_HandleTypeDef* huart)
 307:Core/Src/stm32f4xx_hal_msp.c **** {
 697              		.loc 1 307 1 view -0
 698              		.cfi_startproc
 699              		@ args = 0, pretend = 0, frame = 0
 700              		@ frame_needed = 0, uses_anonymous_args = 0
 701              		.loc 1 307 1 is_stmt 0 view .LVU232
 702 0000 10B5     		push	{r4, lr}
 703              		.cfi_def_cfa_offset 8
 704              		.cfi_offset 4, -8
 705              		.cfi_offset 14, -4
 706 0002 0446     		mov	r4, r0
 308:Core/Src/stm32f4xx_hal_msp.c ****   if(huart->Instance==UART5)
 707              		.loc 1 308 3 is_stmt 1 view .LVU233
 708              		.loc 1 308 11 is_stmt 0 view .LVU234
 709 0004 0368     		ldr	r3, [r0]
 710              		.loc 1 308 5 view .LVU235
 711 0006 174A     		ldr	r2, .L42
 712 0008 9342     		cmp	r3, r2
ARM GAS  C:\Users\kroko\AppData\Local\Temp\ccFb2S9F.s 			page 22


 713 000a 03D0     		beq	.L40
 309:Core/Src/stm32f4xx_hal_msp.c ****   {
 310:Core/Src/stm32f4xx_hal_msp.c ****   /* USER CODE BEGIN UART5_MspDeInit 0 */
 311:Core/Src/stm32f4xx_hal_msp.c **** 
 312:Core/Src/stm32f4xx_hal_msp.c ****   /* USER CODE END UART5_MspDeInit 0 */
 313:Core/Src/stm32f4xx_hal_msp.c ****     /* Peripheral clock disable */
 314:Core/Src/stm32f4xx_hal_msp.c ****     __HAL_RCC_UART5_CLK_DISABLE();
 315:Core/Src/stm32f4xx_hal_msp.c **** 
 316:Core/Src/stm32f4xx_hal_msp.c ****     /**UART5 GPIO Configuration
 317:Core/Src/stm32f4xx_hal_msp.c ****     PB12     ------> UART5_RX
 318:Core/Src/stm32f4xx_hal_msp.c ****     PB13     ------> UART5_TX
 319:Core/Src/stm32f4xx_hal_msp.c ****     */
 320:Core/Src/stm32f4xx_hal_msp.c ****     HAL_GPIO_DeInit(GPIOB, GPIO_PIN_12|GPIO_PIN_13);
 321:Core/Src/stm32f4xx_hal_msp.c **** 
 322:Core/Src/stm32f4xx_hal_msp.c ****     /* UART5 DMA DeInit */
 323:Core/Src/stm32f4xx_hal_msp.c ****     HAL_DMA_DeInit(huart->hdmarx);
 324:Core/Src/stm32f4xx_hal_msp.c ****     HAL_DMA_DeInit(huart->hdmatx);
 325:Core/Src/stm32f4xx_hal_msp.c **** 
 326:Core/Src/stm32f4xx_hal_msp.c ****     /* UART5 interrupt DeInit */
 327:Core/Src/stm32f4xx_hal_msp.c ****     HAL_NVIC_DisableIRQ(UART5_IRQn);
 328:Core/Src/stm32f4xx_hal_msp.c ****   /* USER CODE BEGIN UART5_MspDeInit 1 */
 329:Core/Src/stm32f4xx_hal_msp.c **** 
 330:Core/Src/stm32f4xx_hal_msp.c ****   /* USER CODE END UART5_MspDeInit 1 */
 331:Core/Src/stm32f4xx_hal_msp.c ****   }
 332:Core/Src/stm32f4xx_hal_msp.c ****   else if(huart->Instance==UART8)
 714              		.loc 1 332 8 is_stmt 1 view .LVU236
 715              		.loc 1 332 10 is_stmt 0 view .LVU237
 716 000c 164A     		ldr	r2, .L42+4
 717 000e 9342     		cmp	r3, r2
 718 0010 15D0     		beq	.L41
 719              	.LVL31:
 720              	.L36:
 333:Core/Src/stm32f4xx_hal_msp.c ****   {
 334:Core/Src/stm32f4xx_hal_msp.c ****   /* USER CODE BEGIN UART8_MspDeInit 0 */
 335:Core/Src/stm32f4xx_hal_msp.c **** 
 336:Core/Src/stm32f4xx_hal_msp.c ****   /* USER CODE END UART8_MspDeInit 0 */
 337:Core/Src/stm32f4xx_hal_msp.c ****     /* Peripheral clock disable */
 338:Core/Src/stm32f4xx_hal_msp.c ****     __HAL_RCC_UART8_CLK_DISABLE();
 339:Core/Src/stm32f4xx_hal_msp.c **** 
 340:Core/Src/stm32f4xx_hal_msp.c ****     /**UART8 GPIO Configuration
 341:Core/Src/stm32f4xx_hal_msp.c ****     PF8     ------> UART8_RX
 342:Core/Src/stm32f4xx_hal_msp.c ****     PF9     ------> UART8_TX
 343:Core/Src/stm32f4xx_hal_msp.c ****     */
 344:Core/Src/stm32f4xx_hal_msp.c ****     HAL_GPIO_DeInit(GPIOF, GPIO_PIN_8|GPIO_PIN_9);
 345:Core/Src/stm32f4xx_hal_msp.c **** 
 346:Core/Src/stm32f4xx_hal_msp.c ****     /* UART8 DMA DeInit */
 347:Core/Src/stm32f4xx_hal_msp.c ****     HAL_DMA_DeInit(huart->hdmarx);
 348:Core/Src/stm32f4xx_hal_msp.c **** 
 349:Core/Src/stm32f4xx_hal_msp.c ****     /* UART8 interrupt DeInit */
 350:Core/Src/stm32f4xx_hal_msp.c ****     HAL_NVIC_DisableIRQ(UART8_IRQn);
 351:Core/Src/stm32f4xx_hal_msp.c ****   /* USER CODE BEGIN UART8_MspDeInit 1 */
 352:Core/Src/stm32f4xx_hal_msp.c **** 
 353:Core/Src/stm32f4xx_hal_msp.c ****   /* USER CODE END UART8_MspDeInit 1 */
 354:Core/Src/stm32f4xx_hal_msp.c ****   }
 355:Core/Src/stm32f4xx_hal_msp.c **** 
 356:Core/Src/stm32f4xx_hal_msp.c **** }
 721              		.loc 1 356 1 view .LVU238
ARM GAS  C:\Users\kroko\AppData\Local\Temp\ccFb2S9F.s 			page 23


 722 0012 10BD     		pop	{r4, pc}
 723              	.LVL32:
 724              	.L40:
 314:Core/Src/stm32f4xx_hal_msp.c **** 
 725              		.loc 1 314 5 is_stmt 1 view .LVU239
 726 0014 02F5F432 		add	r2, r2, #124928
 727 0018 136C     		ldr	r3, [r2, #64]
 728 001a 23F48013 		bic	r3, r3, #1048576
 729 001e 1364     		str	r3, [r2, #64]
 320:Core/Src/stm32f4xx_hal_msp.c **** 
 730              		.loc 1 320 5 view .LVU240
 731 0020 4FF44051 		mov	r1, #12288
 732 0024 1148     		ldr	r0, .L42+8
 733              	.LVL33:
 320:Core/Src/stm32f4xx_hal_msp.c **** 
 734              		.loc 1 320 5 is_stmt 0 view .LVU241
 735 0026 FFF7FEFF 		bl	HAL_GPIO_DeInit
 736              	.LVL34:
 323:Core/Src/stm32f4xx_hal_msp.c ****     HAL_DMA_DeInit(huart->hdmatx);
 737              		.loc 1 323 5 is_stmt 1 view .LVU242
 738 002a E06B     		ldr	r0, [r4, #60]
 739 002c FFF7FEFF 		bl	HAL_DMA_DeInit
 740              	.LVL35:
 324:Core/Src/stm32f4xx_hal_msp.c **** 
 741              		.loc 1 324 5 view .LVU243
 742 0030 A06B     		ldr	r0, [r4, #56]
 743 0032 FFF7FEFF 		bl	HAL_DMA_DeInit
 744              	.LVL36:
 327:Core/Src/stm32f4xx_hal_msp.c ****   /* USER CODE BEGIN UART5_MspDeInit 1 */
 745              		.loc 1 327 5 view .LVU244
 746 0036 3520     		movs	r0, #53
 747 0038 FFF7FEFF 		bl	HAL_NVIC_DisableIRQ
 748              	.LVL37:
 749 003c E9E7     		b	.L36
 750              	.LVL38:
 751              	.L41:
 338:Core/Src/stm32f4xx_hal_msp.c **** 
 752              		.loc 1 338 5 view .LVU245
 753 003e 02F5DE32 		add	r2, r2, #113664
 754 0042 136C     		ldr	r3, [r2, #64]
 755 0044 23F00043 		bic	r3, r3, #-2147483648
 756 0048 1364     		str	r3, [r2, #64]
 344:Core/Src/stm32f4xx_hal_msp.c **** 
 757              		.loc 1 344 5 view .LVU246
 758 004a 4FF44071 		mov	r1, #768
 759 004e 0848     		ldr	r0, .L42+12
 760              	.LVL39:
 344:Core/Src/stm32f4xx_hal_msp.c **** 
 761              		.loc 1 344 5 is_stmt 0 view .LVU247
 762 0050 FFF7FEFF 		bl	HAL_GPIO_DeInit
 763              	.LVL40:
 347:Core/Src/stm32f4xx_hal_msp.c **** 
 764              		.loc 1 347 5 is_stmt 1 view .LVU248
 765 0054 E06B     		ldr	r0, [r4, #60]
 766 0056 FFF7FEFF 		bl	HAL_DMA_DeInit
 767              	.LVL41:
 350:Core/Src/stm32f4xx_hal_msp.c ****   /* USER CODE BEGIN UART8_MspDeInit 1 */
ARM GAS  C:\Users\kroko\AppData\Local\Temp\ccFb2S9F.s 			page 24


 768              		.loc 1 350 5 view .LVU249
 769 005a 5320     		movs	r0, #83
 770 005c FFF7FEFF 		bl	HAL_NVIC_DisableIRQ
 771              	.LVL42:
 772              		.loc 1 356 1 is_stmt 0 view .LVU250
 773 0060 D7E7     		b	.L36
 774              	.L43:
 775 0062 00BF     		.align	2
 776              	.L42:
 777 0064 00500040 		.word	1073762304
 778 0068 007C0040 		.word	1073773568
 779 006c 00040240 		.word	1073873920
 780 0070 00140240 		.word	1073878016
 781              		.cfi_endproc
 782              	.LFE138:
 784              		.section	.text.HAL_PCD_MspInit,"ax",%progbits
 785              		.align	1
 786              		.global	HAL_PCD_MspInit
 787              		.syntax unified
 788              		.thumb
 789              		.thumb_func
 791              	HAL_PCD_MspInit:
 792              	.LVL43:
 793              	.LFB139:
 357:Core/Src/stm32f4xx_hal_msp.c **** 
 358:Core/Src/stm32f4xx_hal_msp.c **** /**
 359:Core/Src/stm32f4xx_hal_msp.c **** * @brief PCD MSP Initialization
 360:Core/Src/stm32f4xx_hal_msp.c **** * This function configures the hardware resources used in this example
 361:Core/Src/stm32f4xx_hal_msp.c **** * @param hpcd: PCD handle pointer
 362:Core/Src/stm32f4xx_hal_msp.c **** * @retval None
 363:Core/Src/stm32f4xx_hal_msp.c **** */
 364:Core/Src/stm32f4xx_hal_msp.c **** void HAL_PCD_MspInit(PCD_HandleTypeDef* hpcd)
 365:Core/Src/stm32f4xx_hal_msp.c **** {
 794              		.loc 1 365 1 is_stmt 1 view -0
 795              		.cfi_startproc
 796              		@ args = 0, pretend = 0, frame = 120
 797              		@ frame_needed = 0, uses_anonymous_args = 0
 798              		.loc 1 365 1 is_stmt 0 view .LVU252
 799 0000 70B5     		push	{r4, r5, r6, lr}
 800              		.cfi_def_cfa_offset 16
 801              		.cfi_offset 4, -16
 802              		.cfi_offset 5, -12
 803              		.cfi_offset 6, -8
 804              		.cfi_offset 14, -4
 805 0002 9EB0     		sub	sp, sp, #120
 806              		.cfi_def_cfa_offset 136
 807 0004 0446     		mov	r4, r0
 366:Core/Src/stm32f4xx_hal_msp.c ****   GPIO_InitTypeDef GPIO_InitStruct = {0};
 808              		.loc 1 366 3 is_stmt 1 view .LVU253
 809              		.loc 1 366 20 is_stmt 0 view .LVU254
 810 0006 0021     		movs	r1, #0
 811 0008 1991     		str	r1, [sp, #100]
 812 000a 1A91     		str	r1, [sp, #104]
 813 000c 1B91     		str	r1, [sp, #108]
 814 000e 1C91     		str	r1, [sp, #112]
 815 0010 1D91     		str	r1, [sp, #116]
 367:Core/Src/stm32f4xx_hal_msp.c ****   RCC_PeriphCLKInitTypeDef PeriphClkInitStruct = {0};
ARM GAS  C:\Users\kroko\AppData\Local\Temp\ccFb2S9F.s 			page 25


 816              		.loc 1 367 3 is_stmt 1 view .LVU255
 817              		.loc 1 367 28 is_stmt 0 view .LVU256
 818 0012 5822     		movs	r2, #88
 819 0014 03A8     		add	r0, sp, #12
 820              	.LVL44:
 821              		.loc 1 367 28 view .LVU257
 822 0016 FFF7FEFF 		bl	memset
 823              	.LVL45:
 368:Core/Src/stm32f4xx_hal_msp.c ****   if(hpcd->Instance==USB_OTG_FS)
 824              		.loc 1 368 3 is_stmt 1 view .LVU258
 825              		.loc 1 368 10 is_stmt 0 view .LVU259
 826 001a 2368     		ldr	r3, [r4]
 827              		.loc 1 368 5 view .LVU260
 828 001c B3F1A04F 		cmp	r3, #1342177280
 829 0020 01D0     		beq	.L48
 830              	.LVL46:
 831              	.L44:
 369:Core/Src/stm32f4xx_hal_msp.c ****   {
 370:Core/Src/stm32f4xx_hal_msp.c ****   /* USER CODE BEGIN USB_OTG_FS_MspInit 0 */
 371:Core/Src/stm32f4xx_hal_msp.c **** 
 372:Core/Src/stm32f4xx_hal_msp.c ****   /* USER CODE END USB_OTG_FS_MspInit 0 */
 373:Core/Src/stm32f4xx_hal_msp.c **** 
 374:Core/Src/stm32f4xx_hal_msp.c ****   /** Initializes the peripherals clock
 375:Core/Src/stm32f4xx_hal_msp.c ****   */
 376:Core/Src/stm32f4xx_hal_msp.c ****     PeriphClkInitStruct.PeriphClockSelection = RCC_PERIPHCLK_CLK48;
 377:Core/Src/stm32f4xx_hal_msp.c ****     PeriphClkInitStruct.Clk48ClockSelection = RCC_CLK48CLKSOURCE_PLLQ;
 378:Core/Src/stm32f4xx_hal_msp.c ****     if (HAL_RCCEx_PeriphCLKConfig(&PeriphClkInitStruct) != HAL_OK)
 379:Core/Src/stm32f4xx_hal_msp.c ****     {
 380:Core/Src/stm32f4xx_hal_msp.c ****       Error_Handler();
 381:Core/Src/stm32f4xx_hal_msp.c ****     }
 382:Core/Src/stm32f4xx_hal_msp.c **** 
 383:Core/Src/stm32f4xx_hal_msp.c ****     __HAL_RCC_GPIOA_CLK_ENABLE();
 384:Core/Src/stm32f4xx_hal_msp.c ****     /**USB_OTG_FS GPIO Configuration
 385:Core/Src/stm32f4xx_hal_msp.c ****     PA8     ------> USB_OTG_FS_SOF
 386:Core/Src/stm32f4xx_hal_msp.c ****     PA9     ------> USB_OTG_FS_VBUS
 387:Core/Src/stm32f4xx_hal_msp.c ****     PA10     ------> USB_OTG_FS_ID
 388:Core/Src/stm32f4xx_hal_msp.c ****     PA11     ------> USB_OTG_FS_DM
 389:Core/Src/stm32f4xx_hal_msp.c ****     PA12     ------> USB_OTG_FS_DP
 390:Core/Src/stm32f4xx_hal_msp.c ****     */
 391:Core/Src/stm32f4xx_hal_msp.c ****     GPIO_InitStruct.Pin = USB_SOF_Pin|USB_ID_Pin|USB_DM_Pin|USB_DP_Pin;
 392:Core/Src/stm32f4xx_hal_msp.c ****     GPIO_InitStruct.Mode = GPIO_MODE_AF_PP;
 393:Core/Src/stm32f4xx_hal_msp.c ****     GPIO_InitStruct.Pull = GPIO_NOPULL;
 394:Core/Src/stm32f4xx_hal_msp.c ****     GPIO_InitStruct.Speed = GPIO_SPEED_FREQ_VERY_HIGH;
 395:Core/Src/stm32f4xx_hal_msp.c ****     GPIO_InitStruct.Alternate = GPIO_AF10_OTG_FS;
 396:Core/Src/stm32f4xx_hal_msp.c ****     HAL_GPIO_Init(GPIOA, &GPIO_InitStruct);
 397:Core/Src/stm32f4xx_hal_msp.c **** 
 398:Core/Src/stm32f4xx_hal_msp.c ****     GPIO_InitStruct.Pin = USB_VBUS_Pin;
 399:Core/Src/stm32f4xx_hal_msp.c ****     GPIO_InitStruct.Mode = GPIO_MODE_INPUT;
 400:Core/Src/stm32f4xx_hal_msp.c ****     GPIO_InitStruct.Pull = GPIO_NOPULL;
 401:Core/Src/stm32f4xx_hal_msp.c ****     HAL_GPIO_Init(USB_VBUS_GPIO_Port, &GPIO_InitStruct);
 402:Core/Src/stm32f4xx_hal_msp.c **** 
 403:Core/Src/stm32f4xx_hal_msp.c ****     /* Peripheral clock enable */
 404:Core/Src/stm32f4xx_hal_msp.c ****     __HAL_RCC_USB_OTG_FS_CLK_ENABLE();
 405:Core/Src/stm32f4xx_hal_msp.c ****   /* USER CODE BEGIN USB_OTG_FS_MspInit 1 */
 406:Core/Src/stm32f4xx_hal_msp.c **** 
 407:Core/Src/stm32f4xx_hal_msp.c ****   /* USER CODE END USB_OTG_FS_MspInit 1 */
 408:Core/Src/stm32f4xx_hal_msp.c **** 
ARM GAS  C:\Users\kroko\AppData\Local\Temp\ccFb2S9F.s 			page 26


 409:Core/Src/stm32f4xx_hal_msp.c ****   }
 410:Core/Src/stm32f4xx_hal_msp.c **** 
 411:Core/Src/stm32f4xx_hal_msp.c **** }
 832              		.loc 1 411 1 view .LVU261
 833 0022 1EB0     		add	sp, sp, #120
 834              		.cfi_remember_state
 835              		.cfi_def_cfa_offset 16
 836              		@ sp needed
 837 0024 70BD     		pop	{r4, r5, r6, pc}
 838              	.LVL47:
 839              	.L48:
 840              		.cfi_restore_state
 376:Core/Src/stm32f4xx_hal_msp.c ****     PeriphClkInitStruct.Clk48ClockSelection = RCC_CLK48CLKSOURCE_PLLQ;
 841              		.loc 1 376 5 is_stmt 1 view .LVU262
 376:Core/Src/stm32f4xx_hal_msp.c ****     PeriphClkInitStruct.Clk48ClockSelection = RCC_CLK48CLKSOURCE_PLLQ;
 842              		.loc 1 376 46 is_stmt 0 view .LVU263
 843 0026 2023     		movs	r3, #32
 844 0028 0393     		str	r3, [sp, #12]
 377:Core/Src/stm32f4xx_hal_msp.c ****     if (HAL_RCCEx_PeriphCLKConfig(&PeriphClkInitStruct) != HAL_OK)
 845              		.loc 1 377 5 is_stmt 1 view .LVU264
 378:Core/Src/stm32f4xx_hal_msp.c ****     {
 846              		.loc 1 378 5 view .LVU265
 378:Core/Src/stm32f4xx_hal_msp.c ****     {
 847              		.loc 1 378 9 is_stmt 0 view .LVU266
 848 002a 03A8     		add	r0, sp, #12
 849 002c FFF7FEFF 		bl	HAL_RCCEx_PeriphCLKConfig
 850              	.LVL48:
 378:Core/Src/stm32f4xx_hal_msp.c ****     {
 851              		.loc 1 378 8 discriminator 1 view .LVU267
 852 0030 0028     		cmp	r0, #0
 853 0032 32D1     		bne	.L49
 854              	.L46:
 383:Core/Src/stm32f4xx_hal_msp.c ****     /**USB_OTG_FS GPIO Configuration
 855              		.loc 1 383 5 is_stmt 1 view .LVU268
 856              	.LBB10:
 383:Core/Src/stm32f4xx_hal_msp.c ****     /**USB_OTG_FS GPIO Configuration
 857              		.loc 1 383 5 view .LVU269
 858 0034 0025     		movs	r5, #0
 859 0036 0195     		str	r5, [sp, #4]
 383:Core/Src/stm32f4xx_hal_msp.c ****     /**USB_OTG_FS GPIO Configuration
 860              		.loc 1 383 5 view .LVU270
 861 0038 194C     		ldr	r4, .L50
 862              	.LVL49:
 383:Core/Src/stm32f4xx_hal_msp.c ****     /**USB_OTG_FS GPIO Configuration
 863              		.loc 1 383 5 is_stmt 0 view .LVU271
 864 003a 236B     		ldr	r3, [r4, #48]
 865 003c 43F00103 		orr	r3, r3, #1
 866 0040 2363     		str	r3, [r4, #48]
 383:Core/Src/stm32f4xx_hal_msp.c ****     /**USB_OTG_FS GPIO Configuration
 867              		.loc 1 383 5 is_stmt 1 view .LVU272
 868 0042 236B     		ldr	r3, [r4, #48]
 869 0044 03F00103 		and	r3, r3, #1
 870 0048 0193     		str	r3, [sp, #4]
 383:Core/Src/stm32f4xx_hal_msp.c ****     /**USB_OTG_FS GPIO Configuration
 871              		.loc 1 383 5 view .LVU273
 872 004a 019B     		ldr	r3, [sp, #4]
 873              	.LBE10:
ARM GAS  C:\Users\kroko\AppData\Local\Temp\ccFb2S9F.s 			page 27


 383:Core/Src/stm32f4xx_hal_msp.c ****     /**USB_OTG_FS GPIO Configuration
 874              		.loc 1 383 5 view .LVU274
 391:Core/Src/stm32f4xx_hal_msp.c ****     GPIO_InitStruct.Mode = GPIO_MODE_AF_PP;
 875              		.loc 1 391 5 view .LVU275
 391:Core/Src/stm32f4xx_hal_msp.c ****     GPIO_InitStruct.Mode = GPIO_MODE_AF_PP;
 876              		.loc 1 391 25 is_stmt 0 view .LVU276
 877 004c 4FF4E853 		mov	r3, #7424
 878 0050 1993     		str	r3, [sp, #100]
 392:Core/Src/stm32f4xx_hal_msp.c ****     GPIO_InitStruct.Pull = GPIO_NOPULL;
 879              		.loc 1 392 5 is_stmt 1 view .LVU277
 392:Core/Src/stm32f4xx_hal_msp.c ****     GPIO_InitStruct.Pull = GPIO_NOPULL;
 880              		.loc 1 392 26 is_stmt 0 view .LVU278
 881 0052 0223     		movs	r3, #2
 882 0054 1A93     		str	r3, [sp, #104]
 393:Core/Src/stm32f4xx_hal_msp.c ****     GPIO_InitStruct.Speed = GPIO_SPEED_FREQ_VERY_HIGH;
 883              		.loc 1 393 5 is_stmt 1 view .LVU279
 393:Core/Src/stm32f4xx_hal_msp.c ****     GPIO_InitStruct.Speed = GPIO_SPEED_FREQ_VERY_HIGH;
 884              		.loc 1 393 26 is_stmt 0 view .LVU280
 885 0056 1B95     		str	r5, [sp, #108]
 394:Core/Src/stm32f4xx_hal_msp.c ****     GPIO_InitStruct.Alternate = GPIO_AF10_OTG_FS;
 886              		.loc 1 394 5 is_stmt 1 view .LVU281
 394:Core/Src/stm32f4xx_hal_msp.c ****     GPIO_InitStruct.Alternate = GPIO_AF10_OTG_FS;
 887              		.loc 1 394 27 is_stmt 0 view .LVU282
 888 0058 0323     		movs	r3, #3
 889 005a 1C93     		str	r3, [sp, #112]
 395:Core/Src/stm32f4xx_hal_msp.c ****     HAL_GPIO_Init(GPIOA, &GPIO_InitStruct);
 890              		.loc 1 395 5 is_stmt 1 view .LVU283
 395:Core/Src/stm32f4xx_hal_msp.c ****     HAL_GPIO_Init(GPIOA, &GPIO_InitStruct);
 891              		.loc 1 395 31 is_stmt 0 view .LVU284
 892 005c 0A23     		movs	r3, #10
 893 005e 1D93     		str	r3, [sp, #116]
 396:Core/Src/stm32f4xx_hal_msp.c **** 
 894              		.loc 1 396 5 is_stmt 1 view .LVU285
 895 0060 104E     		ldr	r6, .L50+4
 896 0062 19A9     		add	r1, sp, #100
 897 0064 3046     		mov	r0, r6
 898 0066 FFF7FEFF 		bl	HAL_GPIO_Init
 899              	.LVL50:
 398:Core/Src/stm32f4xx_hal_msp.c ****     GPIO_InitStruct.Mode = GPIO_MODE_INPUT;
 900              		.loc 1 398 5 view .LVU286
 398:Core/Src/stm32f4xx_hal_msp.c ****     GPIO_InitStruct.Mode = GPIO_MODE_INPUT;
 901              		.loc 1 398 25 is_stmt 0 view .LVU287
 902 006a 4FF40073 		mov	r3, #512
 903 006e 1993     		str	r3, [sp, #100]
 399:Core/Src/stm32f4xx_hal_msp.c ****     GPIO_InitStruct.Pull = GPIO_NOPULL;
 904              		.loc 1 399 5 is_stmt 1 view .LVU288
 399:Core/Src/stm32f4xx_hal_msp.c ****     GPIO_InitStruct.Pull = GPIO_NOPULL;
 905              		.loc 1 399 26 is_stmt 0 view .LVU289
 906 0070 1A95     		str	r5, [sp, #104]
 400:Core/Src/stm32f4xx_hal_msp.c ****     HAL_GPIO_Init(USB_VBUS_GPIO_Port, &GPIO_InitStruct);
 907              		.loc 1 400 5 is_stmt 1 view .LVU290
 400:Core/Src/stm32f4xx_hal_msp.c ****     HAL_GPIO_Init(USB_VBUS_GPIO_Port, &GPIO_InitStruct);
 908              		.loc 1 400 26 is_stmt 0 view .LVU291
 909 0072 1B95     		str	r5, [sp, #108]
 401:Core/Src/stm32f4xx_hal_msp.c **** 
 910              		.loc 1 401 5 is_stmt 1 view .LVU292
 911 0074 19A9     		add	r1, sp, #100
ARM GAS  C:\Users\kroko\AppData\Local\Temp\ccFb2S9F.s 			page 28


 912 0076 3046     		mov	r0, r6
 913 0078 FFF7FEFF 		bl	HAL_GPIO_Init
 914              	.LVL51:
 404:Core/Src/stm32f4xx_hal_msp.c ****   /* USER CODE BEGIN USB_OTG_FS_MspInit 1 */
 915              		.loc 1 404 5 view .LVU293
 404:Core/Src/stm32f4xx_hal_msp.c ****   /* USER CODE BEGIN USB_OTG_FS_MspInit 1 */
 916              		.loc 1 404 5 view .LVU294
 917 007c 636B     		ldr	r3, [r4, #52]
 918 007e 43F08003 		orr	r3, r3, #128
 919 0082 6363     		str	r3, [r4, #52]
 404:Core/Src/stm32f4xx_hal_msp.c ****   /* USER CODE BEGIN USB_OTG_FS_MspInit 1 */
 920              		.loc 1 404 5 view .LVU295
 921              	.LBB11:
 404:Core/Src/stm32f4xx_hal_msp.c ****   /* USER CODE BEGIN USB_OTG_FS_MspInit 1 */
 922              		.loc 1 404 5 view .LVU296
 923 0084 0295     		str	r5, [sp, #8]
 404:Core/Src/stm32f4xx_hal_msp.c ****   /* USER CODE BEGIN USB_OTG_FS_MspInit 1 */
 924              		.loc 1 404 5 view .LVU297
 925 0086 636C     		ldr	r3, [r4, #68]
 926 0088 43F48043 		orr	r3, r3, #16384
 927 008c 6364     		str	r3, [r4, #68]
 404:Core/Src/stm32f4xx_hal_msp.c ****   /* USER CODE BEGIN USB_OTG_FS_MspInit 1 */
 928              		.loc 1 404 5 view .LVU298
 929 008e 636C     		ldr	r3, [r4, #68]
 930 0090 03F48043 		and	r3, r3, #16384
 931 0094 0293     		str	r3, [sp, #8]
 404:Core/Src/stm32f4xx_hal_msp.c ****   /* USER CODE BEGIN USB_OTG_FS_MspInit 1 */
 932              		.loc 1 404 5 view .LVU299
 933 0096 029B     		ldr	r3, [sp, #8]
 934              	.LBE11:
 404:Core/Src/stm32f4xx_hal_msp.c ****   /* USER CODE BEGIN USB_OTG_FS_MspInit 1 */
 935              		.loc 1 404 5 discriminator 1 view .LVU300
 404:Core/Src/stm32f4xx_hal_msp.c ****   /* USER CODE BEGIN USB_OTG_FS_MspInit 1 */
 936              		.loc 1 404 5 discriminator 1 view .LVU301
 937              		.loc 1 411 1 is_stmt 0 view .LVU302
 938 0098 C3E7     		b	.L44
 939              	.LVL52:
 940              	.L49:
 380:Core/Src/stm32f4xx_hal_msp.c ****     }
 941              		.loc 1 380 7 is_stmt 1 view .LVU303
 942 009a FFF7FEFF 		bl	Error_Handler
 943              	.LVL53:
 944 009e C9E7     		b	.L46
 945              	.L51:
 946              		.align	2
 947              	.L50:
 948 00a0 00380240 		.word	1073887232
 949 00a4 00000240 		.word	1073872896
 950              		.cfi_endproc
 951              	.LFE139:
 953              		.section	.text.HAL_PCD_MspDeInit,"ax",%progbits
 954              		.align	1
 955              		.global	HAL_PCD_MspDeInit
 956              		.syntax unified
 957              		.thumb
 958              		.thumb_func
 960              	HAL_PCD_MspDeInit:
ARM GAS  C:\Users\kroko\AppData\Local\Temp\ccFb2S9F.s 			page 29


 961              	.LVL54:
 962              	.LFB140:
 412:Core/Src/stm32f4xx_hal_msp.c **** 
 413:Core/Src/stm32f4xx_hal_msp.c **** /**
 414:Core/Src/stm32f4xx_hal_msp.c **** * @brief PCD MSP De-Initialization
 415:Core/Src/stm32f4xx_hal_msp.c **** * This function freeze the hardware resources used in this example
 416:Core/Src/stm32f4xx_hal_msp.c **** * @param hpcd: PCD handle pointer
 417:Core/Src/stm32f4xx_hal_msp.c **** * @retval None
 418:Core/Src/stm32f4xx_hal_msp.c **** */
 419:Core/Src/stm32f4xx_hal_msp.c **** void HAL_PCD_MspDeInit(PCD_HandleTypeDef* hpcd)
 420:Core/Src/stm32f4xx_hal_msp.c **** {
 963              		.loc 1 420 1 view -0
 964              		.cfi_startproc
 965              		@ args = 0, pretend = 0, frame = 0
 966              		@ frame_needed = 0, uses_anonymous_args = 0
 967              		.loc 1 420 1 is_stmt 0 view .LVU305
 968 0000 08B5     		push	{r3, lr}
 969              		.cfi_def_cfa_offset 8
 970              		.cfi_offset 3, -8
 971              		.cfi_offset 14, -4
 421:Core/Src/stm32f4xx_hal_msp.c ****   if(hpcd->Instance==USB_OTG_FS)
 972              		.loc 1 421 3 is_stmt 1 view .LVU306
 973              		.loc 1 421 10 is_stmt 0 view .LVU307
 974 0002 0368     		ldr	r3, [r0]
 975              		.loc 1 421 5 view .LVU308
 976 0004 B3F1A04F 		cmp	r3, #1342177280
 977 0008 00D0     		beq	.L55
 978              	.LVL55:
 979              	.L52:
 422:Core/Src/stm32f4xx_hal_msp.c ****   {
 423:Core/Src/stm32f4xx_hal_msp.c ****   /* USER CODE BEGIN USB_OTG_FS_MspDeInit 0 */
 424:Core/Src/stm32f4xx_hal_msp.c **** 
 425:Core/Src/stm32f4xx_hal_msp.c ****   /* USER CODE END USB_OTG_FS_MspDeInit 0 */
 426:Core/Src/stm32f4xx_hal_msp.c ****     /* Peripheral clock disable */
 427:Core/Src/stm32f4xx_hal_msp.c ****     __HAL_RCC_USB_OTG_FS_CLK_DISABLE();
 428:Core/Src/stm32f4xx_hal_msp.c **** 
 429:Core/Src/stm32f4xx_hal_msp.c ****     /**USB_OTG_FS GPIO Configuration
 430:Core/Src/stm32f4xx_hal_msp.c ****     PA8     ------> USB_OTG_FS_SOF
 431:Core/Src/stm32f4xx_hal_msp.c ****     PA9     ------> USB_OTG_FS_VBUS
 432:Core/Src/stm32f4xx_hal_msp.c ****     PA10     ------> USB_OTG_FS_ID
 433:Core/Src/stm32f4xx_hal_msp.c ****     PA11     ------> USB_OTG_FS_DM
 434:Core/Src/stm32f4xx_hal_msp.c ****     PA12     ------> USB_OTG_FS_DP
 435:Core/Src/stm32f4xx_hal_msp.c ****     */
 436:Core/Src/stm32f4xx_hal_msp.c ****     HAL_GPIO_DeInit(GPIOA, USB_SOF_Pin|USB_VBUS_Pin|USB_ID_Pin|USB_DM_Pin
 437:Core/Src/stm32f4xx_hal_msp.c ****                           |USB_DP_Pin);
 438:Core/Src/stm32f4xx_hal_msp.c **** 
 439:Core/Src/stm32f4xx_hal_msp.c ****   /* USER CODE BEGIN USB_OTG_FS_MspDeInit 1 */
 440:Core/Src/stm32f4xx_hal_msp.c **** 
 441:Core/Src/stm32f4xx_hal_msp.c ****   /* USER CODE END USB_OTG_FS_MspDeInit 1 */
 442:Core/Src/stm32f4xx_hal_msp.c ****   }
 443:Core/Src/stm32f4xx_hal_msp.c **** 
 444:Core/Src/stm32f4xx_hal_msp.c **** }
 980              		.loc 1 444 1 view .LVU309
 981 000a 08BD     		pop	{r3, pc}
 982              	.LVL56:
 983              	.L55:
 427:Core/Src/stm32f4xx_hal_msp.c **** 
ARM GAS  C:\Users\kroko\AppData\Local\Temp\ccFb2S9F.s 			page 30


 984              		.loc 1 427 5 is_stmt 1 view .LVU310
 985 000c 054A     		ldr	r2, .L56
 986 000e 536B     		ldr	r3, [r2, #52]
 987 0010 23F08003 		bic	r3, r3, #128
 988 0014 5363     		str	r3, [r2, #52]
 436:Core/Src/stm32f4xx_hal_msp.c ****                           |USB_DP_Pin);
 989              		.loc 1 436 5 view .LVU311
 990 0016 4FF4F851 		mov	r1, #7936
 991 001a 0348     		ldr	r0, .L56+4
 992              	.LVL57:
 436:Core/Src/stm32f4xx_hal_msp.c ****                           |USB_DP_Pin);
 993              		.loc 1 436 5 is_stmt 0 view .LVU312
 994 001c FFF7FEFF 		bl	HAL_GPIO_DeInit
 995              	.LVL58:
 996              		.loc 1 444 1 view .LVU313
 997 0020 F3E7     		b	.L52
 998              	.L57:
 999 0022 00BF     		.align	2
 1000              	.L56:
 1001 0024 00380240 		.word	1073887232
 1002 0028 00000240 		.word	1073872896
 1003              		.cfi_endproc
 1004              	.LFE140:
 1006              		.text
 1007              	.Letext0:
 1008              		.file 2 "Core/Inc/stm32f4xx_hal_conf.h"
 1009              		.file 3 "Drivers/CMSIS/Device/ST/STM32F4xx/Include/stm32f413xx.h"
 1010              		.file 4 "C:/Users/kroko/AppData/Roaming/Code/User/globalStorage/bmd.stm32-for-vscode/@xpack-dev-to
 1011              		.file 5 "C:/Users/kroko/AppData/Roaming/Code/User/globalStorage/bmd.stm32-for-vscode/@xpack-dev-to
 1012              		.file 6 "Drivers/STM32F4xx_HAL_Driver/Inc/stm32f4xx_hal_rcc_ex.h"
 1013              		.file 7 "Drivers/STM32F4xx_HAL_Driver/Inc/stm32f4xx_hal_gpio.h"
 1014              		.file 8 "Drivers/STM32F4xx_HAL_Driver/Inc/stm32f4xx_hal_dma.h"
 1015              		.file 9 "Drivers/STM32F4xx_HAL_Driver/Inc/stm32f4xx_hal_spi.h"
 1016              		.file 10 "Drivers/STM32F4xx_HAL_Driver/Inc/stm32f4xx_hal_uart.h"
 1017              		.file 11 "Drivers/STM32F4xx_HAL_Driver/Inc/stm32f4xx_ll_usb.h"
 1018              		.file 12 "Drivers/STM32F4xx_HAL_Driver/Inc/stm32f4xx_hal_pcd.h"
 1019              		.file 13 "Drivers/STM32F4xx_HAL_Driver/Inc/stm32f4xx_hal_cortex.h"
 1020              		.file 14 "Core/Inc/main.h"
 1021              		.file 15 "<built-in>"
ARM GAS  C:\Users\kroko\AppData\Local\Temp\ccFb2S9F.s 			page 31


DEFINED SYMBOLS
                            *ABS*:00000000 stm32f4xx_hal_msp.c
C:\Users\kroko\AppData\Local\Temp\ccFb2S9F.s:21     .text.HAL_MspInit:00000000 $t
C:\Users\kroko\AppData\Local\Temp\ccFb2S9F.s:27     .text.HAL_MspInit:00000000 HAL_MspInit
C:\Users\kroko\AppData\Local\Temp\ccFb2S9F.s:78     .text.HAL_MspInit:00000034 $d
C:\Users\kroko\AppData\Local\Temp\ccFb2S9F.s:83     .text.HAL_SPI_MspInit:00000000 $t
C:\Users\kroko\AppData\Local\Temp\ccFb2S9F.s:89     .text.HAL_SPI_MspInit:00000000 HAL_SPI_MspInit
C:\Users\kroko\AppData\Local\Temp\ccFb2S9F.s:249    .text.HAL_SPI_MspInit:0000009c $d
C:\Users\kroko\AppData\Local\Temp\ccFb2S9F.s:257    .text.HAL_SPI_MspDeInit:00000000 $t
C:\Users\kroko\AppData\Local\Temp\ccFb2S9F.s:263    .text.HAL_SPI_MspDeInit:00000000 HAL_SPI_MspDeInit
C:\Users\kroko\AppData\Local\Temp\ccFb2S9F.s:308    .text.HAL_SPI_MspDeInit:00000028 $d
C:\Users\kroko\AppData\Local\Temp\ccFb2S9F.s:315    .text.HAL_UART_MspInit:00000000 $t
C:\Users\kroko\AppData\Local\Temp\ccFb2S9F.s:321    .text.HAL_UART_MspInit:00000000 HAL_UART_MspInit
C:\Users\kroko\AppData\Local\Temp\ccFb2S9F.s:673    .text.HAL_UART_MspInit:00000170 $d
C:\Users\kroko\AppData\Local\Temp\ccFb2S9F.s:688    .text.HAL_UART_MspDeInit:00000000 $t
C:\Users\kroko\AppData\Local\Temp\ccFb2S9F.s:694    .text.HAL_UART_MspDeInit:00000000 HAL_UART_MspDeInit
C:\Users\kroko\AppData\Local\Temp\ccFb2S9F.s:777    .text.HAL_UART_MspDeInit:00000064 $d
C:\Users\kroko\AppData\Local\Temp\ccFb2S9F.s:785    .text.HAL_PCD_MspInit:00000000 $t
C:\Users\kroko\AppData\Local\Temp\ccFb2S9F.s:791    .text.HAL_PCD_MspInit:00000000 HAL_PCD_MspInit
C:\Users\kroko\AppData\Local\Temp\ccFb2S9F.s:948    .text.HAL_PCD_MspInit:000000a0 $d
C:\Users\kroko\AppData\Local\Temp\ccFb2S9F.s:954    .text.HAL_PCD_MspDeInit:00000000 $t
C:\Users\kroko\AppData\Local\Temp\ccFb2S9F.s:960    .text.HAL_PCD_MspDeInit:00000000 HAL_PCD_MspDeInit
C:\Users\kroko\AppData\Local\Temp\ccFb2S9F.s:1001   .text.HAL_PCD_MspDeInit:00000024 $d

UNDEFINED SYMBOLS
HAL_GPIO_Init
HAL_DMA_Init
Error_Handler
hdma_spi1_tx
HAL_GPIO_DeInit
HAL_DMA_DeInit
HAL_NVIC_SetPriority
HAL_NVIC_EnableIRQ
hdma_uart5_rx
hdma_uart5_tx
hdma_uart8_rx
HAL_NVIC_DisableIRQ
memset
HAL_RCCEx_PeriphCLKConfig
