ARM GAS  C:\Users\kroko\AppData\Local\Temp\ccLIDUO6.s 			page 1


   1              		.cpu cortex-m4
   2              		.arch armv7e-m
   3              		.fpu fpv4-sp-d16
   4              		.eabi_attribute 27, 1
   5              		.eabi_attribute 28, 1
   6              		.eabi_attribute 20, 1
   7              		.eabi_attribute 21, 1
   8              		.eabi_attribute 23, 3
   9              		.eabi_attribute 24, 1
  10              		.eabi_attribute 25, 1
  11              		.eabi_attribute 26, 1
  12              		.eabi_attribute 30, 1
  13              		.eabi_attribute 34, 1
  14              		.eabi_attribute 18, 4
  15              		.file	"stm32f4xx_hal_pcd_ex.c"
  16              		.text
  17              	.Ltext0:
  18              		.cfi_sections	.debug_frame
  19              		.file 1 "Drivers/STM32F4xx_HAL_Driver/Src/stm32f4xx_hal_pcd_ex.c"
  20              		.section	.text.HAL_PCDEx_SetTxFiFo,"ax",%progbits
  21              		.align	1
  22              		.global	HAL_PCDEx_SetTxFiFo
  23              		.syntax unified
  24              		.thumb
  25              		.thumb_func
  27              	HAL_PCDEx_SetTxFiFo:
  28              	.LVL0:
  29              	.LFB134:
   1:Drivers/STM32F4xx_HAL_Driver/Src/stm32f4xx_hal_pcd_ex.c **** /**
   2:Drivers/STM32F4xx_HAL_Driver/Src/stm32f4xx_hal_pcd_ex.c ****   ******************************************************************************
   3:Drivers/STM32F4xx_HAL_Driver/Src/stm32f4xx_hal_pcd_ex.c ****   * @file    stm32f4xx_hal_pcd_ex.c
   4:Drivers/STM32F4xx_HAL_Driver/Src/stm32f4xx_hal_pcd_ex.c ****   * @author  MCD Application Team
   5:Drivers/STM32F4xx_HAL_Driver/Src/stm32f4xx_hal_pcd_ex.c ****   * @brief   PCD Extended HAL module driver.
   6:Drivers/STM32F4xx_HAL_Driver/Src/stm32f4xx_hal_pcd_ex.c ****   *          This file provides firmware functions to manage the following
   7:Drivers/STM32F4xx_HAL_Driver/Src/stm32f4xx_hal_pcd_ex.c ****   *          functionalities of the USB Peripheral Controller:
   8:Drivers/STM32F4xx_HAL_Driver/Src/stm32f4xx_hal_pcd_ex.c ****   *           + Extended features functions
   9:Drivers/STM32F4xx_HAL_Driver/Src/stm32f4xx_hal_pcd_ex.c ****   *
  10:Drivers/STM32F4xx_HAL_Driver/Src/stm32f4xx_hal_pcd_ex.c ****   ******************************************************************************
  11:Drivers/STM32F4xx_HAL_Driver/Src/stm32f4xx_hal_pcd_ex.c ****   * @attention
  12:Drivers/STM32F4xx_HAL_Driver/Src/stm32f4xx_hal_pcd_ex.c ****   *
  13:Drivers/STM32F4xx_HAL_Driver/Src/stm32f4xx_hal_pcd_ex.c ****   * Copyright (c) 2016 STMicroelectronics.
  14:Drivers/STM32F4xx_HAL_Driver/Src/stm32f4xx_hal_pcd_ex.c ****   * All rights reserved.
  15:Drivers/STM32F4xx_HAL_Driver/Src/stm32f4xx_hal_pcd_ex.c ****   *
  16:Drivers/STM32F4xx_HAL_Driver/Src/stm32f4xx_hal_pcd_ex.c ****   * This software is licensed under terms that can be found in the LICENSE file
  17:Drivers/STM32F4xx_HAL_Driver/Src/stm32f4xx_hal_pcd_ex.c ****   * in the root directory of this software component.
  18:Drivers/STM32F4xx_HAL_Driver/Src/stm32f4xx_hal_pcd_ex.c ****   * If no LICENSE file comes with this software, it is provided AS-IS.
  19:Drivers/STM32F4xx_HAL_Driver/Src/stm32f4xx_hal_pcd_ex.c ****   *
  20:Drivers/STM32F4xx_HAL_Driver/Src/stm32f4xx_hal_pcd_ex.c ****   ******************************************************************************
  21:Drivers/STM32F4xx_HAL_Driver/Src/stm32f4xx_hal_pcd_ex.c ****   */
  22:Drivers/STM32F4xx_HAL_Driver/Src/stm32f4xx_hal_pcd_ex.c **** 
  23:Drivers/STM32F4xx_HAL_Driver/Src/stm32f4xx_hal_pcd_ex.c **** /* Includes ------------------------------------------------------------------*/
  24:Drivers/STM32F4xx_HAL_Driver/Src/stm32f4xx_hal_pcd_ex.c **** #include "stm32f4xx_hal.h"
  25:Drivers/STM32F4xx_HAL_Driver/Src/stm32f4xx_hal_pcd_ex.c **** 
  26:Drivers/STM32F4xx_HAL_Driver/Src/stm32f4xx_hal_pcd_ex.c **** /** @addtogroup STM32F4xx_HAL_Driver
  27:Drivers/STM32F4xx_HAL_Driver/Src/stm32f4xx_hal_pcd_ex.c ****   * @{
  28:Drivers/STM32F4xx_HAL_Driver/Src/stm32f4xx_hal_pcd_ex.c ****   */
  29:Drivers/STM32F4xx_HAL_Driver/Src/stm32f4xx_hal_pcd_ex.c **** 
ARM GAS  C:\Users\kroko\AppData\Local\Temp\ccLIDUO6.s 			page 2


  30:Drivers/STM32F4xx_HAL_Driver/Src/stm32f4xx_hal_pcd_ex.c **** /** @defgroup PCDEx PCDEx
  31:Drivers/STM32F4xx_HAL_Driver/Src/stm32f4xx_hal_pcd_ex.c ****   * @brief PCD Extended HAL module driver
  32:Drivers/STM32F4xx_HAL_Driver/Src/stm32f4xx_hal_pcd_ex.c ****   * @{
  33:Drivers/STM32F4xx_HAL_Driver/Src/stm32f4xx_hal_pcd_ex.c ****   */
  34:Drivers/STM32F4xx_HAL_Driver/Src/stm32f4xx_hal_pcd_ex.c **** 
  35:Drivers/STM32F4xx_HAL_Driver/Src/stm32f4xx_hal_pcd_ex.c **** #ifdef HAL_PCD_MODULE_ENABLED
  36:Drivers/STM32F4xx_HAL_Driver/Src/stm32f4xx_hal_pcd_ex.c **** 
  37:Drivers/STM32F4xx_HAL_Driver/Src/stm32f4xx_hal_pcd_ex.c **** #if defined (USB_OTG_FS) || defined (USB_OTG_HS)
  38:Drivers/STM32F4xx_HAL_Driver/Src/stm32f4xx_hal_pcd_ex.c **** /* Private types -------------------------------------------------------------*/
  39:Drivers/STM32F4xx_HAL_Driver/Src/stm32f4xx_hal_pcd_ex.c **** /* Private variables ---------------------------------------------------------*/
  40:Drivers/STM32F4xx_HAL_Driver/Src/stm32f4xx_hal_pcd_ex.c **** /* Private constants ---------------------------------------------------------*/
  41:Drivers/STM32F4xx_HAL_Driver/Src/stm32f4xx_hal_pcd_ex.c **** /* Private macros ------------------------------------------------------------*/
  42:Drivers/STM32F4xx_HAL_Driver/Src/stm32f4xx_hal_pcd_ex.c **** /* Private functions ---------------------------------------------------------*/
  43:Drivers/STM32F4xx_HAL_Driver/Src/stm32f4xx_hal_pcd_ex.c **** /* Exported functions --------------------------------------------------------*/
  44:Drivers/STM32F4xx_HAL_Driver/Src/stm32f4xx_hal_pcd_ex.c **** 
  45:Drivers/STM32F4xx_HAL_Driver/Src/stm32f4xx_hal_pcd_ex.c **** /** @defgroup PCDEx_Exported_Functions PCDEx Exported Functions
  46:Drivers/STM32F4xx_HAL_Driver/Src/stm32f4xx_hal_pcd_ex.c ****   * @{
  47:Drivers/STM32F4xx_HAL_Driver/Src/stm32f4xx_hal_pcd_ex.c ****   */
  48:Drivers/STM32F4xx_HAL_Driver/Src/stm32f4xx_hal_pcd_ex.c **** 
  49:Drivers/STM32F4xx_HAL_Driver/Src/stm32f4xx_hal_pcd_ex.c **** /** @defgroup PCDEx_Exported_Functions_Group1 Peripheral Control functions
  50:Drivers/STM32F4xx_HAL_Driver/Src/stm32f4xx_hal_pcd_ex.c ****   * @brief    PCDEx control functions
  51:Drivers/STM32F4xx_HAL_Driver/Src/stm32f4xx_hal_pcd_ex.c ****   *
  52:Drivers/STM32F4xx_HAL_Driver/Src/stm32f4xx_hal_pcd_ex.c **** @verbatim
  53:Drivers/STM32F4xx_HAL_Driver/Src/stm32f4xx_hal_pcd_ex.c ****  ===============================================================================
  54:Drivers/STM32F4xx_HAL_Driver/Src/stm32f4xx_hal_pcd_ex.c ****                  ##### Extended features functions #####
  55:Drivers/STM32F4xx_HAL_Driver/Src/stm32f4xx_hal_pcd_ex.c ****  ===============================================================================
  56:Drivers/STM32F4xx_HAL_Driver/Src/stm32f4xx_hal_pcd_ex.c ****     [..]  This section provides functions allowing to:
  57:Drivers/STM32F4xx_HAL_Driver/Src/stm32f4xx_hal_pcd_ex.c ****       (+) Update FIFO configuration
  58:Drivers/STM32F4xx_HAL_Driver/Src/stm32f4xx_hal_pcd_ex.c **** 
  59:Drivers/STM32F4xx_HAL_Driver/Src/stm32f4xx_hal_pcd_ex.c **** @endverbatim
  60:Drivers/STM32F4xx_HAL_Driver/Src/stm32f4xx_hal_pcd_ex.c ****   * @{
  61:Drivers/STM32F4xx_HAL_Driver/Src/stm32f4xx_hal_pcd_ex.c ****   */
  62:Drivers/STM32F4xx_HAL_Driver/Src/stm32f4xx_hal_pcd_ex.c **** #if defined (USB_OTG_FS) || defined (USB_OTG_HS)
  63:Drivers/STM32F4xx_HAL_Driver/Src/stm32f4xx_hal_pcd_ex.c **** /**
  64:Drivers/STM32F4xx_HAL_Driver/Src/stm32f4xx_hal_pcd_ex.c ****   * @brief  Set Tx FIFO
  65:Drivers/STM32F4xx_HAL_Driver/Src/stm32f4xx_hal_pcd_ex.c ****   * @param  hpcd PCD handle
  66:Drivers/STM32F4xx_HAL_Driver/Src/stm32f4xx_hal_pcd_ex.c ****   * @param  fifo The number of Tx fifo
  67:Drivers/STM32F4xx_HAL_Driver/Src/stm32f4xx_hal_pcd_ex.c ****   * @param  size Fifo size
  68:Drivers/STM32F4xx_HAL_Driver/Src/stm32f4xx_hal_pcd_ex.c ****   * @retval HAL status
  69:Drivers/STM32F4xx_HAL_Driver/Src/stm32f4xx_hal_pcd_ex.c ****   */
  70:Drivers/STM32F4xx_HAL_Driver/Src/stm32f4xx_hal_pcd_ex.c **** HAL_StatusTypeDef HAL_PCDEx_SetTxFiFo(PCD_HandleTypeDef *hpcd, uint8_t fifo, uint16_t size)
  71:Drivers/STM32F4xx_HAL_Driver/Src/stm32f4xx_hal_pcd_ex.c **** {
  30              		.loc 1 71 1 view -0
  31              		.cfi_startproc
  32              		@ args = 0, pretend = 0, frame = 0
  33              		@ frame_needed = 0, uses_anonymous_args = 0
  34              		@ link register save eliminated.
  35              		.loc 1 71 1 is_stmt 0 view .LVU1
  36 0000 10B4     		push	{r4}
  37              		.cfi_def_cfa_offset 4
  38              		.cfi_offset 4, -4
  72:Drivers/STM32F4xx_HAL_Driver/Src/stm32f4xx_hal_pcd_ex.c ****   uint8_t i;
  39              		.loc 1 72 3 is_stmt 1 view .LVU2
  73:Drivers/STM32F4xx_HAL_Driver/Src/stm32f4xx_hal_pcd_ex.c ****   uint32_t Tx_Offset;
  40              		.loc 1 73 3 view .LVU3
  74:Drivers/STM32F4xx_HAL_Driver/Src/stm32f4xx_hal_pcd_ex.c **** 
  75:Drivers/STM32F4xx_HAL_Driver/Src/stm32f4xx_hal_pcd_ex.c ****   /*  TXn min size = 16 words. (n  : Transmit FIFO index)
ARM GAS  C:\Users\kroko\AppData\Local\Temp\ccLIDUO6.s 			page 3


  76:Drivers/STM32F4xx_HAL_Driver/Src/stm32f4xx_hal_pcd_ex.c ****       When a TxFIFO is not used, the Configuration should be as follows:
  77:Drivers/STM32F4xx_HAL_Driver/Src/stm32f4xx_hal_pcd_ex.c ****           case 1 :  n > m    and Txn is not used    (n,m  : Transmit FIFO indexes)
  78:Drivers/STM32F4xx_HAL_Driver/Src/stm32f4xx_hal_pcd_ex.c ****          --> Txm can use the space allocated for Txn.
  79:Drivers/STM32F4xx_HAL_Driver/Src/stm32f4xx_hal_pcd_ex.c ****          case2  :  n < m    and Txn is not used    (n,m  : Transmit FIFO indexes)
  80:Drivers/STM32F4xx_HAL_Driver/Src/stm32f4xx_hal_pcd_ex.c ****          --> Txn should be configured with the minimum space of 16 words
  81:Drivers/STM32F4xx_HAL_Driver/Src/stm32f4xx_hal_pcd_ex.c ****      The FIFO is used optimally when used TxFIFOs are allocated in the top
  82:Drivers/STM32F4xx_HAL_Driver/Src/stm32f4xx_hal_pcd_ex.c ****          of the FIFO.Ex: use EP1 and EP2 as IN instead of EP1 and EP3 as IN ones.
  83:Drivers/STM32F4xx_HAL_Driver/Src/stm32f4xx_hal_pcd_ex.c ****      When DMA is used 3n * FIFO locations should be reserved for internal DMA registers */
  84:Drivers/STM32F4xx_HAL_Driver/Src/stm32f4xx_hal_pcd_ex.c **** 
  85:Drivers/STM32F4xx_HAL_Driver/Src/stm32f4xx_hal_pcd_ex.c ****   Tx_Offset = hpcd->Instance->GRXFSIZ;
  41              		.loc 1 85 3 view .LVU4
  42              		.loc 1 85 19 is_stmt 0 view .LVU5
  43 0002 0468     		ldr	r4, [r0]
  44              		.loc 1 85 13 view .LVU6
  45 0004 606A     		ldr	r0, [r4, #36]
  46              	.LVL1:
  86:Drivers/STM32F4xx_HAL_Driver/Src/stm32f4xx_hal_pcd_ex.c **** 
  87:Drivers/STM32F4xx_HAL_Driver/Src/stm32f4xx_hal_pcd_ex.c ****   if (fifo == 0U)
  47              		.loc 1 87 3 is_stmt 1 view .LVU7
  48              		.loc 1 87 6 is_stmt 0 view .LVU8
  49 0006 31B9     		cbnz	r1, .L2
  88:Drivers/STM32F4xx_HAL_Driver/Src/stm32f4xx_hal_pcd_ex.c ****   {
  89:Drivers/STM32F4xx_HAL_Driver/Src/stm32f4xx_hal_pcd_ex.c ****     hpcd->Instance->DIEPTXF0_HNPTXFSIZ = ((uint32_t)size << 16) | Tx_Offset;
  50              		.loc 1 89 5 is_stmt 1 view .LVU9
  51              		.loc 1 89 65 is_stmt 0 view .LVU10
  52 0008 40EA0240 		orr	r0, r0, r2, lsl #16
  53              	.LVL2:
  54              		.loc 1 89 40 view .LVU11
  55 000c A062     		str	r0, [r4, #40]
  56              	.LVL3:
  57              	.L3:
  90:Drivers/STM32F4xx_HAL_Driver/Src/stm32f4xx_hal_pcd_ex.c ****   }
  91:Drivers/STM32F4xx_HAL_Driver/Src/stm32f4xx_hal_pcd_ex.c ****   else
  92:Drivers/STM32F4xx_HAL_Driver/Src/stm32f4xx_hal_pcd_ex.c ****   {
  93:Drivers/STM32F4xx_HAL_Driver/Src/stm32f4xx_hal_pcd_ex.c ****     Tx_Offset += (hpcd->Instance->DIEPTXF0_HNPTXFSIZ) >> 16;
  94:Drivers/STM32F4xx_HAL_Driver/Src/stm32f4xx_hal_pcd_ex.c ****     for (i = 0U; i < (fifo - 1U); i++)
  95:Drivers/STM32F4xx_HAL_Driver/Src/stm32f4xx_hal_pcd_ex.c ****     {
  96:Drivers/STM32F4xx_HAL_Driver/Src/stm32f4xx_hal_pcd_ex.c ****       Tx_Offset += (hpcd->Instance->DIEPTXF[i] >> 16);
  97:Drivers/STM32F4xx_HAL_Driver/Src/stm32f4xx_hal_pcd_ex.c ****     }
  98:Drivers/STM32F4xx_HAL_Driver/Src/stm32f4xx_hal_pcd_ex.c **** 
  99:Drivers/STM32F4xx_HAL_Driver/Src/stm32f4xx_hal_pcd_ex.c ****     /* Multiply Tx_Size by 2 to get higher performance */
 100:Drivers/STM32F4xx_HAL_Driver/Src/stm32f4xx_hal_pcd_ex.c ****     hpcd->Instance->DIEPTXF[fifo - 1U] = ((uint32_t)size << 16) | Tx_Offset;
 101:Drivers/STM32F4xx_HAL_Driver/Src/stm32f4xx_hal_pcd_ex.c ****   }
 102:Drivers/STM32F4xx_HAL_Driver/Src/stm32f4xx_hal_pcd_ex.c **** 
 103:Drivers/STM32F4xx_HAL_Driver/Src/stm32f4xx_hal_pcd_ex.c ****   return HAL_OK;
  58              		.loc 1 103 3 is_stmt 1 view .LVU12
 104:Drivers/STM32F4xx_HAL_Driver/Src/stm32f4xx_hal_pcd_ex.c **** }
  59              		.loc 1 104 1 is_stmt 0 view .LVU13
  60 000e 0020     		movs	r0, #0
  61 0010 5DF8044B 		ldr	r4, [sp], #4
  62              		.cfi_remember_state
  63              		.cfi_restore 4
  64              		.cfi_def_cfa_offset 0
  65 0014 7047     		bx	lr
  66              	.LVL4:
  67              	.L2:
  68              		.cfi_restore_state
ARM GAS  C:\Users\kroko\AppData\Local\Temp\ccLIDUO6.s 			page 4


  69              		.loc 1 104 1 view .LVU14
  70 0016 8C46     		mov	ip, r1
  93:Drivers/STM32F4xx_HAL_Driver/Src/stm32f4xx_hal_pcd_ex.c ****     for (i = 0U; i < (fifo - 1U); i++)
  71              		.loc 1 93 5 is_stmt 1 view .LVU15
  93:Drivers/STM32F4xx_HAL_Driver/Src/stm32f4xx_hal_pcd_ex.c ****     for (i = 0U; i < (fifo - 1U); i++)
  72              		.loc 1 93 33 is_stmt 0 view .LVU16
  73 0018 A36A     		ldr	r3, [r4, #40]
  93:Drivers/STM32F4xx_HAL_Driver/Src/stm32f4xx_hal_pcd_ex.c ****     for (i = 0U; i < (fifo - 1U); i++)
  74              		.loc 1 93 15 view .LVU17
  75 001a 00EB1340 		add	r0, r0, r3, lsr #16
  76              	.LVL5:
  94:Drivers/STM32F4xx_HAL_Driver/Src/stm32f4xx_hal_pcd_ex.c ****     {
  77              		.loc 1 94 5 is_stmt 1 view .LVU18
  94:Drivers/STM32F4xx_HAL_Driver/Src/stm32f4xx_hal_pcd_ex.c ****     {
  78              		.loc 1 94 12 is_stmt 0 view .LVU19
  79 001e 0023     		movs	r3, #0
  94:Drivers/STM32F4xx_HAL_Driver/Src/stm32f4xx_hal_pcd_ex.c ****     {
  80              		.loc 1 94 5 view .LVU20
  81 0020 08E0     		b	.L4
  82              	.LVL6:
  83              	.L5:
  96:Drivers/STM32F4xx_HAL_Driver/Src/stm32f4xx_hal_pcd_ex.c ****     }
  84              		.loc 1 96 7 is_stmt 1 view .LVU21
  96:Drivers/STM32F4xx_HAL_Driver/Src/stm32f4xx_hal_pcd_ex.c ****     }
  85              		.loc 1 96 44 is_stmt 0 view .LVU22
  86 0022 03F14001 		add	r1, r3, #64
  87 0026 04EB8101 		add	r1, r4, r1, lsl #2
  88 002a 4968     		ldr	r1, [r1, #4]
  96:Drivers/STM32F4xx_HAL_Driver/Src/stm32f4xx_hal_pcd_ex.c ****     }
  89              		.loc 1 96 17 view .LVU23
  90 002c 00EB1140 		add	r0, r0, r1, lsr #16
  91              	.LVL7:
  94:Drivers/STM32F4xx_HAL_Driver/Src/stm32f4xx_hal_pcd_ex.c ****     {
  92              		.loc 1 94 36 is_stmt 1 discriminator 3 view .LVU24
  93 0030 0133     		adds	r3, r3, #1
  94              	.LVL8:
  94:Drivers/STM32F4xx_HAL_Driver/Src/stm32f4xx_hal_pcd_ex.c ****     {
  95              		.loc 1 94 36 is_stmt 0 discriminator 3 view .LVU25
  96 0032 DBB2     		uxtb	r3, r3
  97              	.LVL9:
  98              	.L4:
  94:Drivers/STM32F4xx_HAL_Driver/Src/stm32f4xx_hal_pcd_ex.c ****     {
  99              		.loc 1 94 20 is_stmt 1 discriminator 1 view .LVU26
  94:Drivers/STM32F4xx_HAL_Driver/Src/stm32f4xx_hal_pcd_ex.c ****     {
 100              		.loc 1 94 28 is_stmt 0 discriminator 1 view .LVU27
 101 0034 0CF1FF31 		add	r1, ip, #-1
  94:Drivers/STM32F4xx_HAL_Driver/Src/stm32f4xx_hal_pcd_ex.c ****     {
 102              		.loc 1 94 20 discriminator 1 view .LVU28
 103 0038 8B42     		cmp	r3, r1
 104 003a F2D3     		bcc	.L5
 100:Drivers/STM32F4xx_HAL_Driver/Src/stm32f4xx_hal_pcd_ex.c ****   }
 105              		.loc 1 100 5 is_stmt 1 view .LVU29
 100:Drivers/STM32F4xx_HAL_Driver/Src/stm32f4xx_hal_pcd_ex.c ****   }
 106              		.loc 1 100 65 is_stmt 0 view .LVU30
 107 003c 40EA0240 		orr	r0, r0, r2, lsl #16
 108              	.LVL10:
 100:Drivers/STM32F4xx_HAL_Driver/Src/stm32f4xx_hal_pcd_ex.c ****   }
ARM GAS  C:\Users\kroko\AppData\Local\Temp\ccLIDUO6.s 			page 5


 109              		.loc 1 100 40 view .LVU31
 110 0040 0CF13F01 		add	r1, ip, #63
 111 0044 04EB8104 		add	r4, r4, r1, lsl #2
 112 0048 6060     		str	r0, [r4, #4]
 113 004a E0E7     		b	.L3
 114              		.cfi_endproc
 115              	.LFE134:
 117              		.section	.text.HAL_PCDEx_SetRxFiFo,"ax",%progbits
 118              		.align	1
 119              		.global	HAL_PCDEx_SetRxFiFo
 120              		.syntax unified
 121              		.thumb
 122              		.thumb_func
 124              	HAL_PCDEx_SetRxFiFo:
 125              	.LVL11:
 126              	.LFB135:
 105:Drivers/STM32F4xx_HAL_Driver/Src/stm32f4xx_hal_pcd_ex.c **** 
 106:Drivers/STM32F4xx_HAL_Driver/Src/stm32f4xx_hal_pcd_ex.c **** /**
 107:Drivers/STM32F4xx_HAL_Driver/Src/stm32f4xx_hal_pcd_ex.c ****   * @brief  Set Rx FIFO
 108:Drivers/STM32F4xx_HAL_Driver/Src/stm32f4xx_hal_pcd_ex.c ****   * @param  hpcd PCD handle
 109:Drivers/STM32F4xx_HAL_Driver/Src/stm32f4xx_hal_pcd_ex.c ****   * @param  size Size of Rx fifo
 110:Drivers/STM32F4xx_HAL_Driver/Src/stm32f4xx_hal_pcd_ex.c ****   * @retval HAL status
 111:Drivers/STM32F4xx_HAL_Driver/Src/stm32f4xx_hal_pcd_ex.c ****   */
 112:Drivers/STM32F4xx_HAL_Driver/Src/stm32f4xx_hal_pcd_ex.c **** HAL_StatusTypeDef HAL_PCDEx_SetRxFiFo(PCD_HandleTypeDef *hpcd, uint16_t size)
 113:Drivers/STM32F4xx_HAL_Driver/Src/stm32f4xx_hal_pcd_ex.c **** {
 127              		.loc 1 113 1 is_stmt 1 view -0
 128              		.cfi_startproc
 129              		@ args = 0, pretend = 0, frame = 0
 130              		@ frame_needed = 0, uses_anonymous_args = 0
 131              		@ link register save eliminated.
 114:Drivers/STM32F4xx_HAL_Driver/Src/stm32f4xx_hal_pcd_ex.c ****   hpcd->Instance->GRXFSIZ = size;
 132              		.loc 1 114 3 view .LVU33
 133              		.loc 1 114 7 is_stmt 0 view .LVU34
 134 0000 0368     		ldr	r3, [r0]
 135              		.loc 1 114 27 view .LVU35
 136 0002 5962     		str	r1, [r3, #36]
 115:Drivers/STM32F4xx_HAL_Driver/Src/stm32f4xx_hal_pcd_ex.c **** 
 116:Drivers/STM32F4xx_HAL_Driver/Src/stm32f4xx_hal_pcd_ex.c ****   return HAL_OK;
 137              		.loc 1 116 3 is_stmt 1 view .LVU36
 117:Drivers/STM32F4xx_HAL_Driver/Src/stm32f4xx_hal_pcd_ex.c **** }
 138              		.loc 1 117 1 is_stmt 0 view .LVU37
 139 0004 0020     		movs	r0, #0
 140              	.LVL12:
 141              		.loc 1 117 1 view .LVU38
 142 0006 7047     		bx	lr
 143              		.cfi_endproc
 144              	.LFE135:
 146              		.section	.text.HAL_PCDEx_ActivateLPM,"ax",%progbits
 147              		.align	1
 148              		.global	HAL_PCDEx_ActivateLPM
 149              		.syntax unified
 150              		.thumb
 151              		.thumb_func
 153              	HAL_PCDEx_ActivateLPM:
 154              	.LVL13:
 155              	.LFB136:
 118:Drivers/STM32F4xx_HAL_Driver/Src/stm32f4xx_hal_pcd_ex.c **** #if defined(STM32F446xx) || defined(STM32F469xx) || defined(STM32F479xx) || defined(STM32F412Zx) \
ARM GAS  C:\Users\kroko\AppData\Local\Temp\ccLIDUO6.s 			page 6


 119:Drivers/STM32F4xx_HAL_Driver/Src/stm32f4xx_hal_pcd_ex.c ****  || defined(STM32F412Vx) || defined(STM32F412Rx) || defined(STM32F412Cx) || defined(STM32F413xx) \
 120:Drivers/STM32F4xx_HAL_Driver/Src/stm32f4xx_hal_pcd_ex.c ****  || defined(STM32F423xx)
 121:Drivers/STM32F4xx_HAL_Driver/Src/stm32f4xx_hal_pcd_ex.c **** /**
 122:Drivers/STM32F4xx_HAL_Driver/Src/stm32f4xx_hal_pcd_ex.c ****   * @brief  Activate LPM feature.
 123:Drivers/STM32F4xx_HAL_Driver/Src/stm32f4xx_hal_pcd_ex.c ****   * @param  hpcd PCD handle
 124:Drivers/STM32F4xx_HAL_Driver/Src/stm32f4xx_hal_pcd_ex.c ****   * @retval HAL status
 125:Drivers/STM32F4xx_HAL_Driver/Src/stm32f4xx_hal_pcd_ex.c ****   */
 126:Drivers/STM32F4xx_HAL_Driver/Src/stm32f4xx_hal_pcd_ex.c **** HAL_StatusTypeDef HAL_PCDEx_ActivateLPM(PCD_HandleTypeDef *hpcd)
 127:Drivers/STM32F4xx_HAL_Driver/Src/stm32f4xx_hal_pcd_ex.c **** {
 156              		.loc 1 127 1 is_stmt 1 view -0
 157              		.cfi_startproc
 158              		@ args = 0, pretend = 0, frame = 0
 159              		@ frame_needed = 0, uses_anonymous_args = 0
 160              		@ link register save eliminated.
 161              		.loc 1 127 1 is_stmt 0 view .LVU40
 162 0000 0346     		mov	r3, r0
 128:Drivers/STM32F4xx_HAL_Driver/Src/stm32f4xx_hal_pcd_ex.c ****   USB_OTG_GlobalTypeDef *USBx = hpcd->Instance;
 163              		.loc 1 128 3 is_stmt 1 view .LVU41
 164              		.loc 1 128 26 is_stmt 0 view .LVU42
 165 0002 0268     		ldr	r2, [r0]
 166              	.LVL14:
 129:Drivers/STM32F4xx_HAL_Driver/Src/stm32f4xx_hal_pcd_ex.c **** 
 130:Drivers/STM32F4xx_HAL_Driver/Src/stm32f4xx_hal_pcd_ex.c ****   hpcd->lpm_active = 1U;
 167              		.loc 1 130 3 is_stmt 1 view .LVU43
 168              		.loc 1 130 20 is_stmt 0 view .LVU44
 169 0004 0121     		movs	r1, #1
 170 0006 C0F8D814 		str	r1, [r0, #1240]
 131:Drivers/STM32F4xx_HAL_Driver/Src/stm32f4xx_hal_pcd_ex.c ****   hpcd->LPM_State = LPM_L0;
 171              		.loc 1 131 3 is_stmt 1 view .LVU45
 172              		.loc 1 131 19 is_stmt 0 view .LVU46
 173 000a 0020     		movs	r0, #0
 174              	.LVL15:
 175              		.loc 1 131 19 view .LVU47
 176 000c 83F8CC04 		strb	r0, [r3, #1228]
 132:Drivers/STM32F4xx_HAL_Driver/Src/stm32f4xx_hal_pcd_ex.c ****   USBx->GINTMSK |= USB_OTG_GINTMSK_LPMINTM;
 177              		.loc 1 132 3 is_stmt 1 view .LVU48
 178              		.loc 1 132 7 is_stmt 0 view .LVU49
 179 0010 9369     		ldr	r3, [r2, #24]
 180              	.LVL16:
 181              		.loc 1 132 17 view .LVU50
 182 0012 43F00063 		orr	r3, r3, #134217728
 183 0016 9361     		str	r3, [r2, #24]
 133:Drivers/STM32F4xx_HAL_Driver/Src/stm32f4xx_hal_pcd_ex.c ****   USBx->GLPMCFG |= (USB_OTG_GLPMCFG_LPMEN | USB_OTG_GLPMCFG_LPMACK | USB_OTG_GLPMCFG_ENBESL);
 184              		.loc 1 133 3 is_stmt 1 view .LVU51
 185              		.loc 1 133 7 is_stmt 0 view .LVU52
 186 0018 536D     		ldr	r3, [r2, #84]
 187              		.loc 1 133 17 view .LVU53
 188 001a 43F08053 		orr	r3, r3, #268435456
 189 001e 43F00303 		orr	r3, r3, #3
 190 0022 5365     		str	r3, [r2, #84]
 134:Drivers/STM32F4xx_HAL_Driver/Src/stm32f4xx_hal_pcd_ex.c **** 
 135:Drivers/STM32F4xx_HAL_Driver/Src/stm32f4xx_hal_pcd_ex.c ****   return HAL_OK;
 191              		.loc 1 135 3 is_stmt 1 view .LVU54
 136:Drivers/STM32F4xx_HAL_Driver/Src/stm32f4xx_hal_pcd_ex.c **** }
 192              		.loc 1 136 1 is_stmt 0 view .LVU55
 193 0024 7047     		bx	lr
 194              		.cfi_endproc
ARM GAS  C:\Users\kroko\AppData\Local\Temp\ccLIDUO6.s 			page 7


 195              	.LFE136:
 197              		.section	.text.HAL_PCDEx_DeActivateLPM,"ax",%progbits
 198              		.align	1
 199              		.global	HAL_PCDEx_DeActivateLPM
 200              		.syntax unified
 201              		.thumb
 202              		.thumb_func
 204              	HAL_PCDEx_DeActivateLPM:
 205              	.LVL17:
 206              	.LFB137:
 137:Drivers/STM32F4xx_HAL_Driver/Src/stm32f4xx_hal_pcd_ex.c **** 
 138:Drivers/STM32F4xx_HAL_Driver/Src/stm32f4xx_hal_pcd_ex.c **** /**
 139:Drivers/STM32F4xx_HAL_Driver/Src/stm32f4xx_hal_pcd_ex.c ****   * @brief  Deactivate LPM feature.
 140:Drivers/STM32F4xx_HAL_Driver/Src/stm32f4xx_hal_pcd_ex.c ****   * @param  hpcd PCD handle
 141:Drivers/STM32F4xx_HAL_Driver/Src/stm32f4xx_hal_pcd_ex.c ****   * @retval HAL status
 142:Drivers/STM32F4xx_HAL_Driver/Src/stm32f4xx_hal_pcd_ex.c ****   */
 143:Drivers/STM32F4xx_HAL_Driver/Src/stm32f4xx_hal_pcd_ex.c **** HAL_StatusTypeDef HAL_PCDEx_DeActivateLPM(PCD_HandleTypeDef *hpcd)
 144:Drivers/STM32F4xx_HAL_Driver/Src/stm32f4xx_hal_pcd_ex.c **** {
 207              		.loc 1 144 1 is_stmt 1 view -0
 208              		.cfi_startproc
 209              		@ args = 0, pretend = 0, frame = 0
 210              		@ frame_needed = 0, uses_anonymous_args = 0
 211              		@ link register save eliminated.
 212              		.loc 1 144 1 is_stmt 0 view .LVU57
 213 0000 0346     		mov	r3, r0
 145:Drivers/STM32F4xx_HAL_Driver/Src/stm32f4xx_hal_pcd_ex.c ****   USB_OTG_GlobalTypeDef *USBx = hpcd->Instance;
 214              		.loc 1 145 3 is_stmt 1 view .LVU58
 215              		.loc 1 145 26 is_stmt 0 view .LVU59
 216 0002 0268     		ldr	r2, [r0]
 217              	.LVL18:
 146:Drivers/STM32F4xx_HAL_Driver/Src/stm32f4xx_hal_pcd_ex.c **** 
 147:Drivers/STM32F4xx_HAL_Driver/Src/stm32f4xx_hal_pcd_ex.c ****   hpcd->lpm_active = 0U;
 218              		.loc 1 147 3 is_stmt 1 view .LVU60
 219              		.loc 1 147 20 is_stmt 0 view .LVU61
 220 0004 0020     		movs	r0, #0
 221              	.LVL19:
 222              		.loc 1 147 20 view .LVU62
 223 0006 C3F8D804 		str	r0, [r3, #1240]
 148:Drivers/STM32F4xx_HAL_Driver/Src/stm32f4xx_hal_pcd_ex.c ****   USBx->GINTMSK &= ~USB_OTG_GINTMSK_LPMINTM;
 224              		.loc 1 148 3 is_stmt 1 view .LVU63
 225              		.loc 1 148 7 is_stmt 0 view .LVU64
 226 000a 9369     		ldr	r3, [r2, #24]
 227              	.LVL20:
 228              		.loc 1 148 17 view .LVU65
 229 000c 23F00063 		bic	r3, r3, #134217728
 230 0010 9361     		str	r3, [r2, #24]
 149:Drivers/STM32F4xx_HAL_Driver/Src/stm32f4xx_hal_pcd_ex.c ****   USBx->GLPMCFG &= ~(USB_OTG_GLPMCFG_LPMEN | USB_OTG_GLPMCFG_LPMACK | USB_OTG_GLPMCFG_ENBESL);
 231              		.loc 1 149 3 is_stmt 1 view .LVU66
 232              		.loc 1 149 7 is_stmt 0 view .LVU67
 233 0012 536D     		ldr	r3, [r2, #84]
 234              		.loc 1 149 17 view .LVU68
 235 0014 23F08053 		bic	r3, r3, #268435456
 236 0018 23F00303 		bic	r3, r3, #3
 237 001c 5365     		str	r3, [r2, #84]
 150:Drivers/STM32F4xx_HAL_Driver/Src/stm32f4xx_hal_pcd_ex.c **** 
 151:Drivers/STM32F4xx_HAL_Driver/Src/stm32f4xx_hal_pcd_ex.c ****   return HAL_OK;
 238              		.loc 1 151 3 is_stmt 1 view .LVU69
ARM GAS  C:\Users\kroko\AppData\Local\Temp\ccLIDUO6.s 			page 8


 152:Drivers/STM32F4xx_HAL_Driver/Src/stm32f4xx_hal_pcd_ex.c **** }
 239              		.loc 1 152 1 is_stmt 0 view .LVU70
 240 001e 7047     		bx	lr
 241              		.cfi_endproc
 242              	.LFE137:
 244              		.section	.text.HAL_PCDEx_ActivateBCD,"ax",%progbits
 245              		.align	1
 246              		.global	HAL_PCDEx_ActivateBCD
 247              		.syntax unified
 248              		.thumb
 249              		.thumb_func
 251              	HAL_PCDEx_ActivateBCD:
 252              	.LVL21:
 253              	.LFB139:
 153:Drivers/STM32F4xx_HAL_Driver/Src/stm32f4xx_hal_pcd_ex.c **** #endif /* defined(STM32F446xx) || defined(STM32F469xx) || defined(STM32F479xx) || defined(STM32F412
 154:Drivers/STM32F4xx_HAL_Driver/Src/stm32f4xx_hal_pcd_ex.c ****           defined(STM32F412Vx) || defined(STM32F412Rx) || defined(STM32F412Cx) || defined(STM32F413
 155:Drivers/STM32F4xx_HAL_Driver/Src/stm32f4xx_hal_pcd_ex.c ****           defined(STM32F423xx) */
 156:Drivers/STM32F4xx_HAL_Driver/Src/stm32f4xx_hal_pcd_ex.c **** #if defined(STM32F412Zx) || defined(STM32F412Vx) || defined(STM32F412Rx) \
 157:Drivers/STM32F4xx_HAL_Driver/Src/stm32f4xx_hal_pcd_ex.c ****  || defined(STM32F412Cx) || defined(STM32F413xx) || defined(STM32F423xx)
 158:Drivers/STM32F4xx_HAL_Driver/Src/stm32f4xx_hal_pcd_ex.c **** /**
 159:Drivers/STM32F4xx_HAL_Driver/Src/stm32f4xx_hal_pcd_ex.c ****   * @brief  Handle BatteryCharging Process.
 160:Drivers/STM32F4xx_HAL_Driver/Src/stm32f4xx_hal_pcd_ex.c ****   * @param  hpcd PCD handle
 161:Drivers/STM32F4xx_HAL_Driver/Src/stm32f4xx_hal_pcd_ex.c ****   * @retval HAL status
 162:Drivers/STM32F4xx_HAL_Driver/Src/stm32f4xx_hal_pcd_ex.c ****   */
 163:Drivers/STM32F4xx_HAL_Driver/Src/stm32f4xx_hal_pcd_ex.c **** void HAL_PCDEx_BCD_VBUSDetect(PCD_HandleTypeDef *hpcd)
 164:Drivers/STM32F4xx_HAL_Driver/Src/stm32f4xx_hal_pcd_ex.c **** {
 165:Drivers/STM32F4xx_HAL_Driver/Src/stm32f4xx_hal_pcd_ex.c ****   USB_OTG_GlobalTypeDef *USBx = hpcd->Instance;
 166:Drivers/STM32F4xx_HAL_Driver/Src/stm32f4xx_hal_pcd_ex.c ****   uint32_t tickstart = HAL_GetTick();
 167:Drivers/STM32F4xx_HAL_Driver/Src/stm32f4xx_hal_pcd_ex.c **** 
 168:Drivers/STM32F4xx_HAL_Driver/Src/stm32f4xx_hal_pcd_ex.c ****   /* Enable DCD : Data Contact Detect */
 169:Drivers/STM32F4xx_HAL_Driver/Src/stm32f4xx_hal_pcd_ex.c ****   USBx->GCCFG |= USB_OTG_GCCFG_DCDEN;
 170:Drivers/STM32F4xx_HAL_Driver/Src/stm32f4xx_hal_pcd_ex.c **** 
 171:Drivers/STM32F4xx_HAL_Driver/Src/stm32f4xx_hal_pcd_ex.c ****   /* Wait for Min DCD Timeout */
 172:Drivers/STM32F4xx_HAL_Driver/Src/stm32f4xx_hal_pcd_ex.c ****   HAL_Delay(300U);
 173:Drivers/STM32F4xx_HAL_Driver/Src/stm32f4xx_hal_pcd_ex.c **** 
 174:Drivers/STM32F4xx_HAL_Driver/Src/stm32f4xx_hal_pcd_ex.c ****   /* Check Detect flag */
 175:Drivers/STM32F4xx_HAL_Driver/Src/stm32f4xx_hal_pcd_ex.c ****   if ((USBx->GCCFG & USB_OTG_GCCFG_DCDET) == USB_OTG_GCCFG_DCDET)
 176:Drivers/STM32F4xx_HAL_Driver/Src/stm32f4xx_hal_pcd_ex.c ****   {
 177:Drivers/STM32F4xx_HAL_Driver/Src/stm32f4xx_hal_pcd_ex.c **** #if (USE_HAL_PCD_REGISTER_CALLBACKS == 1U)
 178:Drivers/STM32F4xx_HAL_Driver/Src/stm32f4xx_hal_pcd_ex.c ****     hpcd->BCDCallback(hpcd, PCD_BCD_CONTACT_DETECTION);
 179:Drivers/STM32F4xx_HAL_Driver/Src/stm32f4xx_hal_pcd_ex.c **** #else
 180:Drivers/STM32F4xx_HAL_Driver/Src/stm32f4xx_hal_pcd_ex.c ****     HAL_PCDEx_BCD_Callback(hpcd, PCD_BCD_CONTACT_DETECTION);
 181:Drivers/STM32F4xx_HAL_Driver/Src/stm32f4xx_hal_pcd_ex.c **** #endif /* USE_HAL_PCD_REGISTER_CALLBACKS */
 182:Drivers/STM32F4xx_HAL_Driver/Src/stm32f4xx_hal_pcd_ex.c ****   }
 183:Drivers/STM32F4xx_HAL_Driver/Src/stm32f4xx_hal_pcd_ex.c **** 
 184:Drivers/STM32F4xx_HAL_Driver/Src/stm32f4xx_hal_pcd_ex.c ****   /* Primary detection: checks if connected to Standard Downstream Port
 185:Drivers/STM32F4xx_HAL_Driver/Src/stm32f4xx_hal_pcd_ex.c ****   (without charging capability) */
 186:Drivers/STM32F4xx_HAL_Driver/Src/stm32f4xx_hal_pcd_ex.c ****   USBx->GCCFG &= ~USB_OTG_GCCFG_DCDEN;
 187:Drivers/STM32F4xx_HAL_Driver/Src/stm32f4xx_hal_pcd_ex.c ****   HAL_Delay(50U);
 188:Drivers/STM32F4xx_HAL_Driver/Src/stm32f4xx_hal_pcd_ex.c ****   USBx->GCCFG |= USB_OTG_GCCFG_PDEN;
 189:Drivers/STM32F4xx_HAL_Driver/Src/stm32f4xx_hal_pcd_ex.c ****   HAL_Delay(50U);
 190:Drivers/STM32F4xx_HAL_Driver/Src/stm32f4xx_hal_pcd_ex.c **** 
 191:Drivers/STM32F4xx_HAL_Driver/Src/stm32f4xx_hal_pcd_ex.c ****   if ((USBx->GCCFG & USB_OTG_GCCFG_PDET) == 0U)
 192:Drivers/STM32F4xx_HAL_Driver/Src/stm32f4xx_hal_pcd_ex.c ****   {
 193:Drivers/STM32F4xx_HAL_Driver/Src/stm32f4xx_hal_pcd_ex.c ****     /* Case of Standard Downstream Port */
 194:Drivers/STM32F4xx_HAL_Driver/Src/stm32f4xx_hal_pcd_ex.c **** #if (USE_HAL_PCD_REGISTER_CALLBACKS == 1U)
 195:Drivers/STM32F4xx_HAL_Driver/Src/stm32f4xx_hal_pcd_ex.c ****     hpcd->BCDCallback(hpcd, PCD_BCD_STD_DOWNSTREAM_PORT);
ARM GAS  C:\Users\kroko\AppData\Local\Temp\ccLIDUO6.s 			page 9


 196:Drivers/STM32F4xx_HAL_Driver/Src/stm32f4xx_hal_pcd_ex.c **** #else
 197:Drivers/STM32F4xx_HAL_Driver/Src/stm32f4xx_hal_pcd_ex.c ****     HAL_PCDEx_BCD_Callback(hpcd, PCD_BCD_STD_DOWNSTREAM_PORT);
 198:Drivers/STM32F4xx_HAL_Driver/Src/stm32f4xx_hal_pcd_ex.c **** #endif /* USE_HAL_PCD_REGISTER_CALLBACKS */
 199:Drivers/STM32F4xx_HAL_Driver/Src/stm32f4xx_hal_pcd_ex.c ****   }
 200:Drivers/STM32F4xx_HAL_Driver/Src/stm32f4xx_hal_pcd_ex.c ****   else
 201:Drivers/STM32F4xx_HAL_Driver/Src/stm32f4xx_hal_pcd_ex.c ****   {
 202:Drivers/STM32F4xx_HAL_Driver/Src/stm32f4xx_hal_pcd_ex.c ****     /* start secondary detection to check connection to Charging Downstream
 203:Drivers/STM32F4xx_HAL_Driver/Src/stm32f4xx_hal_pcd_ex.c ****     Port or Dedicated Charging Port */
 204:Drivers/STM32F4xx_HAL_Driver/Src/stm32f4xx_hal_pcd_ex.c ****     USBx->GCCFG &= ~(USB_OTG_GCCFG_PDEN);
 205:Drivers/STM32F4xx_HAL_Driver/Src/stm32f4xx_hal_pcd_ex.c ****     HAL_Delay(50U);
 206:Drivers/STM32F4xx_HAL_Driver/Src/stm32f4xx_hal_pcd_ex.c ****     USBx->GCCFG |= USB_OTG_GCCFG_SDEN;
 207:Drivers/STM32F4xx_HAL_Driver/Src/stm32f4xx_hal_pcd_ex.c ****     HAL_Delay(50U);
 208:Drivers/STM32F4xx_HAL_Driver/Src/stm32f4xx_hal_pcd_ex.c **** 
 209:Drivers/STM32F4xx_HAL_Driver/Src/stm32f4xx_hal_pcd_ex.c ****     if ((USBx->GCCFG & USB_OTG_GCCFG_SDET) == USB_OTG_GCCFG_SDET)
 210:Drivers/STM32F4xx_HAL_Driver/Src/stm32f4xx_hal_pcd_ex.c ****     {
 211:Drivers/STM32F4xx_HAL_Driver/Src/stm32f4xx_hal_pcd_ex.c ****       /* case Dedicated Charging Port  */
 212:Drivers/STM32F4xx_HAL_Driver/Src/stm32f4xx_hal_pcd_ex.c **** #if (USE_HAL_PCD_REGISTER_CALLBACKS == 1U)
 213:Drivers/STM32F4xx_HAL_Driver/Src/stm32f4xx_hal_pcd_ex.c ****       hpcd->BCDCallback(hpcd, PCD_BCD_DEDICATED_CHARGING_PORT);
 214:Drivers/STM32F4xx_HAL_Driver/Src/stm32f4xx_hal_pcd_ex.c **** #else
 215:Drivers/STM32F4xx_HAL_Driver/Src/stm32f4xx_hal_pcd_ex.c ****       HAL_PCDEx_BCD_Callback(hpcd, PCD_BCD_DEDICATED_CHARGING_PORT);
 216:Drivers/STM32F4xx_HAL_Driver/Src/stm32f4xx_hal_pcd_ex.c **** #endif /* USE_HAL_PCD_REGISTER_CALLBACKS */
 217:Drivers/STM32F4xx_HAL_Driver/Src/stm32f4xx_hal_pcd_ex.c ****     }
 218:Drivers/STM32F4xx_HAL_Driver/Src/stm32f4xx_hal_pcd_ex.c ****     else
 219:Drivers/STM32F4xx_HAL_Driver/Src/stm32f4xx_hal_pcd_ex.c ****     {
 220:Drivers/STM32F4xx_HAL_Driver/Src/stm32f4xx_hal_pcd_ex.c ****       /* case Charging Downstream Port */
 221:Drivers/STM32F4xx_HAL_Driver/Src/stm32f4xx_hal_pcd_ex.c **** #if (USE_HAL_PCD_REGISTER_CALLBACKS == 1U)
 222:Drivers/STM32F4xx_HAL_Driver/Src/stm32f4xx_hal_pcd_ex.c ****       hpcd->BCDCallback(hpcd, PCD_BCD_CHARGING_DOWNSTREAM_PORT);
 223:Drivers/STM32F4xx_HAL_Driver/Src/stm32f4xx_hal_pcd_ex.c **** #else
 224:Drivers/STM32F4xx_HAL_Driver/Src/stm32f4xx_hal_pcd_ex.c ****       HAL_PCDEx_BCD_Callback(hpcd, PCD_BCD_CHARGING_DOWNSTREAM_PORT);
 225:Drivers/STM32F4xx_HAL_Driver/Src/stm32f4xx_hal_pcd_ex.c **** #endif /* USE_HAL_PCD_REGISTER_CALLBACKS */
 226:Drivers/STM32F4xx_HAL_Driver/Src/stm32f4xx_hal_pcd_ex.c ****     }
 227:Drivers/STM32F4xx_HAL_Driver/Src/stm32f4xx_hal_pcd_ex.c ****   }
 228:Drivers/STM32F4xx_HAL_Driver/Src/stm32f4xx_hal_pcd_ex.c **** 
 229:Drivers/STM32F4xx_HAL_Driver/Src/stm32f4xx_hal_pcd_ex.c ****   /* Battery Charging capability discovery finished */
 230:Drivers/STM32F4xx_HAL_Driver/Src/stm32f4xx_hal_pcd_ex.c ****   (void)HAL_PCDEx_DeActivateBCD(hpcd);
 231:Drivers/STM32F4xx_HAL_Driver/Src/stm32f4xx_hal_pcd_ex.c **** 
 232:Drivers/STM32F4xx_HAL_Driver/Src/stm32f4xx_hal_pcd_ex.c ****   /* Check for the Timeout, else start USB Device */
 233:Drivers/STM32F4xx_HAL_Driver/Src/stm32f4xx_hal_pcd_ex.c ****   if ((HAL_GetTick() - tickstart) > 1000U)
 234:Drivers/STM32F4xx_HAL_Driver/Src/stm32f4xx_hal_pcd_ex.c ****   {
 235:Drivers/STM32F4xx_HAL_Driver/Src/stm32f4xx_hal_pcd_ex.c **** #if (USE_HAL_PCD_REGISTER_CALLBACKS == 1U)
 236:Drivers/STM32F4xx_HAL_Driver/Src/stm32f4xx_hal_pcd_ex.c ****     hpcd->BCDCallback(hpcd, PCD_BCD_ERROR);
 237:Drivers/STM32F4xx_HAL_Driver/Src/stm32f4xx_hal_pcd_ex.c **** #else
 238:Drivers/STM32F4xx_HAL_Driver/Src/stm32f4xx_hal_pcd_ex.c ****     HAL_PCDEx_BCD_Callback(hpcd, PCD_BCD_ERROR);
 239:Drivers/STM32F4xx_HAL_Driver/Src/stm32f4xx_hal_pcd_ex.c **** #endif /* USE_HAL_PCD_REGISTER_CALLBACKS */
 240:Drivers/STM32F4xx_HAL_Driver/Src/stm32f4xx_hal_pcd_ex.c ****   }
 241:Drivers/STM32F4xx_HAL_Driver/Src/stm32f4xx_hal_pcd_ex.c ****   else
 242:Drivers/STM32F4xx_HAL_Driver/Src/stm32f4xx_hal_pcd_ex.c ****   {
 243:Drivers/STM32F4xx_HAL_Driver/Src/stm32f4xx_hal_pcd_ex.c **** #if (USE_HAL_PCD_REGISTER_CALLBACKS == 1U)
 244:Drivers/STM32F4xx_HAL_Driver/Src/stm32f4xx_hal_pcd_ex.c ****     hpcd->BCDCallback(hpcd, PCD_BCD_DISCOVERY_COMPLETED);
 245:Drivers/STM32F4xx_HAL_Driver/Src/stm32f4xx_hal_pcd_ex.c **** #else
 246:Drivers/STM32F4xx_HAL_Driver/Src/stm32f4xx_hal_pcd_ex.c ****     HAL_PCDEx_BCD_Callback(hpcd, PCD_BCD_DISCOVERY_COMPLETED);
 247:Drivers/STM32F4xx_HAL_Driver/Src/stm32f4xx_hal_pcd_ex.c **** #endif /* USE_HAL_PCD_REGISTER_CALLBACKS */
 248:Drivers/STM32F4xx_HAL_Driver/Src/stm32f4xx_hal_pcd_ex.c ****   }
 249:Drivers/STM32F4xx_HAL_Driver/Src/stm32f4xx_hal_pcd_ex.c **** }
 250:Drivers/STM32F4xx_HAL_Driver/Src/stm32f4xx_hal_pcd_ex.c **** 
 251:Drivers/STM32F4xx_HAL_Driver/Src/stm32f4xx_hal_pcd_ex.c **** /**
 252:Drivers/STM32F4xx_HAL_Driver/Src/stm32f4xx_hal_pcd_ex.c ****   * @brief  Activate BatteryCharging feature.
ARM GAS  C:\Users\kroko\AppData\Local\Temp\ccLIDUO6.s 			page 10


 253:Drivers/STM32F4xx_HAL_Driver/Src/stm32f4xx_hal_pcd_ex.c ****   * @param  hpcd PCD handle
 254:Drivers/STM32F4xx_HAL_Driver/Src/stm32f4xx_hal_pcd_ex.c ****   * @retval HAL status
 255:Drivers/STM32F4xx_HAL_Driver/Src/stm32f4xx_hal_pcd_ex.c ****   */
 256:Drivers/STM32F4xx_HAL_Driver/Src/stm32f4xx_hal_pcd_ex.c **** HAL_StatusTypeDef HAL_PCDEx_ActivateBCD(PCD_HandleTypeDef *hpcd)
 257:Drivers/STM32F4xx_HAL_Driver/Src/stm32f4xx_hal_pcd_ex.c **** {
 254              		.loc 1 257 1 is_stmt 1 view -0
 255              		.cfi_startproc
 256              		@ args = 0, pretend = 0, frame = 0
 257              		@ frame_needed = 0, uses_anonymous_args = 0
 258              		@ link register save eliminated.
 258:Drivers/STM32F4xx_HAL_Driver/Src/stm32f4xx_hal_pcd_ex.c ****   USB_OTG_GlobalTypeDef *USBx = hpcd->Instance;
 259              		.loc 1 258 3 view .LVU72
 260              		.loc 1 258 26 is_stmt 0 view .LVU73
 261 0000 0368     		ldr	r3, [r0]
 262              	.LVL22:
 259:Drivers/STM32F4xx_HAL_Driver/Src/stm32f4xx_hal_pcd_ex.c **** 
 260:Drivers/STM32F4xx_HAL_Driver/Src/stm32f4xx_hal_pcd_ex.c ****   USBx->GCCFG &= ~(USB_OTG_GCCFG_PDEN);
 263              		.loc 1 260 3 is_stmt 1 view .LVU74
 264              		.loc 1 260 7 is_stmt 0 view .LVU75
 265 0002 9A6B     		ldr	r2, [r3, #56]
 266              		.loc 1 260 15 view .LVU76
 267 0004 22F40022 		bic	r2, r2, #524288
 268 0008 9A63     		str	r2, [r3, #56]
 261:Drivers/STM32F4xx_HAL_Driver/Src/stm32f4xx_hal_pcd_ex.c ****   USBx->GCCFG &= ~(USB_OTG_GCCFG_SDEN);
 269              		.loc 1 261 3 is_stmt 1 view .LVU77
 270              		.loc 1 261 7 is_stmt 0 view .LVU78
 271 000a 9A6B     		ldr	r2, [r3, #56]
 272              		.loc 1 261 15 view .LVU79
 273 000c 22F48012 		bic	r2, r2, #1048576
 274 0010 9A63     		str	r2, [r3, #56]
 262:Drivers/STM32F4xx_HAL_Driver/Src/stm32f4xx_hal_pcd_ex.c **** 
 263:Drivers/STM32F4xx_HAL_Driver/Src/stm32f4xx_hal_pcd_ex.c ****   /* Power Down USB transceiver  */
 264:Drivers/STM32F4xx_HAL_Driver/Src/stm32f4xx_hal_pcd_ex.c ****   USBx->GCCFG &= ~(USB_OTG_GCCFG_PWRDWN);
 275              		.loc 1 264 3 is_stmt 1 view .LVU80
 276              		.loc 1 264 7 is_stmt 0 view .LVU81
 277 0012 9A6B     		ldr	r2, [r3, #56]
 278              		.loc 1 264 15 view .LVU82
 279 0014 22F48032 		bic	r2, r2, #65536
 280 0018 9A63     		str	r2, [r3, #56]
 265:Drivers/STM32F4xx_HAL_Driver/Src/stm32f4xx_hal_pcd_ex.c **** 
 266:Drivers/STM32F4xx_HAL_Driver/Src/stm32f4xx_hal_pcd_ex.c ****   /* Enable Battery charging */
 267:Drivers/STM32F4xx_HAL_Driver/Src/stm32f4xx_hal_pcd_ex.c ****   USBx->GCCFG |= USB_OTG_GCCFG_BCDEN;
 281              		.loc 1 267 3 is_stmt 1 view .LVU83
 282              		.loc 1 267 7 is_stmt 0 view .LVU84
 283 001a 9A6B     		ldr	r2, [r3, #56]
 284              		.loc 1 267 15 view .LVU85
 285 001c 42F40032 		orr	r2, r2, #131072
 286 0020 9A63     		str	r2, [r3, #56]
 268:Drivers/STM32F4xx_HAL_Driver/Src/stm32f4xx_hal_pcd_ex.c **** 
 269:Drivers/STM32F4xx_HAL_Driver/Src/stm32f4xx_hal_pcd_ex.c ****   hpcd->battery_charging_active = 1U;
 287              		.loc 1 269 3 is_stmt 1 view .LVU86
 288              		.loc 1 269 33 is_stmt 0 view .LVU87
 289 0022 0123     		movs	r3, #1
 290              	.LVL23:
 291              		.loc 1 269 33 view .LVU88
 292 0024 C0F8DC34 		str	r3, [r0, #1244]
 270:Drivers/STM32F4xx_HAL_Driver/Src/stm32f4xx_hal_pcd_ex.c **** 
ARM GAS  C:\Users\kroko\AppData\Local\Temp\ccLIDUO6.s 			page 11


 271:Drivers/STM32F4xx_HAL_Driver/Src/stm32f4xx_hal_pcd_ex.c ****   return HAL_OK;
 293              		.loc 1 271 3 is_stmt 1 view .LVU89
 272:Drivers/STM32F4xx_HAL_Driver/Src/stm32f4xx_hal_pcd_ex.c **** }
 294              		.loc 1 272 1 is_stmt 0 view .LVU90
 295 0028 0020     		movs	r0, #0
 296              	.LVL24:
 297              		.loc 1 272 1 view .LVU91
 298 002a 7047     		bx	lr
 299              		.cfi_endproc
 300              	.LFE139:
 302              		.section	.text.HAL_PCDEx_DeActivateBCD,"ax",%progbits
 303              		.align	1
 304              		.global	HAL_PCDEx_DeActivateBCD
 305              		.syntax unified
 306              		.thumb
 307              		.thumb_func
 309              	HAL_PCDEx_DeActivateBCD:
 310              	.LVL25:
 311              	.LFB140:
 273:Drivers/STM32F4xx_HAL_Driver/Src/stm32f4xx_hal_pcd_ex.c **** 
 274:Drivers/STM32F4xx_HAL_Driver/Src/stm32f4xx_hal_pcd_ex.c **** /**
 275:Drivers/STM32F4xx_HAL_Driver/Src/stm32f4xx_hal_pcd_ex.c ****   * @brief  Deactivate BatteryCharging feature.
 276:Drivers/STM32F4xx_HAL_Driver/Src/stm32f4xx_hal_pcd_ex.c ****   * @param  hpcd PCD handle
 277:Drivers/STM32F4xx_HAL_Driver/Src/stm32f4xx_hal_pcd_ex.c ****   * @retval HAL status
 278:Drivers/STM32F4xx_HAL_Driver/Src/stm32f4xx_hal_pcd_ex.c ****   */
 279:Drivers/STM32F4xx_HAL_Driver/Src/stm32f4xx_hal_pcd_ex.c **** HAL_StatusTypeDef HAL_PCDEx_DeActivateBCD(PCD_HandleTypeDef *hpcd)
 280:Drivers/STM32F4xx_HAL_Driver/Src/stm32f4xx_hal_pcd_ex.c **** {
 312              		.loc 1 280 1 is_stmt 1 view -0
 313              		.cfi_startproc
 314              		@ args = 0, pretend = 0, frame = 0
 315              		@ frame_needed = 0, uses_anonymous_args = 0
 316              		@ link register save eliminated.
 317              		.loc 1 280 1 is_stmt 0 view .LVU93
 318 0000 0246     		mov	r2, r0
 281:Drivers/STM32F4xx_HAL_Driver/Src/stm32f4xx_hal_pcd_ex.c ****   USB_OTG_GlobalTypeDef *USBx = hpcd->Instance;
 319              		.loc 1 281 3 is_stmt 1 view .LVU94
 320              		.loc 1 281 26 is_stmt 0 view .LVU95
 321 0002 0368     		ldr	r3, [r0]
 322              	.LVL26:
 282:Drivers/STM32F4xx_HAL_Driver/Src/stm32f4xx_hal_pcd_ex.c **** 
 283:Drivers/STM32F4xx_HAL_Driver/Src/stm32f4xx_hal_pcd_ex.c ****   USBx->GCCFG &= ~(USB_OTG_GCCFG_SDEN);
 323              		.loc 1 283 3 is_stmt 1 view .LVU96
 324              		.loc 1 283 7 is_stmt 0 view .LVU97
 325 0004 996B     		ldr	r1, [r3, #56]
 326              		.loc 1 283 15 view .LVU98
 327 0006 21F48011 		bic	r1, r1, #1048576
 328 000a 9963     		str	r1, [r3, #56]
 284:Drivers/STM32F4xx_HAL_Driver/Src/stm32f4xx_hal_pcd_ex.c ****   USBx->GCCFG &= ~(USB_OTG_GCCFG_PDEN);
 329              		.loc 1 284 3 is_stmt 1 view .LVU99
 330              		.loc 1 284 7 is_stmt 0 view .LVU100
 331 000c 996B     		ldr	r1, [r3, #56]
 332              		.loc 1 284 15 view .LVU101
 333 000e 21F40021 		bic	r1, r1, #524288
 334 0012 9963     		str	r1, [r3, #56]
 285:Drivers/STM32F4xx_HAL_Driver/Src/stm32f4xx_hal_pcd_ex.c **** 
 286:Drivers/STM32F4xx_HAL_Driver/Src/stm32f4xx_hal_pcd_ex.c ****   /* Disable Battery charging */
 287:Drivers/STM32F4xx_HAL_Driver/Src/stm32f4xx_hal_pcd_ex.c ****   USBx->GCCFG &= ~(USB_OTG_GCCFG_BCDEN);
ARM GAS  C:\Users\kroko\AppData\Local\Temp\ccLIDUO6.s 			page 12


 335              		.loc 1 287 3 is_stmt 1 view .LVU102
 336              		.loc 1 287 7 is_stmt 0 view .LVU103
 337 0014 996B     		ldr	r1, [r3, #56]
 338              		.loc 1 287 15 view .LVU104
 339 0016 21F40031 		bic	r1, r1, #131072
 340 001a 9963     		str	r1, [r3, #56]
 288:Drivers/STM32F4xx_HAL_Driver/Src/stm32f4xx_hal_pcd_ex.c **** 
 289:Drivers/STM32F4xx_HAL_Driver/Src/stm32f4xx_hal_pcd_ex.c ****   hpcd->battery_charging_active = 0U;
 341              		.loc 1 289 3 is_stmt 1 view .LVU105
 342              		.loc 1 289 33 is_stmt 0 view .LVU106
 343 001c 0020     		movs	r0, #0
 344              	.LVL27:
 345              		.loc 1 289 33 view .LVU107
 346 001e C2F8DC04 		str	r0, [r2, #1244]
 290:Drivers/STM32F4xx_HAL_Driver/Src/stm32f4xx_hal_pcd_ex.c **** 
 291:Drivers/STM32F4xx_HAL_Driver/Src/stm32f4xx_hal_pcd_ex.c ****   return HAL_OK;
 347              		.loc 1 291 3 is_stmt 1 view .LVU108
 292:Drivers/STM32F4xx_HAL_Driver/Src/stm32f4xx_hal_pcd_ex.c **** }
 348              		.loc 1 292 1 is_stmt 0 view .LVU109
 349 0022 7047     		bx	lr
 350              		.cfi_endproc
 351              	.LFE140:
 353              		.section	.text.HAL_PCDEx_LPM_Callback,"ax",%progbits
 354              		.align	1
 355              		.weak	HAL_PCDEx_LPM_Callback
 356              		.syntax unified
 357              		.thumb
 358              		.thumb_func
 360              	HAL_PCDEx_LPM_Callback:
 361              	.LVL28:
 362              	.LFB141:
 293:Drivers/STM32F4xx_HAL_Driver/Src/stm32f4xx_hal_pcd_ex.c **** #endif /* defined(STM32F412Zx) || defined(STM32F412Vx) || defined(STM32F412Rx) ||
 294:Drivers/STM32F4xx_HAL_Driver/Src/stm32f4xx_hal_pcd_ex.c ****           defined(STM32F412Cx) || defined(STM32F413xx) || defined(STM32F423xx) */
 295:Drivers/STM32F4xx_HAL_Driver/Src/stm32f4xx_hal_pcd_ex.c **** #endif /* defined (USB_OTG_FS) || defined (USB_OTG_HS) */
 296:Drivers/STM32F4xx_HAL_Driver/Src/stm32f4xx_hal_pcd_ex.c **** 
 297:Drivers/STM32F4xx_HAL_Driver/Src/stm32f4xx_hal_pcd_ex.c **** /**
 298:Drivers/STM32F4xx_HAL_Driver/Src/stm32f4xx_hal_pcd_ex.c ****   * @brief  Send LPM message to user layer callback.
 299:Drivers/STM32F4xx_HAL_Driver/Src/stm32f4xx_hal_pcd_ex.c ****   * @param  hpcd PCD handle
 300:Drivers/STM32F4xx_HAL_Driver/Src/stm32f4xx_hal_pcd_ex.c ****   * @param  msg LPM message
 301:Drivers/STM32F4xx_HAL_Driver/Src/stm32f4xx_hal_pcd_ex.c ****   * @retval HAL status
 302:Drivers/STM32F4xx_HAL_Driver/Src/stm32f4xx_hal_pcd_ex.c ****   */
 303:Drivers/STM32F4xx_HAL_Driver/Src/stm32f4xx_hal_pcd_ex.c **** __weak void HAL_PCDEx_LPM_Callback(PCD_HandleTypeDef *hpcd, PCD_LPM_MsgTypeDef msg)
 304:Drivers/STM32F4xx_HAL_Driver/Src/stm32f4xx_hal_pcd_ex.c **** {
 363              		.loc 1 304 1 is_stmt 1 view -0
 364              		.cfi_startproc
 365              		@ args = 0, pretend = 0, frame = 0
 366              		@ frame_needed = 0, uses_anonymous_args = 0
 367              		@ link register save eliminated.
 305:Drivers/STM32F4xx_HAL_Driver/Src/stm32f4xx_hal_pcd_ex.c ****   /* Prevent unused argument(s) compilation warning */
 306:Drivers/STM32F4xx_HAL_Driver/Src/stm32f4xx_hal_pcd_ex.c ****   UNUSED(hpcd);
 368              		.loc 1 306 3 view .LVU111
 307:Drivers/STM32F4xx_HAL_Driver/Src/stm32f4xx_hal_pcd_ex.c ****   UNUSED(msg);
 369              		.loc 1 307 3 view .LVU112
 308:Drivers/STM32F4xx_HAL_Driver/Src/stm32f4xx_hal_pcd_ex.c **** 
 309:Drivers/STM32F4xx_HAL_Driver/Src/stm32f4xx_hal_pcd_ex.c ****   /* NOTE : This function should not be modified, when the callback is needed,
 310:Drivers/STM32F4xx_HAL_Driver/Src/stm32f4xx_hal_pcd_ex.c ****             the HAL_PCDEx_LPM_Callback could be implemented in the user file
 311:Drivers/STM32F4xx_HAL_Driver/Src/stm32f4xx_hal_pcd_ex.c ****    */
ARM GAS  C:\Users\kroko\AppData\Local\Temp\ccLIDUO6.s 			page 13


 312:Drivers/STM32F4xx_HAL_Driver/Src/stm32f4xx_hal_pcd_ex.c **** }
 370              		.loc 1 312 1 is_stmt 0 view .LVU113
 371 0000 7047     		bx	lr
 372              		.cfi_endproc
 373              	.LFE141:
 375              		.section	.text.HAL_PCDEx_BCD_Callback,"ax",%progbits
 376              		.align	1
 377              		.weak	HAL_PCDEx_BCD_Callback
 378              		.syntax unified
 379              		.thumb
 380              		.thumb_func
 382              	HAL_PCDEx_BCD_Callback:
 383              	.LVL29:
 384              	.LFB142:
 313:Drivers/STM32F4xx_HAL_Driver/Src/stm32f4xx_hal_pcd_ex.c **** 
 314:Drivers/STM32F4xx_HAL_Driver/Src/stm32f4xx_hal_pcd_ex.c **** /**
 315:Drivers/STM32F4xx_HAL_Driver/Src/stm32f4xx_hal_pcd_ex.c ****   * @brief  Send BatteryCharging message to user layer callback.
 316:Drivers/STM32F4xx_HAL_Driver/Src/stm32f4xx_hal_pcd_ex.c ****   * @param  hpcd PCD handle
 317:Drivers/STM32F4xx_HAL_Driver/Src/stm32f4xx_hal_pcd_ex.c ****   * @param  msg LPM message
 318:Drivers/STM32F4xx_HAL_Driver/Src/stm32f4xx_hal_pcd_ex.c ****   * @retval HAL status
 319:Drivers/STM32F4xx_HAL_Driver/Src/stm32f4xx_hal_pcd_ex.c ****   */
 320:Drivers/STM32F4xx_HAL_Driver/Src/stm32f4xx_hal_pcd_ex.c **** __weak void HAL_PCDEx_BCD_Callback(PCD_HandleTypeDef *hpcd, PCD_BCD_MsgTypeDef msg)
 321:Drivers/STM32F4xx_HAL_Driver/Src/stm32f4xx_hal_pcd_ex.c **** {
 385              		.loc 1 321 1 is_stmt 1 view -0
 386              		.cfi_startproc
 387              		@ args = 0, pretend = 0, frame = 0
 388              		@ frame_needed = 0, uses_anonymous_args = 0
 389              		@ link register save eliminated.
 322:Drivers/STM32F4xx_HAL_Driver/Src/stm32f4xx_hal_pcd_ex.c ****   /* Prevent unused argument(s) compilation warning */
 323:Drivers/STM32F4xx_HAL_Driver/Src/stm32f4xx_hal_pcd_ex.c ****   UNUSED(hpcd);
 390              		.loc 1 323 3 view .LVU115
 324:Drivers/STM32F4xx_HAL_Driver/Src/stm32f4xx_hal_pcd_ex.c ****   UNUSED(msg);
 391              		.loc 1 324 3 view .LVU116
 325:Drivers/STM32F4xx_HAL_Driver/Src/stm32f4xx_hal_pcd_ex.c **** 
 326:Drivers/STM32F4xx_HAL_Driver/Src/stm32f4xx_hal_pcd_ex.c ****   /* NOTE : This function should not be modified, when the callback is needed,
 327:Drivers/STM32F4xx_HAL_Driver/Src/stm32f4xx_hal_pcd_ex.c ****             the HAL_PCDEx_BCD_Callback could be implemented in the user file
 328:Drivers/STM32F4xx_HAL_Driver/Src/stm32f4xx_hal_pcd_ex.c ****    */
 329:Drivers/STM32F4xx_HAL_Driver/Src/stm32f4xx_hal_pcd_ex.c **** }
 392              		.loc 1 329 1 is_stmt 0 view .LVU117
 393 0000 7047     		bx	lr
 394              		.cfi_endproc
 395              	.LFE142:
 397              		.section	.text.HAL_PCDEx_BCD_VBUSDetect,"ax",%progbits
 398              		.align	1
 399              		.global	HAL_PCDEx_BCD_VBUSDetect
 400              		.syntax unified
 401              		.thumb
 402              		.thumb_func
 404              	HAL_PCDEx_BCD_VBUSDetect:
 405              	.LVL30:
 406              	.LFB138:
 164:Drivers/STM32F4xx_HAL_Driver/Src/stm32f4xx_hal_pcd_ex.c ****   USB_OTG_GlobalTypeDef *USBx = hpcd->Instance;
 407              		.loc 1 164 1 is_stmt 1 view -0
 408              		.cfi_startproc
 409              		@ args = 0, pretend = 0, frame = 0
 410              		@ frame_needed = 0, uses_anonymous_args = 0
 164:Drivers/STM32F4xx_HAL_Driver/Src/stm32f4xx_hal_pcd_ex.c ****   USB_OTG_GlobalTypeDef *USBx = hpcd->Instance;
ARM GAS  C:\Users\kroko\AppData\Local\Temp\ccLIDUO6.s 			page 14


 411              		.loc 1 164 1 is_stmt 0 view .LVU119
 412 0000 70B5     		push	{r4, r5, r6, lr}
 413              		.cfi_def_cfa_offset 16
 414              		.cfi_offset 4, -16
 415              		.cfi_offset 5, -12
 416              		.cfi_offset 6, -8
 417              		.cfi_offset 14, -4
 418 0002 0546     		mov	r5, r0
 165:Drivers/STM32F4xx_HAL_Driver/Src/stm32f4xx_hal_pcd_ex.c ****   uint32_t tickstart = HAL_GetTick();
 419              		.loc 1 165 3 is_stmt 1 view .LVU120
 165:Drivers/STM32F4xx_HAL_Driver/Src/stm32f4xx_hal_pcd_ex.c ****   uint32_t tickstart = HAL_GetTick();
 420              		.loc 1 165 26 is_stmt 0 view .LVU121
 421 0004 0468     		ldr	r4, [r0]
 422              	.LVL31:
 166:Drivers/STM32F4xx_HAL_Driver/Src/stm32f4xx_hal_pcd_ex.c **** 
 423              		.loc 1 166 3 is_stmt 1 view .LVU122
 166:Drivers/STM32F4xx_HAL_Driver/Src/stm32f4xx_hal_pcd_ex.c **** 
 424              		.loc 1 166 24 is_stmt 0 view .LVU123
 425 0006 FFF7FEFF 		bl	HAL_GetTick
 426              	.LVL32:
 166:Drivers/STM32F4xx_HAL_Driver/Src/stm32f4xx_hal_pcd_ex.c **** 
 427              		.loc 1 166 24 view .LVU124
 428 000a 0646     		mov	r6, r0
 429              	.LVL33:
 169:Drivers/STM32F4xx_HAL_Driver/Src/stm32f4xx_hal_pcd_ex.c **** 
 430              		.loc 1 169 3 is_stmt 1 view .LVU125
 169:Drivers/STM32F4xx_HAL_Driver/Src/stm32f4xx_hal_pcd_ex.c **** 
 431              		.loc 1 169 7 is_stmt 0 view .LVU126
 432 000c A36B     		ldr	r3, [r4, #56]
 169:Drivers/STM32F4xx_HAL_Driver/Src/stm32f4xx_hal_pcd_ex.c **** 
 433              		.loc 1 169 15 view .LVU127
 434 000e 43F48023 		orr	r3, r3, #262144
 435 0012 A363     		str	r3, [r4, #56]
 172:Drivers/STM32F4xx_HAL_Driver/Src/stm32f4xx_hal_pcd_ex.c **** 
 436              		.loc 1 172 3 is_stmt 1 view .LVU128
 437 0014 4FF49670 		mov	r0, #300
 438              	.LVL34:
 172:Drivers/STM32F4xx_HAL_Driver/Src/stm32f4xx_hal_pcd_ex.c **** 
 439              		.loc 1 172 3 is_stmt 0 view .LVU129
 440 0018 FFF7FEFF 		bl	HAL_Delay
 441              	.LVL35:
 175:Drivers/STM32F4xx_HAL_Driver/Src/stm32f4xx_hal_pcd_ex.c ****   {
 442              		.loc 1 175 3 is_stmt 1 view .LVU130
 175:Drivers/STM32F4xx_HAL_Driver/Src/stm32f4xx_hal_pcd_ex.c ****   {
 443              		.loc 1 175 12 is_stmt 0 view .LVU131
 444 001c A36B     		ldr	r3, [r4, #56]
 175:Drivers/STM32F4xx_HAL_Driver/Src/stm32f4xx_hal_pcd_ex.c ****   {
 445              		.loc 1 175 6 view .LVU132
 446 001e 13F0010F 		tst	r3, #1
 447 0022 23D1     		bne	.L22
 448              	.L15:
 186:Drivers/STM32F4xx_HAL_Driver/Src/stm32f4xx_hal_pcd_ex.c ****   HAL_Delay(50U);
 449              		.loc 1 186 3 is_stmt 1 view .LVU133
 186:Drivers/STM32F4xx_HAL_Driver/Src/stm32f4xx_hal_pcd_ex.c ****   HAL_Delay(50U);
 450              		.loc 1 186 7 is_stmt 0 view .LVU134
 451 0024 A36B     		ldr	r3, [r4, #56]
 186:Drivers/STM32F4xx_HAL_Driver/Src/stm32f4xx_hal_pcd_ex.c ****   HAL_Delay(50U);
ARM GAS  C:\Users\kroko\AppData\Local\Temp\ccLIDUO6.s 			page 15


 452              		.loc 1 186 15 view .LVU135
 453 0026 23F48023 		bic	r3, r3, #262144
 454 002a A363     		str	r3, [r4, #56]
 187:Drivers/STM32F4xx_HAL_Driver/Src/stm32f4xx_hal_pcd_ex.c ****   USBx->GCCFG |= USB_OTG_GCCFG_PDEN;
 455              		.loc 1 187 3 is_stmt 1 view .LVU136
 456 002c 3220     		movs	r0, #50
 457 002e FFF7FEFF 		bl	HAL_Delay
 458              	.LVL36:
 188:Drivers/STM32F4xx_HAL_Driver/Src/stm32f4xx_hal_pcd_ex.c ****   HAL_Delay(50U);
 459              		.loc 1 188 3 view .LVU137
 188:Drivers/STM32F4xx_HAL_Driver/Src/stm32f4xx_hal_pcd_ex.c ****   HAL_Delay(50U);
 460              		.loc 1 188 7 is_stmt 0 view .LVU138
 461 0032 A36B     		ldr	r3, [r4, #56]
 188:Drivers/STM32F4xx_HAL_Driver/Src/stm32f4xx_hal_pcd_ex.c ****   HAL_Delay(50U);
 462              		.loc 1 188 15 view .LVU139
 463 0034 43F40023 		orr	r3, r3, #524288
 464 0038 A363     		str	r3, [r4, #56]
 189:Drivers/STM32F4xx_HAL_Driver/Src/stm32f4xx_hal_pcd_ex.c **** 
 465              		.loc 1 189 3 is_stmt 1 view .LVU140
 466 003a 3220     		movs	r0, #50
 467 003c FFF7FEFF 		bl	HAL_Delay
 468              	.LVL37:
 191:Drivers/STM32F4xx_HAL_Driver/Src/stm32f4xx_hal_pcd_ex.c ****   {
 469              		.loc 1 191 3 view .LVU141
 191:Drivers/STM32F4xx_HAL_Driver/Src/stm32f4xx_hal_pcd_ex.c ****   {
 470              		.loc 1 191 12 is_stmt 0 view .LVU142
 471 0040 A36B     		ldr	r3, [r4, #56]
 191:Drivers/STM32F4xx_HAL_Driver/Src/stm32f4xx_hal_pcd_ex.c ****   {
 472              		.loc 1 191 6 view .LVU143
 473 0042 13F0020F 		tst	r3, #2
 474 0046 16D1     		bne	.L16
 197:Drivers/STM32F4xx_HAL_Driver/Src/stm32f4xx_hal_pcd_ex.c **** #endif /* USE_HAL_PCD_REGISTER_CALLBACKS */
 475              		.loc 1 197 5 is_stmt 1 view .LVU144
 476 0048 FD21     		movs	r1, #253
 477 004a 2846     		mov	r0, r5
 478 004c FFF7FEFF 		bl	HAL_PCDEx_BCD_Callback
 479              	.LVL38:
 480              	.L17:
 230:Drivers/STM32F4xx_HAL_Driver/Src/stm32f4xx_hal_pcd_ex.c **** 
 481              		.loc 1 230 3 view .LVU145
 230:Drivers/STM32F4xx_HAL_Driver/Src/stm32f4xx_hal_pcd_ex.c **** 
 482              		.loc 1 230 9 is_stmt 0 view .LVU146
 483 0050 2846     		mov	r0, r5
 484 0052 FFF7FEFF 		bl	HAL_PCDEx_DeActivateBCD
 485              	.LVL39:
 233:Drivers/STM32F4xx_HAL_Driver/Src/stm32f4xx_hal_pcd_ex.c ****   {
 486              		.loc 1 233 3 is_stmt 1 view .LVU147
 233:Drivers/STM32F4xx_HAL_Driver/Src/stm32f4xx_hal_pcd_ex.c ****   {
 487              		.loc 1 233 8 is_stmt 0 view .LVU148
 488 0056 FFF7FEFF 		bl	HAL_GetTick
 489              	.LVL40:
 233:Drivers/STM32F4xx_HAL_Driver/Src/stm32f4xx_hal_pcd_ex.c ****   {
 490              		.loc 1 233 22 discriminator 1 view .LVU149
 491 005a 801B     		subs	r0, r0, r6
 233:Drivers/STM32F4xx_HAL_Driver/Src/stm32f4xx_hal_pcd_ex.c ****   {
 492              		.loc 1 233 6 discriminator 1 view .LVU150
 493 005c B0F57A7F 		cmp	r0, #1000
ARM GAS  C:\Users\kroko\AppData\Local\Temp\ccLIDUO6.s 			page 16


 494 0060 25D9     		bls	.L19
 238:Drivers/STM32F4xx_HAL_Driver/Src/stm32f4xx_hal_pcd_ex.c **** #endif /* USE_HAL_PCD_REGISTER_CALLBACKS */
 495              		.loc 1 238 5 is_stmt 1 view .LVU151
 496 0062 FF21     		movs	r1, #255
 497 0064 2846     		mov	r0, r5
 498 0066 FFF7FEFF 		bl	HAL_PCDEx_BCD_Callback
 499              	.LVL41:
 500              	.L14:
 249:Drivers/STM32F4xx_HAL_Driver/Src/stm32f4xx_hal_pcd_ex.c **** 
 501              		.loc 1 249 1 is_stmt 0 view .LVU152
 502 006a 70BD     		pop	{r4, r5, r6, pc}
 503              	.LVL42:
 504              	.L22:
 180:Drivers/STM32F4xx_HAL_Driver/Src/stm32f4xx_hal_pcd_ex.c **** #endif /* USE_HAL_PCD_REGISTER_CALLBACKS */
 505              		.loc 1 180 5 is_stmt 1 view .LVU153
 506 006c FE21     		movs	r1, #254
 507 006e 2846     		mov	r0, r5
 508 0070 FFF7FEFF 		bl	HAL_PCDEx_BCD_Callback
 509              	.LVL43:
 510 0074 D6E7     		b	.L15
 511              	.L16:
 204:Drivers/STM32F4xx_HAL_Driver/Src/stm32f4xx_hal_pcd_ex.c ****     HAL_Delay(50U);
 512              		.loc 1 204 5 view .LVU154
 204:Drivers/STM32F4xx_HAL_Driver/Src/stm32f4xx_hal_pcd_ex.c ****     HAL_Delay(50U);
 513              		.loc 1 204 9 is_stmt 0 view .LVU155
 514 0076 A36B     		ldr	r3, [r4, #56]
 204:Drivers/STM32F4xx_HAL_Driver/Src/stm32f4xx_hal_pcd_ex.c ****     HAL_Delay(50U);
 515              		.loc 1 204 17 view .LVU156
 516 0078 23F40023 		bic	r3, r3, #524288
 517 007c A363     		str	r3, [r4, #56]
 205:Drivers/STM32F4xx_HAL_Driver/Src/stm32f4xx_hal_pcd_ex.c ****     USBx->GCCFG |= USB_OTG_GCCFG_SDEN;
 518              		.loc 1 205 5 is_stmt 1 view .LVU157
 519 007e 3220     		movs	r0, #50
 520 0080 FFF7FEFF 		bl	HAL_Delay
 521              	.LVL44:
 206:Drivers/STM32F4xx_HAL_Driver/Src/stm32f4xx_hal_pcd_ex.c ****     HAL_Delay(50U);
 522              		.loc 1 206 5 view .LVU158
 206:Drivers/STM32F4xx_HAL_Driver/Src/stm32f4xx_hal_pcd_ex.c ****     HAL_Delay(50U);
 523              		.loc 1 206 9 is_stmt 0 view .LVU159
 524 0084 A36B     		ldr	r3, [r4, #56]
 206:Drivers/STM32F4xx_HAL_Driver/Src/stm32f4xx_hal_pcd_ex.c ****     HAL_Delay(50U);
 525              		.loc 1 206 17 view .LVU160
 526 0086 43F48013 		orr	r3, r3, #1048576
 527 008a A363     		str	r3, [r4, #56]
 207:Drivers/STM32F4xx_HAL_Driver/Src/stm32f4xx_hal_pcd_ex.c **** 
 528              		.loc 1 207 5 is_stmt 1 view .LVU161
 529 008c 3220     		movs	r0, #50
 530 008e FFF7FEFF 		bl	HAL_Delay
 531              	.LVL45:
 209:Drivers/STM32F4xx_HAL_Driver/Src/stm32f4xx_hal_pcd_ex.c ****     {
 532              		.loc 1 209 5 view .LVU162
 209:Drivers/STM32F4xx_HAL_Driver/Src/stm32f4xx_hal_pcd_ex.c ****     {
 533              		.loc 1 209 14 is_stmt 0 view .LVU163
 534 0092 A36B     		ldr	r3, [r4, #56]
 209:Drivers/STM32F4xx_HAL_Driver/Src/stm32f4xx_hal_pcd_ex.c ****     {
 535              		.loc 1 209 8 view .LVU164
 536 0094 13F0040F 		tst	r3, #4
ARM GAS  C:\Users\kroko\AppData\Local\Temp\ccLIDUO6.s 			page 17


 537 0098 04D0     		beq	.L18
 215:Drivers/STM32F4xx_HAL_Driver/Src/stm32f4xx_hal_pcd_ex.c **** #endif /* USE_HAL_PCD_REGISTER_CALLBACKS */
 538              		.loc 1 215 7 is_stmt 1 view .LVU165
 539 009a FB21     		movs	r1, #251
 540 009c 2846     		mov	r0, r5
 541 009e FFF7FEFF 		bl	HAL_PCDEx_BCD_Callback
 542              	.LVL46:
 543 00a2 D5E7     		b	.L17
 544              	.L18:
 224:Drivers/STM32F4xx_HAL_Driver/Src/stm32f4xx_hal_pcd_ex.c **** #endif /* USE_HAL_PCD_REGISTER_CALLBACKS */
 545              		.loc 1 224 7 view .LVU166
 546 00a4 FC21     		movs	r1, #252
 547 00a6 2846     		mov	r0, r5
 548 00a8 FFF7FEFF 		bl	HAL_PCDEx_BCD_Callback
 549              	.LVL47:
 550 00ac D0E7     		b	.L17
 551              	.L19:
 246:Drivers/STM32F4xx_HAL_Driver/Src/stm32f4xx_hal_pcd_ex.c **** #endif /* USE_HAL_PCD_REGISTER_CALLBACKS */
 552              		.loc 1 246 5 view .LVU167
 553 00ae 0021     		movs	r1, #0
 554 00b0 2846     		mov	r0, r5
 555 00b2 FFF7FEFF 		bl	HAL_PCDEx_BCD_Callback
 556              	.LVL48:
 249:Drivers/STM32F4xx_HAL_Driver/Src/stm32f4xx_hal_pcd_ex.c **** 
 557              		.loc 1 249 1 is_stmt 0 view .LVU168
 558 00b6 D8E7     		b	.L14
 559              		.cfi_endproc
 560              	.LFE138:
 562              		.text
 563              	.Letext0:
 564              		.file 2 "Core/Inc/stm32f4xx_hal_conf.h"
 565              		.file 3 "C:/Users/kroko/AppData/Roaming/Code/User/globalStorage/bmd.stm32-for-vscode/@xpack-dev-to
 566              		.file 4 "C:/Users/kroko/AppData/Roaming/Code/User/globalStorage/bmd.stm32-for-vscode/@xpack-dev-to
 567              		.file 5 "Drivers/CMSIS/Device/ST/STM32F4xx/Include/stm32f413xx.h"
 568              		.file 6 "Drivers/STM32F4xx_HAL_Driver/Inc/stm32f4xx_ll_usb.h"
 569              		.file 7 "Drivers/STM32F4xx_HAL_Driver/Inc/stm32f4xx_hal_pcd.h"
 570              		.file 8 "Drivers/STM32F4xx_HAL_Driver/Inc/stm32f4xx_hal.h"
ARM GAS  C:\Users\kroko\AppData\Local\Temp\ccLIDUO6.s 			page 18


DEFINED SYMBOLS
                            *ABS*:00000000 stm32f4xx_hal_pcd_ex.c
C:\Users\kroko\AppData\Local\Temp\ccLIDUO6.s:21     .text.HAL_PCDEx_SetTxFiFo:00000000 $t
C:\Users\kroko\AppData\Local\Temp\ccLIDUO6.s:27     .text.HAL_PCDEx_SetTxFiFo:00000000 HAL_PCDEx_SetTxFiFo
C:\Users\kroko\AppData\Local\Temp\ccLIDUO6.s:118    .text.HAL_PCDEx_SetRxFiFo:00000000 $t
C:\Users\kroko\AppData\Local\Temp\ccLIDUO6.s:124    .text.HAL_PCDEx_SetRxFiFo:00000000 HAL_PCDEx_SetRxFiFo
C:\Users\kroko\AppData\Local\Temp\ccLIDUO6.s:147    .text.HAL_PCDEx_ActivateLPM:00000000 $t
C:\Users\kroko\AppData\Local\Temp\ccLIDUO6.s:153    .text.HAL_PCDEx_ActivateLPM:00000000 HAL_PCDEx_ActivateLPM
C:\Users\kroko\AppData\Local\Temp\ccLIDUO6.s:198    .text.HAL_PCDEx_DeActivateLPM:00000000 $t
C:\Users\kroko\AppData\Local\Temp\ccLIDUO6.s:204    .text.HAL_PCDEx_DeActivateLPM:00000000 HAL_PCDEx_DeActivateLPM
C:\Users\kroko\AppData\Local\Temp\ccLIDUO6.s:245    .text.HAL_PCDEx_ActivateBCD:00000000 $t
C:\Users\kroko\AppData\Local\Temp\ccLIDUO6.s:251    .text.HAL_PCDEx_ActivateBCD:00000000 HAL_PCDEx_ActivateBCD
C:\Users\kroko\AppData\Local\Temp\ccLIDUO6.s:303    .text.HAL_PCDEx_DeActivateBCD:00000000 $t
C:\Users\kroko\AppData\Local\Temp\ccLIDUO6.s:309    .text.HAL_PCDEx_DeActivateBCD:00000000 HAL_PCDEx_DeActivateBCD
C:\Users\kroko\AppData\Local\Temp\ccLIDUO6.s:354    .text.HAL_PCDEx_LPM_Callback:00000000 $t
C:\Users\kroko\AppData\Local\Temp\ccLIDUO6.s:360    .text.HAL_PCDEx_LPM_Callback:00000000 HAL_PCDEx_LPM_Callback
C:\Users\kroko\AppData\Local\Temp\ccLIDUO6.s:376    .text.HAL_PCDEx_BCD_Callback:00000000 $t
C:\Users\kroko\AppData\Local\Temp\ccLIDUO6.s:382    .text.HAL_PCDEx_BCD_Callback:00000000 HAL_PCDEx_BCD_Callback
C:\Users\kroko\AppData\Local\Temp\ccLIDUO6.s:398    .text.HAL_PCDEx_BCD_VBUSDetect:00000000 $t
C:\Users\kroko\AppData\Local\Temp\ccLIDUO6.s:404    .text.HAL_PCDEx_BCD_VBUSDetect:00000000 HAL_PCDEx_BCD_VBUSDetect

UNDEFINED SYMBOLS
HAL_GetTick
HAL_Delay
