ARM GAS  C:\Users\kroko\AppData\Local\Temp\ccJ35jB1.s 			page 1


   1              		.cpu cortex-m4
   2              		.arch armv7e-m
   3              		.fpu fpv4-sp-d16
   4              		.eabi_attribute 27, 1
   5              		.eabi_attribute 28, 1
   6              		.eabi_attribute 20, 1
   7              		.eabi_attribute 21, 1
   8              		.eabi_attribute 23, 3
   9              		.eabi_attribute 24, 1
  10              		.eabi_attribute 25, 1
  11              		.eabi_attribute 26, 1
  12              		.eabi_attribute 30, 1
  13              		.eabi_attribute 34, 1
  14              		.eabi_attribute 18, 4
  15              		.file	"buttons.c"
  16              		.text
  17              	.Ltext0:
  18              		.cfi_sections	.debug_frame
  19              		.file 1 "Core/Src/buttons.c"
  20              		.section	.text.init,"ax",%progbits
  21              		.align	1
  22              		.global	init
  23              		.syntax unified
  24              		.thumb
  25              		.thumb_func
  27              	init:
  28              	.LVL0:
  29              	.LFB134:
   1:Core/Src/buttons.c **** #include "buttons.h"
   2:Core/Src/buttons.c **** 
   3:Core/Src/buttons.c **** void init(Button *btt){
  30              		.loc 1 3 23 view -0
  31              		.cfi_startproc
  32              		@ args = 0, pretend = 0, frame = 0
  33              		@ frame_needed = 0, uses_anonymous_args = 0
  34              		.loc 1 3 23 is_stmt 0 view .LVU1
  35 0000 10B5     		push	{r4, lr}
  36              		.cfi_def_cfa_offset 8
  37              		.cfi_offset 4, -8
  38              		.cfi_offset 14, -4
  39 0002 0446     		mov	r4, r0
   4:Core/Src/buttons.c ****     gpio_SetGPIOmode_In(btt->port, btt->pin, btt->type);
  40              		.loc 1 4 5 is_stmt 1 view .LVU2
  41 0004 8279     		ldrb	r2, [r0, #6]	@ zero_extendqisi2
  42 0006 8188     		ldrh	r1, [r0, #4]
  43 0008 0068     		ldr	r0, [r0]
  44              	.LVL1:
  45              		.loc 1 4 5 is_stmt 0 view .LVU3
  46 000a FFF7FEFF 		bl	gpio_SetGPIOmode_In
  47              	.LVL2:
   5:Core/Src/buttons.c ****     btt->btn_flag = true;
  48              		.loc 1 5 5 is_stmt 1 view .LVU4
  49              		.loc 1 5 19 is_stmt 0 view .LVU5
  50 000e 0123     		movs	r3, #1
  51 0010 2374     		strb	r3, [r4, #16]
   6:Core/Src/buttons.c **** }
  52              		.loc 1 6 1 view .LVU6
ARM GAS  C:\Users\kroko\AppData\Local\Temp\ccJ35jB1.s 			page 2


  53 0012 10BD     		pop	{r4, pc}
  54              		.loc 1 6 1 view .LVU7
  55              		.cfi_endproc
  56              	.LFE134:
  58              		.section	.text.tick,"ax",%progbits
  59              		.align	1
  60              		.global	tick
  61              		.syntax unified
  62              		.thumb
  63              		.thumb_func
  65              	tick:
  66              	.LVL3:
  67              	.LFB135:
   7:Core/Src/buttons.c **** 
   8:Core/Src/buttons.c **** void tick(Button *btt){
  68              		.loc 1 8 23 is_stmt 1 view -0
  69              		.cfi_startproc
  70              		@ args = 0, pretend = 0, frame = 0
  71              		@ frame_needed = 0, uses_anonymous_args = 0
  72              		.loc 1 8 23 is_stmt 0 view .LVU9
  73 0000 38B5     		push	{r3, r4, r5, lr}
  74              		.cfi_def_cfa_offset 16
  75              		.cfi_offset 3, -16
  76              		.cfi_offset 4, -12
  77              		.cfi_offset 5, -8
  78              		.cfi_offset 14, -4
  79 0002 0446     		mov	r4, r0
   9:Core/Src/buttons.c ****     bool btn_state = HAL_GPIO_ReadPin(btt->port, btt->pin);
  80              		.loc 1 9 5 is_stmt 1 view .LVU10
  81              		.loc 1 9 22 is_stmt 0 view .LVU11
  82 0004 8188     		ldrh	r1, [r0, #4]
  83 0006 0068     		ldr	r0, [r0]
  84              	.LVL4:
  85              		.loc 1 9 22 view .LVU12
  86 0008 FFF7FEFF 		bl	HAL_GPIO_ReadPin
  87              	.LVL5:
  10:Core/Src/buttons.c **** 
  11:Core/Src/buttons.c ****     if (!btn_state && !btt->btn_flag && HAL_GetTick() - btt->btn_timer > 100) {
  88              		.loc 1 11 5 is_stmt 1 view .LVU13
  89              		.loc 1 11 8 is_stmt 0 view .LVU14
  90 000c 0546     		mov	r5, r0
  91 000e 10B9     		cbnz	r0, .L4
  92              		.loc 1 11 27 discriminator 1 view .LVU15
  93 0010 237C     		ldrb	r3, [r4, #16]	@ zero_extendqisi2
  94              		.loc 1 11 20 discriminator 1 view .LVU16
  95 0012 33B1     		cbz	r3, .L10
  96              	.LVL6:
  97              	.L5:
  12:Core/Src/buttons.c ****         btt->btn_flag = true;
  13:Core/Src/buttons.c ****         if(!btt->btn_hold){btt->btn_single = true;}
  14:Core/Src/buttons.c ****         btt->btn_hold = false;
  15:Core/Src/buttons.c ****         btt->btn_timer = HAL_GetTick();
  16:Core/Src/buttons.c ****     }
  17:Core/Src/buttons.c ****     if (btn_state && btt->btn_flag && HAL_GetTick() - btt->btn_timer > 100) {
  98              		.loc 1 17 5 is_stmt 1 view .LVU17
  99              		.loc 1 17 8 is_stmt 0 view .LVU18
 100 0014 0DB1     		cbz	r5, .L7
ARM GAS  C:\Users\kroko\AppData\Local\Temp\ccJ35jB1.s 			page 3


 101              	.L4:
 102              		.loc 1 17 25 discriminator 1 view .LVU19
 103 0016 237C     		ldrb	r3, [r4, #16]	@ zero_extendqisi2
 104              		.loc 1 17 19 discriminator 1 view .LVU20
 105 0018 ABB9     		cbnz	r3, .L11
 106              	.L7:
  18:Core/Src/buttons.c ****         btt->btn_flag = false;
  19:Core/Src/buttons.c ****         btt->btn_timer = HAL_GetTick();
  20:Core/Src/buttons.c ****         btt->btn_hold_timer = HAL_GetTick();
  21:Core/Src/buttons.c ****     }
  22:Core/Src/buttons.c **** 
  23:Core/Src/buttons.c ****     if (!btt->btn_flag && btn_state && (HAL_GetTick() - btt->btn_hold_timer >= 200) && !btt->btn_ho
 107              		.loc 1 23 5 is_stmt 1 view .LVU21
 108              		.loc 1 23 13 is_stmt 0 view .LVU22
 109 001a 237C     		ldrb	r3, [r4, #16]	@ zero_extendqisi2
 110              		.loc 1 23 8 view .LVU23
 111 001c 03B9     		cbnz	r3, .L3
 112              		.loc 1 23 24 discriminator 1 view .LVU24
 113 001e 0DBB     		cbnz	r5, .L12
 114              	.L3:
  24:Core/Src/buttons.c ****         btt->btn_hold = true;
  25:Core/Src/buttons.c ****         btt->btn_hold_timer = HAL_GetTick();
  26:Core/Src/buttons.c ****     }
  27:Core/Src/buttons.c **** 
  28:Core/Src/buttons.c **** }
 115              		.loc 1 28 1 view .LVU25
 116 0020 38BD     		pop	{r3, r4, r5, pc}
 117              	.LVL7:
 118              	.L10:
  11:Core/Src/buttons.c ****         btt->btn_flag = true;
 119              		.loc 1 11 41 discriminator 2 view .LVU26
 120 0022 FFF7FEFF 		bl	HAL_GetTick
 121              	.LVL8:
  11:Core/Src/buttons.c ****         btt->btn_flag = true;
 122              		.loc 1 11 60 discriminator 1 view .LVU27
 123 0026 A368     		ldr	r3, [r4, #8]
  11:Core/Src/buttons.c ****         btt->btn_flag = true;
 124              		.loc 1 11 55 discriminator 1 view .LVU28
 125 0028 C01A     		subs	r0, r0, r3
  11:Core/Src/buttons.c ****         btt->btn_flag = true;
 126              		.loc 1 11 38 discriminator 1 view .LVU29
 127 002a 6428     		cmp	r0, #100
 128 002c F2D9     		bls	.L5
  12:Core/Src/buttons.c ****         if(!btt->btn_hold){btt->btn_single = true;}
 129              		.loc 1 12 9 is_stmt 1 view .LVU30
  12:Core/Src/buttons.c ****         if(!btt->btn_hold){btt->btn_single = true;}
 130              		.loc 1 12 23 is_stmt 0 view .LVU31
 131 002e 0123     		movs	r3, #1
 132 0030 2374     		strb	r3, [r4, #16]
  13:Core/Src/buttons.c ****         btt->btn_hold = false;
 133              		.loc 1 13 9 is_stmt 1 view .LVU32
  13:Core/Src/buttons.c ****         btt->btn_hold = false;
 134              		.loc 1 13 16 is_stmt 0 view .LVU33
 135 0032 637C     		ldrb	r3, [r4, #17]	@ zero_extendqisi2
  13:Core/Src/buttons.c ****         btt->btn_hold = false;
 136              		.loc 1 13 11 view .LVU34
 137 0034 0BB9     		cbnz	r3, .L6
ARM GAS  C:\Users\kroko\AppData\Local\Temp\ccJ35jB1.s 			page 4


  13:Core/Src/buttons.c ****         btt->btn_hold = false;
 138              		.loc 1 13 28 is_stmt 1 discriminator 1 view .LVU35
  13:Core/Src/buttons.c ****         btt->btn_hold = false;
 139              		.loc 1 13 44 is_stmt 0 discriminator 1 view .LVU36
 140 0036 0123     		movs	r3, #1
 141 0038 E374     		strb	r3, [r4, #19]
 142              	.L6:
  14:Core/Src/buttons.c ****         btt->btn_timer = HAL_GetTick();
 143              		.loc 1 14 9 is_stmt 1 view .LVU37
  14:Core/Src/buttons.c ****         btt->btn_timer = HAL_GetTick();
 144              		.loc 1 14 23 is_stmt 0 view .LVU38
 145 003a 0023     		movs	r3, #0
 146 003c 6374     		strb	r3, [r4, #17]
  15:Core/Src/buttons.c ****     }
 147              		.loc 1 15 9 is_stmt 1 view .LVU39
  15:Core/Src/buttons.c ****     }
 148              		.loc 1 15 26 is_stmt 0 view .LVU40
 149 003e FFF7FEFF 		bl	HAL_GetTick
 150              	.LVL9:
  15:Core/Src/buttons.c ****     }
 151              		.loc 1 15 24 discriminator 1 view .LVU41
 152 0042 A060     		str	r0, [r4, #8]
 153 0044 E6E7     		b	.L5
 154              	.L11:
  17:Core/Src/buttons.c ****         btt->btn_flag = false;
 155              		.loc 1 17 39 discriminator 2 view .LVU42
 156 0046 FFF7FEFF 		bl	HAL_GetTick
 157              	.LVL10:
  17:Core/Src/buttons.c ****         btt->btn_flag = false;
 158              		.loc 1 17 58 discriminator 1 view .LVU43
 159 004a A368     		ldr	r3, [r4, #8]
  17:Core/Src/buttons.c ****         btt->btn_flag = false;
 160              		.loc 1 17 53 discriminator 1 view .LVU44
 161 004c C01A     		subs	r0, r0, r3
  17:Core/Src/buttons.c ****         btt->btn_flag = false;
 162              		.loc 1 17 36 discriminator 1 view .LVU45
 163 004e 6428     		cmp	r0, #100
 164 0050 E3D9     		bls	.L7
  18:Core/Src/buttons.c ****         btt->btn_timer = HAL_GetTick();
 165              		.loc 1 18 9 is_stmt 1 view .LVU46
  18:Core/Src/buttons.c ****         btt->btn_timer = HAL_GetTick();
 166              		.loc 1 18 23 is_stmt 0 view .LVU47
 167 0052 0023     		movs	r3, #0
 168 0054 2374     		strb	r3, [r4, #16]
  19:Core/Src/buttons.c ****         btt->btn_hold_timer = HAL_GetTick();
 169              		.loc 1 19 9 is_stmt 1 view .LVU48
  19:Core/Src/buttons.c ****         btt->btn_hold_timer = HAL_GetTick();
 170              		.loc 1 19 26 is_stmt 0 view .LVU49
 171 0056 FFF7FEFF 		bl	HAL_GetTick
 172              	.LVL11:
  19:Core/Src/buttons.c ****         btt->btn_hold_timer = HAL_GetTick();
 173              		.loc 1 19 24 discriminator 1 view .LVU50
 174 005a A060     		str	r0, [r4, #8]
  20:Core/Src/buttons.c ****     }
 175              		.loc 1 20 9 is_stmt 1 view .LVU51
  20:Core/Src/buttons.c ****     }
 176              		.loc 1 20 31 is_stmt 0 view .LVU52
ARM GAS  C:\Users\kroko\AppData\Local\Temp\ccJ35jB1.s 			page 5


 177 005c FFF7FEFF 		bl	HAL_GetTick
 178              	.LVL12:
  20:Core/Src/buttons.c ****     }
 179              		.loc 1 20 29 discriminator 1 view .LVU53
 180 0060 E060     		str	r0, [r4, #12]
 181 0062 DAE7     		b	.L7
 182              	.L12:
  23:Core/Src/buttons.c ****         btt->btn_hold = true;
 183              		.loc 1 23 41 discriminator 2 view .LVU54
 184 0064 FFF7FEFF 		bl	HAL_GetTick
 185              	.LVL13:
  23:Core/Src/buttons.c ****         btt->btn_hold = true;
 186              		.loc 1 23 60 discriminator 1 view .LVU55
 187 0068 E368     		ldr	r3, [r4, #12]
  23:Core/Src/buttons.c ****         btt->btn_hold = true;
 188              		.loc 1 23 55 discriminator 1 view .LVU56
 189 006a C01A     		subs	r0, r0, r3
  23:Core/Src/buttons.c ****         btt->btn_hold = true;
 190              		.loc 1 23 37 discriminator 1 view .LVU57
 191 006c C728     		cmp	r0, #199
 192 006e D7D9     		bls	.L3
  23:Core/Src/buttons.c ****         btt->btn_hold = true;
 193              		.loc 1 23 92 discriminator 3 view .LVU58
 194 0070 637C     		ldrb	r3, [r4, #17]	@ zero_extendqisi2
  23:Core/Src/buttons.c ****         btt->btn_hold = true;
 195              		.loc 1 23 85 discriminator 3 view .LVU59
 196 0072 002B     		cmp	r3, #0
 197 0074 D4D1     		bne	.L3
  24:Core/Src/buttons.c ****         btt->btn_hold_timer = HAL_GetTick();
 198              		.loc 1 24 9 is_stmt 1 view .LVU60
  24:Core/Src/buttons.c ****         btt->btn_hold_timer = HAL_GetTick();
 199              		.loc 1 24 23 is_stmt 0 view .LVU61
 200 0076 0123     		movs	r3, #1
 201 0078 6374     		strb	r3, [r4, #17]
  25:Core/Src/buttons.c ****     }
 202              		.loc 1 25 9 is_stmt 1 view .LVU62
  25:Core/Src/buttons.c ****     }
 203              		.loc 1 25 31 is_stmt 0 view .LVU63
 204 007a FFF7FEFF 		bl	HAL_GetTick
 205              	.LVL14:
  25:Core/Src/buttons.c ****     }
 206              		.loc 1 25 29 discriminator 1 view .LVU64
 207 007e E060     		str	r0, [r4, #12]
 208              		.loc 1 28 1 view .LVU65
 209 0080 CEE7     		b	.L3
 210              		.cfi_endproc
 211              	.LFE135:
 213              		.section	.text.isClicked,"ax",%progbits
 214              		.align	1
 215              		.global	isClicked
 216              		.syntax unified
 217              		.thumb
 218              		.thumb_func
 220              	isClicked:
 221              	.LVL15:
 222              	.LFB136:
  29:Core/Src/buttons.c **** 
ARM GAS  C:\Users\kroko\AppData\Local\Temp\ccJ35jB1.s 			page 6


  30:Core/Src/buttons.c **** bool isClicked(Button *btt){
 223              		.loc 1 30 28 is_stmt 1 view -0
 224              		.cfi_startproc
 225              		@ args = 0, pretend = 0, frame = 0
 226              		@ frame_needed = 0, uses_anonymous_args = 0
 227              		@ link register save eliminated.
 228              		.loc 1 30 28 is_stmt 0 view .LVU67
 229 0000 0346     		mov	r3, r0
  31:Core/Src/buttons.c ****     if(btt->btn_single){
 230              		.loc 1 31 5 is_stmt 1 view .LVU68
 231              		.loc 1 31 11 is_stmt 0 view .LVU69
 232 0002 C07C     		ldrb	r0, [r0, #19]	@ zero_extendqisi2
 233              	.LVL16:
 234              		.loc 1 31 7 view .LVU70
 235 0004 00B9     		cbnz	r0, .L15
 236              	.L14:
  32:Core/Src/buttons.c ****         btt->btn_single = false;
  33:Core/Src/buttons.c ****         return true;
  34:Core/Src/buttons.c ****     } return false;
  35:Core/Src/buttons.c **** }
 237              		.loc 1 35 1 view .LVU71
 238 0006 7047     		bx	lr
 239              	.L15:
  32:Core/Src/buttons.c ****         btt->btn_single = false;
 240              		.loc 1 32 9 is_stmt 1 view .LVU72
  32:Core/Src/buttons.c ****         btt->btn_single = false;
 241              		.loc 1 32 25 is_stmt 0 view .LVU73
 242 0008 0022     		movs	r2, #0
 243 000a DA74     		strb	r2, [r3, #19]
  33:Core/Src/buttons.c ****     } return false;
 244              		.loc 1 33 9 is_stmt 1 view .LVU74
  33:Core/Src/buttons.c ****     } return false;
 245              		.loc 1 33 16 is_stmt 0 view .LVU75
 246 000c FBE7     		b	.L14
 247              		.cfi_endproc
 248              	.LFE136:
 250              		.section	.text.isHold,"ax",%progbits
 251              		.align	1
 252              		.global	isHold
 253              		.syntax unified
 254              		.thumb
 255              		.thumb_func
 257              	isHold:
 258              	.LVL17:
 259              	.LFB137:
  36:Core/Src/buttons.c **** 
  37:Core/Src/buttons.c **** bool isHold(Button *btt){
 260              		.loc 1 37 25 is_stmt 1 view -0
 261              		.cfi_startproc
 262              		@ args = 0, pretend = 0, frame = 0
 263              		@ frame_needed = 0, uses_anonymous_args = 0
 264              		@ link register save eliminated.
  38:Core/Src/buttons.c ****     if(btt->btn_hold){
 265              		.loc 1 38 5 view .LVU77
  39:Core/Src/buttons.c ****         return true;
  40:Core/Src/buttons.c ****     } return false;
  41:Core/Src/buttons.c **** }...
ARM GAS  C:\Users\kroko\AppData\Local\Temp\ccJ35jB1.s 			page 7


 266              		.loc 1 41 1 is_stmt 0 view .LVU78
 267 0000 407C     		ldrb	r0, [r0, #17]	@ zero_extendqisi2
 268              	.LVL18:
 269              		.loc 1 41 1 view .LVU79
 270 0002 7047     		bx	lr
 271              		.cfi_endproc
 272              	.LFE137:
 274              		.text
 275              	.Letext0:
 276              		.file 2 "C:/Users/kroko/AppData/Roaming/Code/User/globalStorage/bmd.stm32-for-vscode/@xpack-dev-to
 277              		.file 3 "C:/Users/kroko/AppData/Roaming/Code/User/globalStorage/bmd.stm32-for-vscode/@xpack-dev-to
 278              		.file 4 "Drivers/CMSIS/Device/ST/STM32F4xx/Include/stm32f413xx.h"
 279              		.file 5 "Drivers/STM32F4xx_HAL_Driver/Inc/stm32f4xx_hal_gpio.h"
 280              		.file 6 "Core/Inc/buttons.h"
 281              		.file 7 "Drivers/STM32F4xx_HAL_Driver/Inc/stm32f4xx_hal.h"
 282              		.file 8 "Core/Inc/gpio.h"
ARM GAS  C:\Users\kroko\AppData\Local\Temp\ccJ35jB1.s 			page 8


DEFINED SYMBOLS
                            *ABS*:00000000 buttons.c
C:\Users\kroko\AppData\Local\Temp\ccJ35jB1.s:21     .text.init:00000000 $t
C:\Users\kroko\AppData\Local\Temp\ccJ35jB1.s:27     .text.init:00000000 init
C:\Users\kroko\AppData\Local\Temp\ccJ35jB1.s:59     .text.tick:00000000 $t
C:\Users\kroko\AppData\Local\Temp\ccJ35jB1.s:65     .text.tick:00000000 tick
C:\Users\kroko\AppData\Local\Temp\ccJ35jB1.s:214    .text.isClicked:00000000 $t
C:\Users\kroko\AppData\Local\Temp\ccJ35jB1.s:220    .text.isClicked:00000000 isClicked
C:\Users\kroko\AppData\Local\Temp\ccJ35jB1.s:251    .text.isHold:00000000 $t
C:\Users\kroko\AppData\Local\Temp\ccJ35jB1.s:257    .text.isHold:00000000 isHold

UNDEFINED SYMBOLS
gpio_SetGPIOmode_In
HAL_GPIO_ReadPin
HAL_GetTick
